[0.034s] Invoking command in '/home/tsi/ros2_study/build/my_first_packgae_msgs': CMAKE_PREFIX_PATH=${CMAKE_PREFIX_PATH}:/home/tsi/ros2_study/install/my_first_package:/opt/ros/humble /usr/bin/cmake --build /home/tsi/ros2_study/build/my_first_packgae_msgs -- -j12 -l12
[0.089s] -- Found ament_cmake: 1.3.11 (/opt/ros/humble/share/ament_cmake/cmake)
[0.286s] -- Found rosidl_default_generators: 1.2.0 (/opt/ros/humble/share/rosidl_default_generators/cmake)
[0.291s] -- Using all available rosidl_typesupport_c: rosidl_typesupport_fastrtps_c;rosidl_typesupport_introspection_c
[0.297s] -- Found rosidl_adapter: 3.1.6 (/opt/ros/humble/share/rosidl_adapter/cmake)
[0.332s] -- Using all available rosidl_typesupport_cpp: rosidl_typesupport_fastrtps_cpp;rosidl_typesupport_introspection_cpp
[2.005s] -- Found ament_cmake_ros: 0.10.0 (/opt/ros/humble/share/ament_cmake_ros/cmake)
[3.435s] -- Using all available rosidl_typesupport_c: rosidl_typesupport_fastrtps_c;rosidl_typesupport_introspection_c
[5.002s] -- Using all available rosidl_typesupport_cpp: rosidl_typesupport_fastrtps_cpp;rosidl_typesupport_introspection_cpp
[5.321s] -- Found python_cmake_module: 0.10.0 (/opt/ros/humble/share/python_cmake_module/cmake)
[5.479s] -- Using PYTHON_EXECUTABLE: /usr/bin/python3
[5.479s] -- Using PYTHON_INCLUDE_DIRS: /usr/include/python3.10
[5.479s] -- Using PYTHON_LIBRARIES: /usr/lib/x86_64-linux-gnu/libpython3.10.so
[5.993s] -- Found ament_lint_auto: 0.12.12 (/opt/ros/humble/share/ament_lint_auto/cmake)
[8.557s] -- Added test 'lint_cmake' to check CMake code style
[8.566s] -- Added test 'xmllint' to check XML markup files
[8.853s] -- Configuring done
[10.995s] -- Generating done
[11.246s] -- Build files have been written to: /home/tsi/ros2_study/build/my_first_packgae_msgs
[11.312s] [  2%] [34m[1mGenerating C code for ROS interfaces[0m
[11.410s] [  2%] Built target ament_cmake_python_copy_my_first_packgae_msgs
[11.417s] [  5%] [34m[1mGenerating C++ code for ROS interfaces[0m
[12.097s] [35m[1mConsolidate compiler generated dependencies of target my_first_packgae_msgs__rosidl_generator_c[0m
[12.160s] [  7%] [32mBuilding C object CMakeFiles/my_first_packgae_msgs__rosidl_generator_c.dir/rosidl_generator_c/my_first_packgae_msgs/msg/detail/cmd_and_pose_vel__functions.c.o[0m
[12.160s] [ 10%] [32mBuilding C object CMakeFiles/my_first_packgae_msgs__rosidl_generator_c.dir/rosidl_generator_c/my_first_packgae_msgs/srv/detail/multi_spawn__functions.c.o[0m
[12.378s] running egg_info
[12.379s] writing my_first_packgae_msgs.egg-info/PKG-INFO
[12.388s] writing dependency_links to my_first_packgae_msgs.egg-info/dependency_links.txt
[12.390s] writing top-level names to my_first_packgae_msgs.egg-info/top_level.txt
[12.469s] reading manifest file 'my_first_packgae_msgs.egg-info/SOURCES.txt'
[13.780s] [ 10%] Built target my_first_packgae_msgs__cpp
[13.797s] [ 12%] [34m[1mGenerating C++ type support for eProsima Fast-RTPS[0m
[13.799s] [ 15%] [34m[1mGenerating C++ type support dispatch for ROS interfaces[0m
[13.805s] [ 17%] [34m[1mGenerating C++ introspection for ROS interfaces[0m
[13.917s] writing manifest file 'my_first_packgae_msgs.egg-info/SOURCES.txt'
[14.180s] [ 17%] Built target ament_cmake_python_build_my_first_packgae_msgs_egg
[14.582s] [35m[1mConsolidate compiler generated dependencies of target my_first_packgae_msgs__rosidl_typesupport_cpp[0m
[14.612s] [ 20%] [32mBuilding CXX object CMakeFiles/my_first_packgae_msgs__rosidl_typesupport_cpp.dir/rosidl_typesupport_cpp/my_first_packgae_msgs/srv/multi_spawn__type_support.cpp.o[0m
[14.613s] [ 23%] [32mBuilding CXX object CMakeFiles/my_first_packgae_msgs__rosidl_typesupport_cpp.dir/rosidl_typesupport_cpp/my_first_packgae_msgs/msg/cmd_and_pose_vel__type_support.cpp.o[0m
[14.977s] [35m[1mConsolidate compiler generated dependencies of target my_first_packgae_msgs__rosidl_typesupport_fastrtps_cpp[0m
[15.028s] [ 25%] [32mBuilding CXX object CMakeFiles/my_first_packgae_msgs__rosidl_typesupport_fastrtps_cpp.dir/rosidl_typesupport_fastrtps_cpp/my_first_packgae_msgs/msg/detail/dds_fastrtps/cmd_and_pose_vel__type_support.cpp.o[0m
[15.031s] [ 28%] [32mBuilding CXX object CMakeFiles/my_first_packgae_msgs__rosidl_typesupport_fastrtps_cpp.dir/rosidl_typesupport_fastrtps_cpp/my_first_packgae_msgs/srv/detail/dds_fastrtps/multi_spawn__type_support.cpp.o[0m
[15.621s] [ 30%] [32m[1mLinking C shared library libmy_first_packgae_msgs__rosidl_generator_c.so[0m
[16.763s] [35m[1mConsolidate compiler generated dependencies of target my_first_packgae_msgs__rosidl_typesupport_introspection_cpp[0m
[16.801s] [ 33%] [32mBuilding CXX object CMakeFiles/my_first_packgae_msgs__rosidl_typesupport_introspection_cpp.dir/rosidl_typesupport_introspection_cpp/my_first_packgae_msgs/msg/detail/cmd_and_pose_vel__type_support.cpp.o[0m
[16.805s] [ 35%] [32mBuilding CXX object CMakeFiles/my_first_packgae_msgs__rosidl_typesupport_introspection_cpp.dir/rosidl_typesupport_introspection_cpp/my_first_packgae_msgs/srv/detail/multi_spawn__type_support.cpp.o[0m
[17.985s] [ 35%] Built target my_first_packgae_msgs__rosidl_generator_c
[18.003s] [ 38%] [34m[1mGenerating C type support for eProsima Fast-RTPS[0m
[18.003s] [ 41%] [34m[1mGenerating C type support dispatch for ROS interfaces[0m
[18.004s] [ 43%] [34m[1mGenerating C introspection for ROS interfaces[0m
[18.925s] [35m[1mConsolidate compiler generated dependencies of target my_first_packgae_msgs__rosidl_typesupport_c[0m
[18.925s] [35m[1mConsolidate compiler generated dependencies of target my_first_packgae_msgs__rosidl_typesupport_introspection_c[0m
[18.926s] [35m[1mConsolidate compiler generated dependencies of target my_first_packgae_msgs__rosidl_typesupport_fastrtps_c[0m
[18.952s] [ 46%] [32mBuilding CXX object CMakeFiles/my_first_packgae_msgs__rosidl_typesupport_c.dir/rosidl_typesupport_c/my_first_packgae_msgs/msg/cmd_and_pose_vel__type_support.cpp.o[0m
[18.960s] [ 48%] [32mBuilding C object CMakeFiles/my_first_packgae_msgs__rosidl_typesupport_introspection_c.dir/rosidl_typesupport_introspection_c/my_first_packgae_msgs/msg/detail/cmd_and_pose_vel__type_support.c.o[0m
[18.960s] [ 51%] [32mBuilding CXX object CMakeFiles/my_first_packgae_msgs__rosidl_typesupport_c.dir/rosidl_typesupport_c/my_first_packgae_msgs/srv/multi_spawn__type_support.cpp.o[0m
[18.966s] [ 53%] [32mBuilding C object CMakeFiles/my_first_packgae_msgs__rosidl_typesupport_introspection_c.dir/rosidl_typesupport_introspection_c/my_first_packgae_msgs/srv/detail/multi_spawn__type_support.c.o[0m
[18.970s] [ 56%] [32mBuilding CXX object CMakeFiles/my_first_packgae_msgs__rosidl_typesupport_fastrtps_c.dir/rosidl_typesupport_fastrtps_c/my_first_packgae_msgs/msg/detail/cmd_and_pose_vel__type_support_c.cpp.o[0m
[18.970s] [ 58%] [32mBuilding CXX object CMakeFiles/my_first_packgae_msgs__rosidl_typesupport_fastrtps_c.dir/rosidl_typesupport_fastrtps_c/my_first_packgae_msgs/srv/detail/multi_spawn__type_support_c.cpp.o[0m
[19.023s] [ 61%] [32m[1mLinking C shared library libmy_first_packgae_msgs__rosidl_typesupport_introspection_c.so[0m
[19.067s] [ 61%] Built target my_first_packgae_msgs__rosidl_typesupport_introspection_c
[19.482s] [ 64%] [32m[1mLinking CXX shared library libmy_first_packgae_msgs__rosidl_typesupport_c.so[0m
[19.486s] [ 66%] [32m[1mLinking CXX shared library libmy_first_packgae_msgs__rosidl_typesupport_cpp.so[0m
[19.599s] [ 69%] [32m[1mLinking CXX shared library libmy_first_packgae_msgs__rosidl_typesupport_fastrtps_c.so[0m
[19.651s] [ 71%] [32m[1mLinking CXX shared library libmy_first_packgae_msgs__rosidl_typesupport_introspection_cpp.so[0m
[19.680s] [ 74%] [32m[1mLinking CXX shared library libmy_first_packgae_msgs__rosidl_typesupport_fastrtps_cpp.so[0m
[20.108s] [ 74%] Built target my_first_packgae_msgs__rosidl_typesupport_c
[20.109s] [ 74%] Built target my_first_packgae_msgs__rosidl_typesupport_cpp
[20.110s] [ 74%] Built target my_first_packgae_msgs__rosidl_typesupport_fastrtps_c
[20.110s] [ 74%] Built target my_first_packgae_msgs__rosidl_typesupport_introspection_cpp
[20.111s] [ 74%] Built target my_first_packgae_msgs__rosidl_typesupport_fastrtps_cpp
[20.244s] [ 74%] Built target my_first_packgae_msgs
[20.372s] [ 76%] [34m[1mGenerating Python code for ROS interfaces[0m
[21.115s] [ 76%] Built target my_first_packgae_msgs__py
[21.143s] [35m[1mConsolidate compiler generated dependencies of target my_first_packgae_msgs__rosidl_generator_py[0m
[21.198s] [ 79%] [32mBuilding C object CMakeFiles/my_first_packgae_msgs__rosidl_generator_py.dir/rosidl_generator_py/my_first_packgae_msgs/srv/_multi_spawn_s.c.o[0m
[21.202s] [ 82%] [32mBuilding C object CMakeFiles/my_first_packgae_msgs__rosidl_generator_py.dir/rosidl_generator_py/my_first_packgae_msgs/msg/_cmd_and_pose_vel_s.c.o[0m
[22.441s] [ 84%] [32m[1mLinking C shared library rosidl_generator_py/my_first_packgae_msgs/libmy_first_packgae_msgs__rosidl_generator_py.so[0m
[22.633s] [ 84%] Built target my_first_packgae_msgs__rosidl_generator_py
[22.648s] [35m[1mConsolidate compiler generated dependencies of target my_first_packgae_msgs__rosidl_typesupport_introspection_c__pyext[0m
[22.661s] [35m[1mConsolidate compiler generated dependencies of target my_first_packgae_msgs__rosidl_typesupport_c__pyext[0m
[22.662s] [35m[1mConsolidate compiler generated dependencies of target my_first_packgae_msgs__rosidl_typesupport_fastrtps_c__pyext[0m
[22.680s] [ 87%] [32mBuilding C object CMakeFiles/my_first_packgae_msgs__rosidl_typesupport_c__pyext.dir/rosidl_generator_py/my_first_packgae_msgs/_my_first_packgae_msgs_s.ep.rosidl_typesupport_c.c.o[0m
[22.685s] [ 89%] [32mBuilding C object CMakeFiles/my_first_packgae_msgs__rosidl_typesupport_fastrtps_c__pyext.dir/rosidl_generator_py/my_first_packgae_msgs/_my_first_packgae_msgs_s.ep.rosidl_typesupport_fastrtps_c.c.o[0m
[22.687s] [ 92%] [32mBuilding C object CMakeFiles/my_first_packgae_msgs__rosidl_typesupport_introspection_c__pyext.dir/rosidl_generator_py/my_first_packgae_msgs/_my_first_packgae_msgs_s.ep.rosidl_typesupport_introspection_c.c.o[0m
[22.852s] [ 94%] [32m[1mLinking C shared library rosidl_generator_py/my_first_packgae_msgs/my_first_packgae_msgs_s__rosidl_typesupport_fastrtps_c.cpython-310-x86_64-linux-gnu.so[0m
[22.861s] [ 97%] [32m[1mLinking C shared library rosidl_generator_py/my_first_packgae_msgs/my_first_packgae_msgs_s__rosidl_typesupport_introspection_c.cpython-310-x86_64-linux-gnu.so[0m
[22.865s] [100%] [32m[1mLinking C shared library rosidl_generator_py/my_first_packgae_msgs/my_first_packgae_msgs_s__rosidl_typesupport_c.cpython-310-x86_64-linux-gnu.so[0m
[22.995s] [100%] Built target my_first_packgae_msgs__rosidl_typesupport_c__pyext
[22.995s] [100%] Built target my_first_packgae_msgs__rosidl_typesupport_introspection_c__pyext
[22.995s] [100%] Built target my_first_packgae_msgs__rosidl_typesupport_fastrtps_c__pyext
[23.019s] Invoked command in '/home/tsi/ros2_study/build/my_first_packgae_msgs' returned '0': CMAKE_PREFIX_PATH=${CMAKE_PREFIX_PATH}:/home/tsi/ros2_study/install/my_first_package:/opt/ros/humble /usr/bin/cmake --build /home/tsi/ros2_study/build/my_first_packgae_msgs -- -j12 -l12
[23.049s] Invoking command in '/home/tsi/ros2_study/build/my_first_packgae_msgs': CMAKE_PREFIX_PATH=${CMAKE_PREFIX_PATH}:/home/tsi/ros2_study/install/my_first_package:/opt/ros/humble /usr/bin/cmake --install /home/tsi/ros2_study/build/my_first_packgae_msgs
[23.070s] -- Install configuration: ""
[23.070s] -- Installing: /home/tsi/ros2_study/install/my_first_packgae_msgs/share/ament_index/resource_index/rosidl_interfaces/my_first_packgae_msgs
[23.070s] -- Up-to-date: /home/tsi/ros2_study/install/my_first_packgae_msgs/include/my_first_packgae_msgs/my_first_packgae_msgs
[23.070s] -- Up-to-date: /home/tsi/ros2_study/install/my_first_packgae_msgs/include/my_first_packgae_msgs/my_first_packgae_msgs/msg
[23.070s] -- Installing: /home/tsi/ros2_study/install/my_first_packgae_msgs/include/my_first_packgae_msgs/my_first_packgae_msgs/msg/cmd_and_pose_vel.h
[23.070s] -- Up-to-date: /home/tsi/ros2_study/install/my_first_packgae_msgs/include/my_first_packgae_msgs/my_first_packgae_msgs/msg/rosidl_generator_c__visibility_control.h
[23.071s] -- Up-to-date: /home/tsi/ros2_study/install/my_first_packgae_msgs/include/my_first_packgae_msgs/my_first_packgae_msgs/msg/detail
[23.071s] -- Installing: /home/tsi/ros2_study/install/my_first_packgae_msgs/include/my_first_packgae_msgs/my_first_packgae_msgs/msg/detail/cmd_and_pose_vel__struct.h
[23.071s] -- Installing: /home/tsi/ros2_study/install/my_first_packgae_msgs/include/my_first_packgae_msgs/my_first_packgae_msgs/msg/detail/cmd_and_pose_vel__functions.h
[23.071s] -- Installing: /home/tsi/ros2_study/install/my_first_packgae_msgs/include/my_first_packgae_msgs/my_first_packgae_msgs/msg/detail/cmd_and_pose_vel__type_support.h
[23.072s] -- Installing: /home/tsi/ros2_study/install/my_first_packgae_msgs/include/my_first_packgae_msgs/my_first_packgae_msgs/msg/detail/cmd_and_pose_vel__functions.c
[23.072s] -- Installing: /home/tsi/ros2_study/install/my_first_packgae_msgs/include/my_first_packgae_msgs/my_first_packgae_msgs/srv
[23.072s] -- Installing: /home/tsi/ros2_study/install/my_first_packgae_msgs/include/my_first_packgae_msgs/my_first_packgae_msgs/srv/multi_spawn.h
[23.072s] -- Installing: /home/tsi/ros2_study/install/my_first_packgae_msgs/include/my_first_packgae_msgs/my_first_packgae_msgs/srv/detail
[23.072s] -- Installing: /home/tsi/ros2_study/install/my_first_packgae_msgs/include/my_first_packgae_msgs/my_first_packgae_msgs/srv/detail/multi_spawn__functions.h
[23.072s] -- Installing: /home/tsi/ros2_study/install/my_first_packgae_msgs/include/my_first_packgae_msgs/my_first_packgae_msgs/srv/detail/multi_spawn__type_support.h
[23.072s] -- Installing: /home/tsi/ros2_study/install/my_first_packgae_msgs/include/my_first_packgae_msgs/my_first_packgae_msgs/srv/detail/multi_spawn__struct.h
[23.072s] -- Installing: /home/tsi/ros2_study/install/my_first_packgae_msgs/include/my_first_packgae_msgs/my_first_packgae_msgs/srv/detail/multi_spawn__functions.c
[23.072s] -- Up-to-date: /home/tsi/ros2_study/install/my_first_packgae_msgs/share/my_first_packgae_msgs/environment/library_path.sh
[23.073s] -- Installing: /home/tsi/ros2_study/install/my_first_packgae_msgs/share/my_first_packgae_msgs/environment/library_path.dsv
[23.073s] -- Installing: /home/tsi/ros2_study/install/my_first_packgae_msgs/lib/libmy_first_packgae_msgs__rosidl_generator_c.so
[23.074s] -- Set runtime path of "/home/tsi/ros2_study/install/my_first_packgae_msgs/lib/libmy_first_packgae_msgs__rosidl_generator_c.so" to ""
[23.074s] -- Up-to-date: /home/tsi/ros2_study/install/my_first_packgae_msgs/include/my_first_packgae_msgs/my_first_packgae_msgs
[23.074s] -- Up-to-date: /home/tsi/ros2_study/install/my_first_packgae_msgs/include/my_first_packgae_msgs/my_first_packgae_msgs/msg
[23.074s] -- Up-to-date: /home/tsi/ros2_study/install/my_first_packgae_msgs/include/my_first_packgae_msgs/my_first_packgae_msgs/msg/rosidl_typesupport_fastrtps_c__visibility_control.h
[23.074s] -- Up-to-date: /home/tsi/ros2_study/install/my_first_packgae_msgs/include/my_first_packgae_msgs/my_first_packgae_msgs/msg/detail
[23.075s] -- Installing: /home/tsi/ros2_study/install/my_first_packgae_msgs/include/my_first_packgae_msgs/my_first_packgae_msgs/msg/detail/cmd_and_pose_vel__rosidl_typesupport_fastrtps_c.h
[23.075s] -- Up-to-date: /home/tsi/ros2_study/install/my_first_packgae_msgs/include/my_first_packgae_msgs/my_first_packgae_msgs/srv
[23.075s] -- Up-to-date: /home/tsi/ros2_study/install/my_first_packgae_msgs/include/my_first_packgae_msgs/my_first_packgae_msgs/srv/detail
[23.075s] -- Installing: /home/tsi/ros2_study/install/my_first_packgae_msgs/include/my_first_packgae_msgs/my_first_packgae_msgs/srv/detail/multi_spawn__rosidl_typesupport_fastrtps_c.h
[23.075s] -- Installing: /home/tsi/ros2_study/install/my_first_packgae_msgs/lib/libmy_first_packgae_msgs__rosidl_typesupport_fastrtps_c.so
[23.076s] -- Set runtime path of "/home/tsi/ros2_study/install/my_first_packgae_msgs/lib/libmy_first_packgae_msgs__rosidl_typesupport_fastrtps_c.so" to ""
[23.076s] -- Up-to-date: /home/tsi/ros2_study/install/my_first_packgae_msgs/include/my_first_packgae_msgs/my_first_packgae_msgs
[23.076s] -- Up-to-date: /home/tsi/ros2_study/install/my_first_packgae_msgs/include/my_first_packgae_msgs/my_first_packgae_msgs/msg
[23.077s] -- Up-to-date: /home/tsi/ros2_study/install/my_first_packgae_msgs/include/my_first_packgae_msgs/my_first_packgae_msgs/msg/rosidl_typesupport_introspection_c__visibility_control.h
[23.077s] -- Up-to-date: /home/tsi/ros2_study/install/my_first_packgae_msgs/include/my_first_packgae_msgs/my_first_packgae_msgs/msg/detail
[23.077s] -- Installing: /home/tsi/ros2_study/install/my_first_packgae_msgs/include/my_first_packgae_msgs/my_first_packgae_msgs/msg/detail/cmd_and_pose_vel__rosidl_typesupport_introspection_c.h
[23.077s] -- Installing: /home/tsi/ros2_study/install/my_first_packgae_msgs/include/my_first_packgae_msgs/my_first_packgae_msgs/msg/detail/cmd_and_pose_vel__type_support.c
[23.077s] -- Up-to-date: /home/tsi/ros2_study/install/my_first_packgae_msgs/include/my_first_packgae_msgs/my_first_packgae_msgs/srv
[23.078s] -- Up-to-date: /home/tsi/ros2_study/install/my_first_packgae_msgs/include/my_first_packgae_msgs/my_first_packgae_msgs/srv/detail
[23.078s] -- Installing: /home/tsi/ros2_study/install/my_first_packgae_msgs/include/my_first_packgae_msgs/my_first_packgae_msgs/srv/detail/multi_spawn__rosidl_typesupport_introspection_c.h
[23.078s] -- Installing: /home/tsi/ros2_study/install/my_first_packgae_msgs/include/my_first_packgae_msgs/my_first_packgae_msgs/srv/detail/multi_spawn__type_support.c
[23.078s] -- Installing: /home/tsi/ros2_study/install/my_first_packgae_msgs/lib/libmy_first_packgae_msgs__rosidl_typesupport_introspection_c.so
[23.079s] -- Set runtime path of "/home/tsi/ros2_study/install/my_first_packgae_msgs/lib/libmy_first_packgae_msgs__rosidl_typesupport_introspection_c.so" to ""
[23.079s] -- Installing: /home/tsi/ros2_study/install/my_first_packgae_msgs/lib/libmy_first_packgae_msgs__rosidl_typesupport_c.so
[23.080s] -- Set runtime path of "/home/tsi/ros2_study/install/my_first_packgae_msgs/lib/libmy_first_packgae_msgs__rosidl_typesupport_c.so" to ""
[23.080s] -- Up-to-date: /home/tsi/ros2_study/install/my_first_packgae_msgs/include/my_first_packgae_msgs/my_first_packgae_msgs
[23.080s] -- Up-to-date: /home/tsi/ros2_study/install/my_first_packgae_msgs/include/my_first_packgae_msgs/my_first_packgae_msgs/msg
[23.081s] -- Up-to-date: /home/tsi/ros2_study/install/my_first_packgae_msgs/include/my_first_packgae_msgs/my_first_packgae_msgs/msg/rosidl_generator_cpp__visibility_control.hpp
[23.081s] -- Installing: /home/tsi/ros2_study/install/my_first_packgae_msgs/include/my_first_packgae_msgs/my_first_packgae_msgs/msg/cmd_and_pose_vel.hpp
[23.082s] -- Up-to-date: /home/tsi/ros2_study/install/my_first_packgae_msgs/include/my_first_packgae_msgs/my_first_packgae_msgs/msg/detail
[23.082s] -- Installing: /home/tsi/ros2_study/install/my_first_packgae_msgs/include/my_first_packgae_msgs/my_first_packgae_msgs/msg/detail/cmd_and_pose_vel__builder.hpp
[23.082s] -- Installing: /home/tsi/ros2_study/install/my_first_packgae_msgs/include/my_first_packgae_msgs/my_first_packgae_msgs/msg/detail/cmd_and_pose_vel__type_support.hpp
[23.082s] -- Installing: /home/tsi/ros2_study/install/my_first_packgae_msgs/include/my_first_packgae_msgs/my_first_packgae_msgs/msg/detail/cmd_and_pose_vel__struct.hpp
[23.083s] -- Installing: /home/tsi/ros2_study/install/my_first_packgae_msgs/include/my_first_packgae_msgs/my_first_packgae_msgs/msg/detail/cmd_and_pose_vel__traits.hpp
[23.083s] -- Up-to-date: /home/tsi/ros2_study/install/my_first_packgae_msgs/include/my_first_packgae_msgs/my_first_packgae_msgs/srv
[23.083s] -- Installing: /home/tsi/ros2_study/install/my_first_packgae_msgs/include/my_first_packgae_msgs/my_first_packgae_msgs/srv/multi_spawn.hpp
[23.084s] -- Up-to-date: /home/tsi/ros2_study/install/my_first_packgae_msgs/include/my_first_packgae_msgs/my_first_packgae_msgs/srv/detail
[23.084s] -- Installing: /home/tsi/ros2_study/install/my_first_packgae_msgs/include/my_first_packgae_msgs/my_first_packgae_msgs/srv/detail/multi_spawn__struct.hpp
[23.084s] -- Installing: /home/tsi/ros2_study/install/my_first_packgae_msgs/include/my_first_packgae_msgs/my_first_packgae_msgs/srv/detail/multi_spawn__type_support.hpp
[23.084s] -- Installing: /home/tsi/ros2_study/install/my_first_packgae_msgs/include/my_first_packgae_msgs/my_first_packgae_msgs/srv/detail/multi_spawn__traits.hpp
[23.085s] -- Installing: /home/tsi/ros2_study/install/my_first_packgae_msgs/include/my_first_packgae_msgs/my_first_packgae_msgs/srv/detail/multi_spawn__builder.hpp
[23.085s] -- Up-to-date: /home/tsi/ros2_study/install/my_first_packgae_msgs/include/my_first_packgae_msgs/my_first_packgae_msgs
[23.085s] -- Up-to-date: /home/tsi/ros2_study/install/my_first_packgae_msgs/include/my_first_packgae_msgs/my_first_packgae_msgs/msg
[23.086s] -- Up-to-date: /home/tsi/ros2_study/install/my_first_packgae_msgs/include/my_first_packgae_msgs/my_first_packgae_msgs/msg/rosidl_typesupport_fastrtps_cpp__visibility_control.h
[23.086s] -- Up-to-date: /home/tsi/ros2_study/install/my_first_packgae_msgs/include/my_first_packgae_msgs/my_first_packgae_msgs/msg/detail
[23.086s] -- Installing: /home/tsi/ros2_study/install/my_first_packgae_msgs/include/my_first_packgae_msgs/my_first_packgae_msgs/msg/detail/cmd_and_pose_vel__rosidl_typesupport_fastrtps_cpp.hpp
[23.087s] -- Up-to-date: /home/tsi/ros2_study/install/my_first_packgae_msgs/include/my_first_packgae_msgs/my_first_packgae_msgs/msg/detail/dds_fastrtps
[23.087s] -- Up-to-date: /home/tsi/ros2_study/install/my_first_packgae_msgs/include/my_first_packgae_msgs/my_first_packgae_msgs/srv
[23.087s] -- Up-to-date: /home/tsi/ros2_study/install/my_first_packgae_msgs/include/my_first_packgae_msgs/my_first_packgae_msgs/srv/detail
[23.088s] -- Installing: /home/tsi/ros2_study/install/my_first_packgae_msgs/include/my_first_packgae_msgs/my_first_packgae_msgs/srv/detail/dds_fastrtps
[23.088s] -- Installing: /home/tsi/ros2_study/install/my_first_packgae_msgs/include/my_first_packgae_msgs/my_first_packgae_msgs/srv/detail/multi_spawn__rosidl_typesupport_fastrtps_cpp.hpp
[23.088s] -- Installing: /home/tsi/ros2_study/install/my_first_packgae_msgs/lib/libmy_first_packgae_msgs__rosidl_typesupport_fastrtps_cpp.so
[23.088s] -- Set runtime path of "/home/tsi/ros2_study/install/my_first_packgae_msgs/lib/libmy_first_packgae_msgs__rosidl_typesupport_fastrtps_cpp.so" to ""
[23.089s] -- Up-to-date: /home/tsi/ros2_study/install/my_first_packgae_msgs/include/my_first_packgae_msgs/my_first_packgae_msgs
[23.089s] -- Up-to-date: /home/tsi/ros2_study/install/my_first_packgae_msgs/include/my_first_packgae_msgs/my_first_packgae_msgs/msg
[23.089s] -- Up-to-date: /home/tsi/ros2_study/install/my_first_packgae_msgs/include/my_first_packgae_msgs/my_first_packgae_msgs/msg/detail
[23.089s] -- Installing: /home/tsi/ros2_study/install/my_first_packgae_msgs/include/my_first_packgae_msgs/my_first_packgae_msgs/msg/detail/cmd_and_pose_vel__rosidl_typesupport_introspection_cpp.hpp
[23.089s] -- Installing: /home/tsi/ros2_study/install/my_first_packgae_msgs/include/my_first_packgae_msgs/my_first_packgae_msgs/msg/detail/cmd_and_pose_vel__type_support.cpp
[23.090s] -- Up-to-date: /home/tsi/ros2_study/install/my_first_packgae_msgs/include/my_first_packgae_msgs/my_first_packgae_msgs/srv
[23.090s] -- Up-to-date: /home/tsi/ros2_study/install/my_first_packgae_msgs/include/my_first_packgae_msgs/my_first_packgae_msgs/srv/detail
[23.090s] -- Installing: /home/tsi/ros2_study/install/my_first_packgae_msgs/include/my_first_packgae_msgs/my_first_packgae_msgs/srv/detail/multi_spawn__rosidl_typesupport_introspection_cpp.hpp
[23.090s] -- Installing: /home/tsi/ros2_study/install/my_first_packgae_msgs/include/my_first_packgae_msgs/my_first_packgae_msgs/srv/detail/multi_spawn__type_support.cpp
[23.090s] -- Installing: /home/tsi/ros2_study/install/my_first_packgae_msgs/lib/libmy_first_packgae_msgs__rosidl_typesupport_introspection_cpp.so
[23.091s] -- Set runtime path of "/home/tsi/ros2_study/install/my_first_packgae_msgs/lib/libmy_first_packgae_msgs__rosidl_typesupport_introspection_cpp.so" to ""
[23.091s] -- Installing: /home/tsi/ros2_study/install/my_first_packgae_msgs/lib/libmy_first_packgae_msgs__rosidl_typesupport_cpp.so
[23.092s] -- Set runtime path of "/home/tsi/ros2_study/install/my_first_packgae_msgs/lib/libmy_first_packgae_msgs__rosidl_typesupport_cpp.so" to ""
[23.092s] -- Up-to-date: /home/tsi/ros2_study/install/my_first_packgae_msgs/share/my_first_packgae_msgs/environment/pythonpath.sh
[23.093s] -- Installing: /home/tsi/ros2_study/install/my_first_packgae_msgs/share/my_first_packgae_msgs/environment/pythonpath.dsv
[23.093s] -- Up-to-date: /home/tsi/ros2_study/install/my_first_packgae_msgs/local/lib/python3.10/dist-packages/my_first_packgae_msgs-0.0.0-py3.10.egg-info
[23.093s] -- Installing: /home/tsi/ros2_study/install/my_first_packgae_msgs/local/lib/python3.10/dist-packages/my_first_packgae_msgs-0.0.0-py3.10.egg-info/PKG-INFO
[23.093s] -- Installing: /home/tsi/ros2_study/install/my_first_packgae_msgs/local/lib/python3.10/dist-packages/my_first_packgae_msgs-0.0.0-py3.10.egg-info/top_level.txt
[23.093s] -- Installing: /home/tsi/ros2_study/install/my_first_packgae_msgs/local/lib/python3.10/dist-packages/my_first_packgae_msgs-0.0.0-py3.10.egg-info/SOURCES.txt
[23.094s] -- Installing: /home/tsi/ros2_study/install/my_first_packgae_msgs/local/lib/python3.10/dist-packages/my_first_packgae_msgs-0.0.0-py3.10.egg-info/dependency_links.txt
[23.094s] -- Up-to-date: /home/tsi/ros2_study/install/my_first_packgae_msgs/local/lib/python3.10/dist-packages/my_first_packgae_msgs
[23.095s] -- Installing: /home/tsi/ros2_study/install/my_first_packgae_msgs/local/lib/python3.10/dist-packages/my_first_packgae_msgs/my_first_packgae_msgs_s__rosidl_typesupport_c.cpython-310-x86_64-linux-gnu.so
[23.095s] -- Installing: /home/tsi/ros2_study/install/my_first_packgae_msgs/local/lib/python3.10/dist-packages/my_first_packgae_msgs/my_first_packgae_msgs_s__rosidl_typesupport_introspection_c.cpython-310-x86_64-linux-gnu.so
[23.095s] -- Up-to-date: /home/tsi/ros2_study/install/my_first_packgae_msgs/local/lib/python3.10/dist-packages/my_first_packgae_msgs/msg
[23.095s] -- Installing: /home/tsi/ros2_study/install/my_first_packgae_msgs/local/lib/python3.10/dist-packages/my_first_packgae_msgs/msg/_cmd_and_pose_vel_s.c
[23.096s] -- Installing: /home/tsi/ros2_study/install/my_first_packgae_msgs/local/lib/python3.10/dist-packages/my_first_packgae_msgs/msg/__init__.py
[23.096s] -- Installing: /home/tsi/ros2_study/install/my_first_packgae_msgs/local/lib/python3.10/dist-packages/my_first_packgae_msgs/msg/_cmd_and_pose_vel.py
[23.096s] -- Installing: /home/tsi/ros2_study/install/my_first_packgae_msgs/local/lib/python3.10/dist-packages/my_first_packgae_msgs/_my_first_packgae_msgs_s.ep.rosidl_typesupport_c.c
[23.096s] -- Installing: /home/tsi/ros2_study/install/my_first_packgae_msgs/local/lib/python3.10/dist-packages/my_first_packgae_msgs/_my_first_packgae_msgs_s.ep.rosidl_typesupport_introspection_c.c
[23.096s] -- Installing: /home/tsi/ros2_study/install/my_first_packgae_msgs/local/lib/python3.10/dist-packages/my_first_packgae_msgs/__init__.py
[23.097s] -- Installing: /home/tsi/ros2_study/install/my_first_packgae_msgs/local/lib/python3.10/dist-packages/my_first_packgae_msgs/my_first_packgae_msgs_s__rosidl_typesupport_fastrtps_c.cpython-310-x86_64-linux-gnu.so
[23.097s] -- Installing: /home/tsi/ros2_study/install/my_first_packgae_msgs/local/lib/python3.10/dist-packages/my_first_packgae_msgs/_my_first_packgae_msgs_s.ep.rosidl_typesupport_fastrtps_c.c
[23.097s] -- Installing: /home/tsi/ros2_study/install/my_first_packgae_msgs/local/lib/python3.10/dist-packages/my_first_packgae_msgs/libmy_first_packgae_msgs__rosidl_generator_py.so
[23.097s] -- Installing: /home/tsi/ros2_study/install/my_first_packgae_msgs/local/lib/python3.10/dist-packages/my_first_packgae_msgs/srv
[23.098s] -- Installing: /home/tsi/ros2_study/install/my_first_packgae_msgs/local/lib/python3.10/dist-packages/my_first_packgae_msgs/srv/_multi_spawn.py
[23.098s] -- Installing: /home/tsi/ros2_study/install/my_first_packgae_msgs/local/lib/python3.10/dist-packages/my_first_packgae_msgs/srv/__init__.py
[23.098s] -- Installing: /home/tsi/ros2_study/install/my_first_packgae_msgs/local/lib/python3.10/dist-packages/my_first_packgae_msgs/srv/_multi_spawn_s.c
[23.395s] Listing '/home/tsi/ros2_study/install/my_first_packgae_msgs/local/lib/python3.10/dist-packages/my_first_packgae_msgs'...
[23.395s] Compiling '/home/tsi/ros2_study/install/my_first_packgae_msgs/local/lib/python3.10/dist-packages/my_first_packgae_msgs/__init__.py'...
[23.395s] Listing '/home/tsi/ros2_study/install/my_first_packgae_msgs/local/lib/python3.10/dist-packages/my_first_packgae_msgs/msg'...
[23.396s] Compiling '/home/tsi/ros2_study/install/my_first_packgae_msgs/local/lib/python3.10/dist-packages/my_first_packgae_msgs/msg/__init__.py'...
[23.396s] Compiling '/home/tsi/ros2_study/install/my_first_packgae_msgs/local/lib/python3.10/dist-packages/my_first_packgae_msgs/msg/_cmd_and_pose_vel.py'...
[23.396s] Listing '/home/tsi/ros2_study/install/my_first_packgae_msgs/local/lib/python3.10/dist-packages/my_first_packgae_msgs/srv'...
[23.396s] Compiling '/home/tsi/ros2_study/install/my_first_packgae_msgs/local/lib/python3.10/dist-packages/my_first_packgae_msgs/srv/__init__.py'...
[23.397s] Compiling '/home/tsi/ros2_study/install/my_first_packgae_msgs/local/lib/python3.10/dist-packages/my_first_packgae_msgs/srv/_multi_spawn.py'...
[23.403s] -- Installing: /home/tsi/ros2_study/install/my_first_packgae_msgs/local/lib/python3.10/dist-packages/my_first_packgae_msgs/my_first_packgae_msgs_s__rosidl_typesupport_fastrtps_c.cpython-310-x86_64-linux-gnu.so
[23.405s] -- Set runtime path of "/home/tsi/ros2_study/install/my_first_packgae_msgs/local/lib/python3.10/dist-packages/my_first_packgae_msgs/my_first_packgae_msgs_s__rosidl_typesupport_fastrtps_c.cpython-310-x86_64-linux-gnu.so" to ""
[23.405s] -- Installing: /home/tsi/ros2_study/install/my_first_packgae_msgs/local/lib/python3.10/dist-packages/my_first_packgae_msgs/my_first_packgae_msgs_s__rosidl_typesupport_introspection_c.cpython-310-x86_64-linux-gnu.so
[23.407s] -- Set runtime path of "/home/tsi/ros2_study/install/my_first_packgae_msgs/local/lib/python3.10/dist-packages/my_first_packgae_msgs/my_first_packgae_msgs_s__rosidl_typesupport_introspection_c.cpython-310-x86_64-linux-gnu.so" to ""
[23.407s] -- Installing: /home/tsi/ros2_study/install/my_first_packgae_msgs/local/lib/python3.10/dist-packages/my_first_packgae_msgs/my_first_packgae_msgs_s__rosidl_typesupport_c.cpython-310-x86_64-linux-gnu.so
[23.408s] -- Set runtime path of "/home/tsi/ros2_study/install/my_first_packgae_msgs/local/lib/python3.10/dist-packages/my_first_packgae_msgs/my_first_packgae_msgs_s__rosidl_typesupport_c.cpython-310-x86_64-linux-gnu.so" to ""
[23.666s] -- Installing: /home/tsi/ros2_study/install/my_first_packgae_msgs/lib/libmy_first_packgae_msgs__rosidl_generator_py.so
[23.667s] -- Set runtime path of "/home/tsi/ros2_study/install/my_first_packgae_msgs/lib/libmy_first_packgae_msgs__rosidl_generator_py.so" to ""
[23.667s] -- Up-to-date: /home/tsi/ros2_study/install/my_first_packgae_msgs/share/my_first_packgae_msgs/msg/CmdAndPoseVel.idl
[23.668s] -- Installing: /home/tsi/ros2_study/install/my_first_packgae_msgs/share/my_first_packgae_msgs/srv/MultiSpawn.idl
[23.668s] -- Up-to-date: /home/tsi/ros2_study/install/my_first_packgae_msgs/share/my_first_packgae_msgs/msg/CmdAndPoseVel.msg
[23.668s] -- Installing: /home/tsi/ros2_study/install/my_first_packgae_msgs/share/my_first_packgae_msgs/srv/MultiSpawn.srv
[23.668s] -- Installing: /home/tsi/ros2_study/install/my_first_packgae_msgs/share/my_first_packgae_msgs/srv/MultiSpawn_Request.msg
[23.669s] -- Installing: /home/tsi/ros2_study/install/my_first_packgae_msgs/share/my_first_packgae_msgs/srv/MultiSpawn_Response.msg
[23.669s] -- Up-to-date: /home/tsi/ros2_study/install/my_first_packgae_msgs/share/ament_index/resource_index/package_run_dependencies/my_first_packgae_msgs
[23.669s] -- Installing: /home/tsi/ros2_study/install/my_first_packgae_msgs/share/ament_index/resource_index/parent_prefix_path/my_first_packgae_msgs
[23.670s] -- Up-to-date: /home/tsi/ros2_study/install/my_first_packgae_msgs/share/my_first_packgae_msgs/environment/ament_prefix_path.sh
[23.670s] -- Installing: /home/tsi/ros2_study/install/my_first_packgae_msgs/share/my_first_packgae_msgs/environment/ament_prefix_path.dsv
[23.670s] -- Up-to-date: /home/tsi/ros2_study/install/my_first_packgae_msgs/share/my_first_packgae_msgs/environment/path.sh
[23.670s] -- Installing: /home/tsi/ros2_study/install/my_first_packgae_msgs/share/my_first_packgae_msgs/environment/path.dsv
[23.671s] -- Up-to-date: /home/tsi/ros2_study/install/my_first_packgae_msgs/share/my_first_packgae_msgs/local_setup.bash
[23.671s] -- Up-to-date: /home/tsi/ros2_study/install/my_first_packgae_msgs/share/my_first_packgae_msgs/local_setup.sh
[23.671s] -- Up-to-date: /home/tsi/ros2_study/install/my_first_packgae_msgs/share/my_first_packgae_msgs/local_setup.zsh
[23.671s] -- Installing: /home/tsi/ros2_study/install/my_first_packgae_msgs/share/my_first_packgae_msgs/local_setup.dsv
[23.671s] -- Installing: /home/tsi/ros2_study/install/my_first_packgae_msgs/share/my_first_packgae_msgs/package.dsv
[23.672s] -- Up-to-date: /home/tsi/ros2_study/install/my_first_packgae_msgs/share/ament_index/resource_index/packages/my_first_packgae_msgs
[23.737s] -- Up-to-date: /home/tsi/ros2_study/install/my_first_packgae_msgs/share/my_first_packgae_msgs/cmake/export_my_first_packgae_msgs__rosidl_generator_cExport.cmake
[23.737s] -- Up-to-date: /home/tsi/ros2_study/install/my_first_packgae_msgs/share/my_first_packgae_msgs/cmake/export_my_first_packgae_msgs__rosidl_generator_cExport-noconfig.cmake
[23.780s] -- Up-to-date: /home/tsi/ros2_study/install/my_first_packgae_msgs/share/my_first_packgae_msgs/cmake/export_my_first_packgae_msgs__rosidl_typesupport_fastrtps_cExport.cmake
[23.780s] -- Up-to-date: /home/tsi/ros2_study/install/my_first_packgae_msgs/share/my_first_packgae_msgs/cmake/export_my_first_packgae_msgs__rosidl_typesupport_fastrtps_cExport-noconfig.cmake
[23.833s] -- Up-to-date: /home/tsi/ros2_study/install/my_first_packgae_msgs/share/my_first_packgae_msgs/cmake/my_first_packgae_msgs__rosidl_typesupport_introspection_cExport.cmake
[23.833s] -- Up-to-date: /home/tsi/ros2_study/install/my_first_packgae_msgs/share/my_first_packgae_msgs/cmake/my_first_packgae_msgs__rosidl_typesupport_introspection_cExport-noconfig.cmake
[23.866s] -- Up-to-date: /home/tsi/ros2_study/install/my_first_packgae_msgs/share/my_first_packgae_msgs/cmake/my_first_packgae_msgs__rosidl_typesupport_cExport.cmake
[23.866s] -- Up-to-date: /home/tsi/ros2_study/install/my_first_packgae_msgs/share/my_first_packgae_msgs/cmake/my_first_packgae_msgs__rosidl_typesupport_cExport-noconfig.cmake
[23.866s] -- Up-to-date: /home/tsi/ros2_study/install/my_first_packgae_msgs/share/my_first_packgae_msgs/cmake/export_my_first_packgae_msgs__rosidl_generator_cppExport.cmake
[23.913s] -- Up-to-date: /home/tsi/ros2_study/install/my_first_packgae_msgs/share/my_first_packgae_msgs/cmake/export_my_first_packgae_msgs__rosidl_typesupport_fastrtps_cppExport.cmake
[23.913s] -- Up-to-date: /home/tsi/ros2_study/install/my_first_packgae_msgs/share/my_first_packgae_msgs/cmake/export_my_first_packgae_msgs__rosidl_typesupport_fastrtps_cppExport-noconfig.cmake
[23.976s] -- Up-to-date: /home/tsi/ros2_study/install/my_first_packgae_msgs/share/my_first_packgae_msgs/cmake/my_first_packgae_msgs__rosidl_typesupport_introspection_cppExport.cmake
[23.976s] -- Up-to-date: /home/tsi/ros2_study/install/my_first_packgae_msgs/share/my_first_packgae_msgs/cmake/my_first_packgae_msgs__rosidl_typesupport_introspection_cppExport-noconfig.cmake
[23.977s] -- Up-to-date: /home/tsi/ros2_study/install/my_first_packgae_msgs/share/my_first_packgae_msgs/cmake/my_first_packgae_msgs__rosidl_typesupport_cppExport.cmake
[23.977s] -- Up-to-date: /home/tsi/ros2_study/install/my_first_packgae_msgs/share/my_first_packgae_msgs/cmake/my_first_packgae_msgs__rosidl_typesupport_cppExport-noconfig.cmake
[23.977s] -- Up-to-date: /home/tsi/ros2_study/install/my_first_packgae_msgs/share/my_first_packgae_msgs/cmake/export_my_first_packgae_msgs__rosidl_generator_pyExport.cmake
[23.977s] -- Up-to-date: /home/tsi/ros2_study/install/my_first_packgae_msgs/share/my_first_packgae_msgs/cmake/export_my_first_packgae_msgs__rosidl_generator_pyExport-noconfig.cmake
[23.978s] -- Installing: /home/tsi/ros2_study/install/my_first_packgae_msgs/share/my_first_packgae_msgs/cmake/rosidl_cmake-extras.cmake
[23.978s] -- Up-to-date: /home/tsi/ros2_study/install/my_first_packgae_msgs/share/my_first_packgae_msgs/cmake/ament_cmake_export_include_directories-extras.cmake
[23.978s] -- Up-to-date: /home/tsi/ros2_study/install/my_first_packgae_msgs/share/my_first_packgae_msgs/cmake/ament_cmake_export_libraries-extras.cmake
[23.978s] -- Up-to-date: /home/tsi/ros2_study/install/my_first_packgae_msgs/share/my_first_packgae_msgs/cmake/ament_cmake_export_targets-extras.cmake
[23.978s] -- Up-to-date: /home/tsi/ros2_study/install/my_first_packgae_msgs/share/my_first_packgae_msgs/cmake/rosidl_cmake_export_typesupport_targets-extras.cmake
[23.978s] -- Up-to-date: /home/tsi/ros2_study/install/my_first_packgae_msgs/share/my_first_packgae_msgs/cmake/ament_cmake_export_dependencies-extras.cmake
[23.978s] -- Up-to-date: /home/tsi/ros2_study/install/my_first_packgae_msgs/share/my_first_packgae_msgs/cmake/rosidl_cmake_export_typesupport_libraries-extras.cmake
[23.979s] -- Up-to-date: /home/tsi/ros2_study/install/my_first_packgae_msgs/share/my_first_packgae_msgs/cmake/my_first_packgae_msgsConfig.cmake
[23.979s] -- Up-to-date: /home/tsi/ros2_study/install/my_first_packgae_msgs/share/my_first_packgae_msgs/cmake/my_first_packgae_msgsConfig-version.cmake
[23.979s] -- Up-to-date: /home/tsi/ros2_study/install/my_first_packgae_msgs/share/my_first_packgae_msgs/package.xml
[23.997s] Invoked command in '/home/tsi/ros2_study/build/my_first_packgae_msgs' returned '0': CMAKE_PREFIX_PATH=${CMAKE_PREFIX_PATH}:/home/tsi/ros2_study/install/my_first_package:/opt/ros/humble /usr/bin/cmake --install /home/tsi/ros2_study/build/my_first_packgae_msgs
