[0.295s] Invoking command in '/home/tsi/ros2_study/build/my_first_packgae_msgs': CMAKE_PREFIX_PATH=${CMAKE_PREFIX_PATH}:/home/tsi/ros2_study/install/my_first_package:/opt/ros/humble /usr/bin/cmake --build /home/tsi/ros2_study/build/my_first_packgae_msgs -- -j12 -l12
[0.402s] [  2%] Built target my_first_packgae_msgs__cpp
[0.414s] [ 12%] Built target my_first_packgae_msgs__rosidl_generator_c
[0.429s] [ 23%] Built target my_first_packgae_msgs__rosidl_typesupport_cpp
[0.429s] [ 23%] Built target ament_cmake_python_copy_my_first_packgae_msgs
[0.433s] [ 33%] Built target my_first_packgae_msgs__rosidl_typesupport_introspection_cpp
[0.444s] [ 43%] Built target my_first_packgae_msgs__rosidl_typesupport_c
[0.450s] [ 53%] Built target my_first_packgae_msgs__rosidl_typesupport_fastrtps_cpp
[0.451s] [ 64%] Built target my_first_packgae_msgs__rosidl_typesupport_fastrtps_c
[0.451s] [ 74%] Built target my_first_packgae_msgs__rosidl_typesupport_introspection_c
[0.477s] [ 74%] Built target my_first_packgae_msgs
[0.521s] [ 76%] Built target my_first_packgae_msgs__py
[0.572s] [ 84%] Built target my_first_packgae_msgs__rosidl_generator_py
[0.603s] [ 89%] Built target my_first_packgae_msgs__rosidl_typesupport_fastrtps_c__pyext
[0.612s] [ 94%] Built target my_first_packgae_msgs__rosidl_typesupport_introspection_c__pyext
[0.616s] [100%] Built target my_first_packgae_msgs__rosidl_typesupport_c__pyext
[0.681s] running egg_info
[0.682s] writing my_first_packgae_msgs.egg-info/PKG-INFO
[0.682s] writing dependency_links to my_first_packgae_msgs.egg-info/dependency_links.txt
[0.683s] writing top-level names to my_first_packgae_msgs.egg-info/top_level.txt
[0.685s] reading manifest file 'my_first_packgae_msgs.egg-info/SOURCES.txt'
[0.686s] writing manifest file 'my_first_packgae_msgs.egg-info/SOURCES.txt'
[0.721s] [100%] Built target ament_cmake_python_build_my_first_packgae_msgs_egg
[0.751s] Invoked command in '/home/tsi/ros2_study/build/my_first_packgae_msgs' returned '0': CMAKE_PREFIX_PATH=${CMAKE_PREFIX_PATH}:/home/tsi/ros2_study/install/my_first_package:/opt/ros/humble /usr/bin/cmake --build /home/tsi/ros2_study/build/my_first_packgae_msgs -- -j12 -l12
[0.772s] Invoking command in '/home/tsi/ros2_study/build/my_first_packgae_msgs': CMAKE_PREFIX_PATH=${CMAKE_PREFIX_PATH}:/home/tsi/ros2_study/install/my_first_package:/opt/ros/humble /usr/bin/cmake --install /home/tsi/ros2_study/build/my_first_packgae_msgs
[0.785s] -- Install configuration: ""
[0.785s] -- Up-to-date: /home/tsi/ros2_study/install/my_first_packgae_msgs/share/ament_index/resource_index/rosidl_interfaces/my_first_packgae_msgs
[0.785s] -- Up-to-date: /home/tsi/ros2_study/install/my_first_packgae_msgs/include/my_first_packgae_msgs/my_first_packgae_msgs
[0.785s] -- Up-to-date: /home/tsi/ros2_study/install/my_first_packgae_msgs/include/my_first_packgae_msgs/my_first_packgae_msgs/msg
[0.785s] -- Up-to-date: /home/tsi/ros2_study/install/my_first_packgae_msgs/include/my_first_packgae_msgs/my_first_packgae_msgs/msg/cmd_and_pose_vel.h
[0.785s] -- Up-to-date: /home/tsi/ros2_study/install/my_first_packgae_msgs/include/my_first_packgae_msgs/my_first_packgae_msgs/msg/rosidl_generator_c__visibility_control.h
[0.786s] -- Up-to-date: /home/tsi/ros2_study/install/my_first_packgae_msgs/include/my_first_packgae_msgs/my_first_packgae_msgs/msg/detail
[0.786s] -- Up-to-date: /home/tsi/ros2_study/install/my_first_packgae_msgs/include/my_first_packgae_msgs/my_first_packgae_msgs/msg/detail/cmd_and_pose_vel__struct.h
[0.786s] -- Up-to-date: /home/tsi/ros2_study/install/my_first_packgae_msgs/include/my_first_packgae_msgs/my_first_packgae_msgs/msg/detail/cmd_and_pose_vel__functions.h
[0.786s] -- Up-to-date: /home/tsi/ros2_study/install/my_first_packgae_msgs/include/my_first_packgae_msgs/my_first_packgae_msgs/msg/detail/cmd_and_pose_vel__type_support.h
[0.786s] -- Up-to-date: /home/tsi/ros2_study/install/my_first_packgae_msgs/include/my_first_packgae_msgs/my_first_packgae_msgs/msg/detail/cmd_and_pose_vel__functions.c
[0.786s] -- Up-to-date: /home/tsi/ros2_study/install/my_first_packgae_msgs/include/my_first_packgae_msgs/my_first_packgae_msgs/srv
[0.787s] -- Up-to-date: /home/tsi/ros2_study/install/my_first_packgae_msgs/include/my_first_packgae_msgs/my_first_packgae_msgs/srv/multi_spawn.h
[0.787s] -- Up-to-date: /home/tsi/ros2_study/install/my_first_packgae_msgs/include/my_first_packgae_msgs/my_first_packgae_msgs/srv/detail
[0.787s] -- Up-to-date: /home/tsi/ros2_study/install/my_first_packgae_msgs/include/my_first_packgae_msgs/my_first_packgae_msgs/srv/detail/multi_spawn__functions.h
[0.787s] -- Up-to-date: /home/tsi/ros2_study/install/my_first_packgae_msgs/include/my_first_packgae_msgs/my_first_packgae_msgs/srv/detail/multi_spawn__type_support.h
[0.787s] -- Up-to-date: /home/tsi/ros2_study/install/my_first_packgae_msgs/include/my_first_packgae_msgs/my_first_packgae_msgs/srv/detail/multi_spawn__struct.h
[0.787s] -- Up-to-date: /home/tsi/ros2_study/install/my_first_packgae_msgs/include/my_first_packgae_msgs/my_first_packgae_msgs/srv/detail/multi_spawn__functions.c
[0.787s] -- Up-to-date: /home/tsi/ros2_study/install/my_first_packgae_msgs/share/my_first_packgae_msgs/environment/library_path.sh
[0.788s] -- Up-to-date: /home/tsi/ros2_study/install/my_first_packgae_msgs/share/my_first_packgae_msgs/environment/library_path.dsv
[0.788s] -- Up-to-date: /home/tsi/ros2_study/install/my_first_packgae_msgs/lib/libmy_first_packgae_msgs__rosidl_generator_c.so
[0.788s] -- Up-to-date: /home/tsi/ros2_study/install/my_first_packgae_msgs/include/my_first_packgae_msgs/my_first_packgae_msgs
[0.788s] -- Up-to-date: /home/tsi/ros2_study/install/my_first_packgae_msgs/include/my_first_packgae_msgs/my_first_packgae_msgs/msg
[0.788s] -- Up-to-date: /home/tsi/ros2_study/install/my_first_packgae_msgs/include/my_first_packgae_msgs/my_first_packgae_msgs/msg/rosidl_typesupport_fastrtps_c__visibility_control.h
[0.788s] -- Up-to-date: /home/tsi/ros2_study/install/my_first_packgae_msgs/include/my_first_packgae_msgs/my_first_packgae_msgs/msg/detail
[0.789s] -- Up-to-date: /home/tsi/ros2_study/install/my_first_packgae_msgs/include/my_first_packgae_msgs/my_first_packgae_msgs/msg/detail/cmd_and_pose_vel__rosidl_typesupport_fastrtps_c.h
[0.789s] -- Up-to-date: /home/tsi/ros2_study/install/my_first_packgae_msgs/include/my_first_packgae_msgs/my_first_packgae_msgs/srv
[0.789s] -- Up-to-date: /home/tsi/ros2_study/install/my_first_packgae_msgs/include/my_first_packgae_msgs/my_first_packgae_msgs/srv/detail
[0.789s] -- Up-to-date: /home/tsi/ros2_study/install/my_first_packgae_msgs/include/my_first_packgae_msgs/my_first_packgae_msgs/srv/detail/multi_spawn__rosidl_typesupport_fastrtps_c.h
[0.789s] -- Up-to-date: /home/tsi/ros2_study/install/my_first_packgae_msgs/lib/libmy_first_packgae_msgs__rosidl_typesupport_fastrtps_c.so
[0.789s] -- Up-to-date: /home/tsi/ros2_study/install/my_first_packgae_msgs/include/my_first_packgae_msgs/my_first_packgae_msgs
[0.790s] -- Up-to-date: /home/tsi/ros2_study/install/my_first_packgae_msgs/include/my_first_packgae_msgs/my_first_packgae_msgs/msg
[0.790s] -- Up-to-date: /home/tsi/ros2_study/install/my_first_packgae_msgs/include/my_first_packgae_msgs/my_first_packgae_msgs/msg/rosidl_typesupport_introspection_c__visibility_control.h
[0.790s] -- Up-to-date: /home/tsi/ros2_study/install/my_first_packgae_msgs/include/my_first_packgae_msgs/my_first_packgae_msgs/msg/detail
[0.790s] -- Up-to-date: /home/tsi/ros2_study/install/my_first_packgae_msgs/include/my_first_packgae_msgs/my_first_packgae_msgs/msg/detail/cmd_and_pose_vel__rosidl_typesupport_introspection_c.h
[0.790s] -- Up-to-date: /home/tsi/ros2_study/install/my_first_packgae_msgs/include/my_first_packgae_msgs/my_first_packgae_msgs/msg/detail/cmd_and_pose_vel__type_support.c
[0.790s] -- Up-to-date: /home/tsi/ros2_study/install/my_first_packgae_msgs/include/my_first_packgae_msgs/my_first_packgae_msgs/srv
[0.791s] -- Up-to-date: /home/tsi/ros2_study/install/my_first_packgae_msgs/include/my_first_packgae_msgs/my_first_packgae_msgs/srv/detail
[0.791s] -- Up-to-date: /home/tsi/ros2_study/install/my_first_packgae_msgs/include/my_first_packgae_msgs/my_first_packgae_msgs/srv/detail/multi_spawn__rosidl_typesupport_introspection_c.h
[0.791s] -- Up-to-date: /home/tsi/ros2_study/install/my_first_packgae_msgs/include/my_first_packgae_msgs/my_first_packgae_msgs/srv/detail/multi_spawn__type_support.c
[0.791s] -- Up-to-date: /home/tsi/ros2_study/install/my_first_packgae_msgs/lib/libmy_first_packgae_msgs__rosidl_typesupport_introspection_c.so
[0.791s] -- Up-to-date: /home/tsi/ros2_study/install/my_first_packgae_msgs/lib/libmy_first_packgae_msgs__rosidl_typesupport_c.so
[0.791s] -- Up-to-date: /home/tsi/ros2_study/install/my_first_packgae_msgs/include/my_first_packgae_msgs/my_first_packgae_msgs
[0.791s] -- Up-to-date: /home/tsi/ros2_study/install/my_first_packgae_msgs/include/my_first_packgae_msgs/my_first_packgae_msgs/msg
[0.792s] -- Up-to-date: /home/tsi/ros2_study/install/my_first_packgae_msgs/include/my_first_packgae_msgs/my_first_packgae_msgs/msg/rosidl_generator_cpp__visibility_control.hpp
[0.792s] -- Up-to-date: /home/tsi/ros2_study/install/my_first_packgae_msgs/include/my_first_packgae_msgs/my_first_packgae_msgs/msg/cmd_and_pose_vel.hpp
[0.792s] -- Up-to-date: /home/tsi/ros2_study/install/my_first_packgae_msgs/include/my_first_packgae_msgs/my_first_packgae_msgs/msg/detail
[0.792s] -- Up-to-date: /home/tsi/ros2_study/install/my_first_packgae_msgs/include/my_first_packgae_msgs/my_first_packgae_msgs/msg/detail/cmd_and_pose_vel__builder.hpp
[0.792s] -- Up-to-date: /home/tsi/ros2_study/install/my_first_packgae_msgs/include/my_first_packgae_msgs/my_first_packgae_msgs/msg/detail/cmd_and_pose_vel__type_support.hpp
[0.792s] -- Up-to-date: /home/tsi/ros2_study/install/my_first_packgae_msgs/include/my_first_packgae_msgs/my_first_packgae_msgs/msg/detail/cmd_and_pose_vel__struct.hpp
[0.792s] -- Up-to-date: /home/tsi/ros2_study/install/my_first_packgae_msgs/include/my_first_packgae_msgs/my_first_packgae_msgs/msg/detail/cmd_and_pose_vel__traits.hpp
[0.792s] -- Up-to-date: /home/tsi/ros2_study/install/my_first_packgae_msgs/include/my_first_packgae_msgs/my_first_packgae_msgs/srv
[0.793s] -- Up-to-date: /home/tsi/ros2_study/install/my_first_packgae_msgs/include/my_first_packgae_msgs/my_first_packgae_msgs/srv/multi_spawn.hpp
[0.793s] -- Up-to-date: /home/tsi/ros2_study/install/my_first_packgae_msgs/include/my_first_packgae_msgs/my_first_packgae_msgs/srv/detail
[0.793s] -- Up-to-date: /home/tsi/ros2_study/install/my_first_packgae_msgs/include/my_first_packgae_msgs/my_first_packgae_msgs/srv/detail/multi_spawn__struct.hpp
[0.793s] -- Up-to-date: /home/tsi/ros2_study/install/my_first_packgae_msgs/include/my_first_packgae_msgs/my_first_packgae_msgs/srv/detail/multi_spawn__type_support.hpp
[0.793s] -- Up-to-date: /home/tsi/ros2_study/install/my_first_packgae_msgs/include/my_first_packgae_msgs/my_first_packgae_msgs/srv/detail/multi_spawn__traits.hpp
[0.793s] -- Up-to-date: /home/tsi/ros2_study/install/my_first_packgae_msgs/include/my_first_packgae_msgs/my_first_packgae_msgs/srv/detail/multi_spawn__builder.hpp
[0.794s] -- Up-to-date: /home/tsi/ros2_study/install/my_first_packgae_msgs/include/my_first_packgae_msgs/my_first_packgae_msgs
[0.794s] -- Up-to-date: /home/tsi/ros2_study/install/my_first_packgae_msgs/include/my_first_packgae_msgs/my_first_packgae_msgs/msg
[0.794s] -- Up-to-date: /home/tsi/ros2_study/install/my_first_packgae_msgs/include/my_first_packgae_msgs/my_first_packgae_msgs/msg/rosidl_typesupport_fastrtps_cpp__visibility_control.h
[0.794s] -- Up-to-date: /home/tsi/ros2_study/install/my_first_packgae_msgs/include/my_first_packgae_msgs/my_first_packgae_msgs/msg/detail
[0.794s] -- Up-to-date: /home/tsi/ros2_study/install/my_first_packgae_msgs/include/my_first_packgae_msgs/my_first_packgae_msgs/msg/detail/cmd_and_pose_vel__rosidl_typesupport_fastrtps_cpp.hpp
[0.794s] -- Up-to-date: /home/tsi/ros2_study/install/my_first_packgae_msgs/include/my_first_packgae_msgs/my_first_packgae_msgs/msg/detail/dds_fastrtps
[0.794s] -- Up-to-date: /home/tsi/ros2_study/install/my_first_packgae_msgs/include/my_first_packgae_msgs/my_first_packgae_msgs/srv
[0.794s] -- Up-to-date: /home/tsi/ros2_study/install/my_first_packgae_msgs/include/my_first_packgae_msgs/my_first_packgae_msgs/srv/detail
[0.794s] -- Up-to-date: /home/tsi/ros2_study/install/my_first_packgae_msgs/include/my_first_packgae_msgs/my_first_packgae_msgs/srv/detail/dds_fastrtps
[0.794s] -- Up-to-date: /home/tsi/ros2_study/install/my_first_packgae_msgs/include/my_first_packgae_msgs/my_first_packgae_msgs/srv/detail/multi_spawn__rosidl_typesupport_fastrtps_cpp.hpp
[0.795s] -- Up-to-date: /home/tsi/ros2_study/install/my_first_packgae_msgs/lib/libmy_first_packgae_msgs__rosidl_typesupport_fastrtps_cpp.so
[0.795s] -- Up-to-date: /home/tsi/ros2_study/install/my_first_packgae_msgs/include/my_first_packgae_msgs/my_first_packgae_msgs
[0.795s] -- Up-to-date: /home/tsi/ros2_study/install/my_first_packgae_msgs/include/my_first_packgae_msgs/my_first_packgae_msgs/msg
[0.795s] -- Up-to-date: /home/tsi/ros2_study/install/my_first_packgae_msgs/include/my_first_packgae_msgs/my_first_packgae_msgs/msg/detail
[0.795s] -- Up-to-date: /home/tsi/ros2_study/install/my_first_packgae_msgs/include/my_first_packgae_msgs/my_first_packgae_msgs/msg/detail/cmd_and_pose_vel__rosidl_typesupport_introspection_cpp.hpp
[0.795s] -- Up-to-date: /home/tsi/ros2_study/install/my_first_packgae_msgs/include/my_first_packgae_msgs/my_first_packgae_msgs/msg/detail/cmd_and_pose_vel__type_support.cpp
[0.795s] -- Up-to-date: /home/tsi/ros2_study/install/my_first_packgae_msgs/include/my_first_packgae_msgs/my_first_packgae_msgs/srv
[0.795s] -- Up-to-date: /home/tsi/ros2_study/install/my_first_packgae_msgs/include/my_first_packgae_msgs/my_first_packgae_msgs/srv/detail
[0.795s] -- Up-to-date: /home/tsi/ros2_study/install/my_first_packgae_msgs/include/my_first_packgae_msgs/my_first_packgae_msgs/srv/detail/multi_spawn__rosidl_typesupport_introspection_cpp.hpp
[0.795s] -- Up-to-date: /home/tsi/ros2_study/install/my_first_packgae_msgs/include/my_first_packgae_msgs/my_first_packgae_msgs/srv/detail/multi_spawn__type_support.cpp
[0.795s] -- Up-to-date: /home/tsi/ros2_study/install/my_first_packgae_msgs/lib/libmy_first_packgae_msgs__rosidl_typesupport_introspection_cpp.so
[0.795s] -- Up-to-date: /home/tsi/ros2_study/install/my_first_packgae_msgs/lib/libmy_first_packgae_msgs__rosidl_typesupport_cpp.so
[0.795s] -- Up-to-date: /home/tsi/ros2_study/install/my_first_packgae_msgs/share/my_first_packgae_msgs/environment/pythonpath.sh
[0.795s] -- Up-to-date: /home/tsi/ros2_study/install/my_first_packgae_msgs/share/my_first_packgae_msgs/environment/pythonpath.dsv
[0.795s] -- Up-to-date: /home/tsi/ros2_study/install/my_first_packgae_msgs/local/lib/python3.10/dist-packages/my_first_packgae_msgs-0.0.0-py3.10.egg-info
[0.795s] -- Installing: /home/tsi/ros2_study/install/my_first_packgae_msgs/local/lib/python3.10/dist-packages/my_first_packgae_msgs-0.0.0-py3.10.egg-info/PKG-INFO
[0.795s] -- Installing: /home/tsi/ros2_study/install/my_first_packgae_msgs/local/lib/python3.10/dist-packages/my_first_packgae_msgs-0.0.0-py3.10.egg-info/top_level.txt
[0.795s] -- Installing: /home/tsi/ros2_study/install/my_first_packgae_msgs/local/lib/python3.10/dist-packages/my_first_packgae_msgs-0.0.0-py3.10.egg-info/SOURCES.txt
[0.796s] -- Installing: /home/tsi/ros2_study/install/my_first_packgae_msgs/local/lib/python3.10/dist-packages/my_first_packgae_msgs-0.0.0-py3.10.egg-info/dependency_links.txt
[0.796s] -- Up-to-date: /home/tsi/ros2_study/install/my_first_packgae_msgs/local/lib/python3.10/dist-packages/my_first_packgae_msgs
[0.796s] -- Up-to-date: /home/tsi/ros2_study/install/my_first_packgae_msgs/local/lib/python3.10/dist-packages/my_first_packgae_msgs/my_first_packgae_msgs_s__rosidl_typesupport_c.cpython-310-x86_64-linux-gnu.so
[0.796s] -- Up-to-date: /home/tsi/ros2_study/install/my_first_packgae_msgs/local/lib/python3.10/dist-packages/my_first_packgae_msgs/my_first_packgae_msgs_s__rosidl_typesupport_introspection_c.cpython-310-x86_64-linux-gnu.so
[0.796s] -- Up-to-date: /home/tsi/ros2_study/install/my_first_packgae_msgs/local/lib/python3.10/dist-packages/my_first_packgae_msgs/msg
[0.796s] -- Up-to-date: /home/tsi/ros2_study/install/my_first_packgae_msgs/local/lib/python3.10/dist-packages/my_first_packgae_msgs/msg/_cmd_and_pose_vel_s.c
[0.796s] -- Up-to-date: /home/tsi/ros2_study/install/my_first_packgae_msgs/local/lib/python3.10/dist-packages/my_first_packgae_msgs/msg/__init__.py
[0.796s] -- Up-to-date: /home/tsi/ros2_study/install/my_first_packgae_msgs/local/lib/python3.10/dist-packages/my_first_packgae_msgs/msg/_cmd_and_pose_vel.py
[0.796s] -- Up-to-date: /home/tsi/ros2_study/install/my_first_packgae_msgs/local/lib/python3.10/dist-packages/my_first_packgae_msgs/_my_first_packgae_msgs_s.ep.rosidl_typesupport_c.c
[0.796s] -- Up-to-date: /home/tsi/ros2_study/install/my_first_packgae_msgs/local/lib/python3.10/dist-packages/my_first_packgae_msgs/_my_first_packgae_msgs_s.ep.rosidl_typesupport_introspection_c.c
[0.796s] -- Up-to-date: /home/tsi/ros2_study/install/my_first_packgae_msgs/local/lib/python3.10/dist-packages/my_first_packgae_msgs/__init__.py
[0.796s] -- Up-to-date: /home/tsi/ros2_study/install/my_first_packgae_msgs/local/lib/python3.10/dist-packages/my_first_packgae_msgs/my_first_packgae_msgs_s__rosidl_typesupport_fastrtps_c.cpython-310-x86_64-linux-gnu.so
[0.796s] -- Up-to-date: /home/tsi/ros2_study/install/my_first_packgae_msgs/local/lib/python3.10/dist-packages/my_first_packgae_msgs/_my_first_packgae_msgs_s.ep.rosidl_typesupport_fastrtps_c.c
[0.796s] -- Up-to-date: /home/tsi/ros2_study/install/my_first_packgae_msgs/local/lib/python3.10/dist-packages/my_first_packgae_msgs/libmy_first_packgae_msgs__rosidl_generator_py.so
[0.796s] -- Up-to-date: /home/tsi/ros2_study/install/my_first_packgae_msgs/local/lib/python3.10/dist-packages/my_first_packgae_msgs/srv
[0.796s] -- Up-to-date: /home/tsi/ros2_study/install/my_first_packgae_msgs/local/lib/python3.10/dist-packages/my_first_packgae_msgs/srv/_multi_spawn.py
[0.796s] -- Up-to-date: /home/tsi/ros2_study/install/my_first_packgae_msgs/local/lib/python3.10/dist-packages/my_first_packgae_msgs/srv/__init__.py
[0.796s] -- Up-to-date: /home/tsi/ros2_study/install/my_first_packgae_msgs/local/lib/python3.10/dist-packages/my_first_packgae_msgs/srv/_multi_spawn_s.c
[0.842s] Listing '/home/tsi/ros2_study/install/my_first_packgae_msgs/local/lib/python3.10/dist-packages/my_first_packgae_msgs'...
[0.843s] Listing '/home/tsi/ros2_study/install/my_first_packgae_msgs/local/lib/python3.10/dist-packages/my_first_packgae_msgs/msg'...
[0.843s] Listing '/home/tsi/ros2_study/install/my_first_packgae_msgs/local/lib/python3.10/dist-packages/my_first_packgae_msgs/srv'...
[0.848s] -- Up-to-date: /home/tsi/ros2_study/install/my_first_packgae_msgs/local/lib/python3.10/dist-packages/my_first_packgae_msgs/my_first_packgae_msgs_s__rosidl_typesupport_fastrtps_c.cpython-310-x86_64-linux-gnu.so
[0.849s] -- Up-to-date: /home/tsi/ros2_study/install/my_first_packgae_msgs/local/lib/python3.10/dist-packages/my_first_packgae_msgs/my_first_packgae_msgs_s__rosidl_typesupport_introspection_c.cpython-310-x86_64-linux-gnu.so
[0.850s] -- Up-to-date: /home/tsi/ros2_study/install/my_first_packgae_msgs/local/lib/python3.10/dist-packages/my_first_packgae_msgs/my_first_packgae_msgs_s__rosidl_typesupport_c.cpython-310-x86_64-linux-gnu.so
[0.851s] -- Up-to-date: /home/tsi/ros2_study/install/my_first_packgae_msgs/lib/libmy_first_packgae_msgs__rosidl_generator_py.so
[0.852s] -- Up-to-date: /home/tsi/ros2_study/install/my_first_packgae_msgs/share/my_first_packgae_msgs/msg/CmdAndPoseVel.idl
[0.853s] -- Up-to-date: /home/tsi/ros2_study/install/my_first_packgae_msgs/share/my_first_packgae_msgs/srv/MultiSpawn.idl
[0.853s] -- Up-to-date: /home/tsi/ros2_study/install/my_first_packgae_msgs/share/my_first_packgae_msgs/msg/CmdAndPoseVel.msg
[0.854s] -- Up-to-date: /home/tsi/ros2_study/install/my_first_packgae_msgs/share/my_first_packgae_msgs/srv/MultiSpawn.srv
[0.854s] -- Up-to-date: /home/tsi/ros2_study/install/my_first_packgae_msgs/share/my_first_packgae_msgs/srv/MultiSpawn_Request.msg
[0.854s] -- Up-to-date: /home/tsi/ros2_study/install/my_first_packgae_msgs/share/my_first_packgae_msgs/srv/MultiSpawn_Response.msg
[0.855s] -- Up-to-date: /home/tsi/ros2_study/install/my_first_packgae_msgs/share/ament_index/resource_index/package_run_dependencies/my_first_packgae_msgs
[0.855s] -- Up-to-date: /home/tsi/ros2_study/install/my_first_packgae_msgs/share/ament_index/resource_index/parent_prefix_path/my_first_packgae_msgs
[0.856s] -- Up-to-date: /home/tsi/ros2_study/install/my_first_packgae_msgs/share/my_first_packgae_msgs/environment/ament_prefix_path.sh
[0.856s] -- Up-to-date: /home/tsi/ros2_study/install/my_first_packgae_msgs/share/my_first_packgae_msgs/environment/ament_prefix_path.dsv
[0.856s] -- Up-to-date: /home/tsi/ros2_study/install/my_first_packgae_msgs/share/my_first_packgae_msgs/environment/path.sh
[0.857s] -- Up-to-date: /home/tsi/ros2_study/install/my_first_packgae_msgs/share/my_first_packgae_msgs/environment/path.dsv
[0.857s] -- Up-to-date: /home/tsi/ros2_study/install/my_first_packgae_msgs/share/my_first_packgae_msgs/local_setup.bash
[0.858s] -- Up-to-date: /home/tsi/ros2_study/install/my_first_packgae_msgs/share/my_first_packgae_msgs/local_setup.sh
[0.858s] -- Up-to-date: /home/tsi/ros2_study/install/my_first_packgae_msgs/share/my_first_packgae_msgs/local_setup.zsh
[0.858s] -- Up-to-date: /home/tsi/ros2_study/install/my_first_packgae_msgs/share/my_first_packgae_msgs/local_setup.dsv
[0.859s] -- Installing: /home/tsi/ros2_study/install/my_first_packgae_msgs/share/my_first_packgae_msgs/package.dsv
[0.859s] -- Up-to-date: /home/tsi/ros2_study/install/my_first_packgae_msgs/share/ament_index/resource_index/packages/my_first_packgae_msgs
[0.860s] -- Up-to-date: /home/tsi/ros2_study/install/my_first_packgae_msgs/share/my_first_packgae_msgs/cmake/export_my_first_packgae_msgs__rosidl_generator_cExport.cmake
[0.860s] -- Up-to-date: /home/tsi/ros2_study/install/my_first_packgae_msgs/share/my_first_packgae_msgs/cmake/export_my_first_packgae_msgs__rosidl_generator_cExport-noconfig.cmake
[0.860s] -- Up-to-date: /home/tsi/ros2_study/install/my_first_packgae_msgs/share/my_first_packgae_msgs/cmake/export_my_first_packgae_msgs__rosidl_typesupport_fastrtps_cExport.cmake
[0.861s] -- Up-to-date: /home/tsi/ros2_study/install/my_first_packgae_msgs/share/my_first_packgae_msgs/cmake/export_my_first_packgae_msgs__rosidl_typesupport_fastrtps_cExport-noconfig.cmake
[0.861s] -- Up-to-date: /home/tsi/ros2_study/install/my_first_packgae_msgs/share/my_first_packgae_msgs/cmake/my_first_packgae_msgs__rosidl_typesupport_introspection_cExport.cmake
[0.861s] -- Up-to-date: /home/tsi/ros2_study/install/my_first_packgae_msgs/share/my_first_packgae_msgs/cmake/my_first_packgae_msgs__rosidl_typesupport_introspection_cExport-noconfig.cmake
[0.862s] -- Up-to-date: /home/tsi/ros2_study/install/my_first_packgae_msgs/share/my_first_packgae_msgs/cmake/my_first_packgae_msgs__rosidl_typesupport_cExport.cmake
[0.862s] -- Up-to-date: /home/tsi/ros2_study/install/my_first_packgae_msgs/share/my_first_packgae_msgs/cmake/my_first_packgae_msgs__rosidl_typesupport_cExport-noconfig.cmake
[0.862s] -- Up-to-date: /home/tsi/ros2_study/install/my_first_packgae_msgs/share/my_first_packgae_msgs/cmake/export_my_first_packgae_msgs__rosidl_generator_cppExport.cmake
[0.863s] -- Up-to-date: /home/tsi/ros2_study/install/my_first_packgae_msgs/share/my_first_packgae_msgs/cmake/export_my_first_packgae_msgs__rosidl_typesupport_fastrtps_cppExport.cmake
[0.863s] -- Up-to-date: /home/tsi/ros2_study/install/my_first_packgae_msgs/share/my_first_packgae_msgs/cmake/export_my_first_packgae_msgs__rosidl_typesupport_fastrtps_cppExport-noconfig.cmake
[0.863s] -- Up-to-date: /home/tsi/ros2_study/install/my_first_packgae_msgs/share/my_first_packgae_msgs/cmake/my_first_packgae_msgs__rosidl_typesupport_introspection_cppExport.cmake
[0.863s] -- Up-to-date: /home/tsi/ros2_study/install/my_first_packgae_msgs/share/my_first_packgae_msgs/cmake/my_first_packgae_msgs__rosidl_typesupport_introspection_cppExport-noconfig.cmake
[0.863s] -- Up-to-date: /home/tsi/ros2_study/install/my_first_packgae_msgs/share/my_first_packgae_msgs/cmake/my_first_packgae_msgs__rosidl_typesupport_cppExport.cmake
[0.864s] -- Up-to-date: /home/tsi/ros2_study/install/my_first_packgae_msgs/share/my_first_packgae_msgs/cmake/my_first_packgae_msgs__rosidl_typesupport_cppExport-noconfig.cmake
[0.864s] -- Up-to-date: /home/tsi/ros2_study/install/my_first_packgae_msgs/share/my_first_packgae_msgs/cmake/export_my_first_packgae_msgs__rosidl_generator_pyExport.cmake
[0.864s] -- Up-to-date: /home/tsi/ros2_study/install/my_first_packgae_msgs/share/my_first_packgae_msgs/cmake/export_my_first_packgae_msgs__rosidl_generator_pyExport-noconfig.cmake
[0.864s] -- Up-to-date: /home/tsi/ros2_study/install/my_first_packgae_msgs/share/my_first_packgae_msgs/cmake/rosidl_cmake-extras.cmake
[0.864s] -- Up-to-date: /home/tsi/ros2_study/install/my_first_packgae_msgs/share/my_first_packgae_msgs/cmake/ament_cmake_export_include_directories-extras.cmake
[0.864s] -- Up-to-date: /home/tsi/ros2_study/install/my_first_packgae_msgs/share/my_first_packgae_msgs/cmake/ament_cmake_export_libraries-extras.cmake
[0.865s] -- Up-to-date: /home/tsi/ros2_study/install/my_first_packgae_msgs/share/my_first_packgae_msgs/cmake/ament_cmake_export_targets-extras.cmake
[0.865s] -- Up-to-date: /home/tsi/ros2_study/install/my_first_packgae_msgs/share/my_first_packgae_msgs/cmake/rosidl_cmake_export_typesupport_targets-extras.cmake
[0.865s] -- Up-to-date: /home/tsi/ros2_study/install/my_first_packgae_msgs/share/my_first_packgae_msgs/cmake/ament_cmake_export_dependencies-extras.cmake
[0.865s] -- Up-to-date: /home/tsi/ros2_study/install/my_first_packgae_msgs/share/my_first_packgae_msgs/cmake/rosidl_cmake_export_typesupport_libraries-extras.cmake
[0.866s] -- Up-to-date: /home/tsi/ros2_study/install/my_first_packgae_msgs/share/my_first_packgae_msgs/cmake/my_first_packgae_msgsConfig.cmake
[0.866s] -- Up-to-date: /home/tsi/ros2_study/install/my_first_packgae_msgs/share/my_first_packgae_msgs/cmake/my_first_packgae_msgsConfig-version.cmake
[0.866s] -- Up-to-date: /home/tsi/ros2_study/install/my_first_packgae_msgs/share/my_first_packgae_msgs/package.xml
[0.868s] Invoked command in '/home/tsi/ros2_study/build/my_first_packgae_msgs' returned '0': CMAKE_PREFIX_PATH=${CMAKE_PREFIX_PATH}:/home/tsi/ros2_study/install/my_first_package:/opt/ros/humble /usr/bin/cmake --install /home/tsi/ros2_study/build/my_first_packgae_msgs
