[0.729s] Invoking command in '/home/tsi/ros2_study/src/my_first_package': PYTHONPATH=/home/tsi/ros2_study/build/my_first_package/prefix_override:/usr/lib/python3/dist-packages/colcon_core/task/python/colcon_distutils_commands:/home/tsi/ros2_study/install/my_first_package/lib/python3.10/site-packages:${PYTHONPATH} /usr/bin/python3 -W ignore:setup.py install is deprecated -W ignore:easy_install command is deprecated setup.py egg_info --egg-base ../../build/my_first_package build --build-base /home/tsi/ros2_study/build/my_first_package/build install --record /home/tsi/ros2_study/build/my_first_package/install.log --single-version-externally-managed install_data
[1.006s] running egg_info
[1.007s] writing ../../build/my_first_package/my_first_package.egg-info/PKG-INFO
[1.007s] writing dependency_links to ../../build/my_first_package/my_first_package.egg-info/dependency_links.txt
[1.007s] writing entry points to ../../build/my_first_package/my_first_package.egg-info/entry_points.txt
[1.007s] writing requirements to ../../build/my_first_package/my_first_package.egg-info/requires.txt
[1.008s] writing top-level names to ../../build/my_first_package/my_first_package.egg-info/top_level.txt
[1.009s] reading manifest file '../../build/my_first_package/my_first_package.egg-info/SOURCES.txt'
[1.010s] writing manifest file '../../build/my_first_package/my_first_package.egg-info/SOURCES.txt'
[1.010s] running build
[1.010s] running build_py
[1.010s] copying my_first_package/dist_turtle_action_server.py -> /home/tsi/ros2_study/build/my_first_package/build/lib/my_first_package
[1.011s] running install
[1.011s] running install_lib
[1.012s] copying /home/tsi/ros2_study/build/my_first_package/build/lib/my_first_package/dist_turtle_action_server.py -> /home/tsi/ros2_study/install/my_first_package/lib/python3.10/site-packages/my_first_package
[1.012s] byte-compiling /home/tsi/ros2_study/install/my_first_package/lib/python3.10/site-packages/my_first_package/dist_turtle_action_server.py to dist_turtle_action_server.cpython-310.pyc
[1.013s] running install_data
[1.013s] running install_egg_info
[1.015s] removing '/home/tsi/ros2_study/install/my_first_package/lib/python3.10/site-packages/my_first_package-0.0.0-py3.10.egg-info' (and everything under it)
[1.015s] Copying ../../build/my_first_package/my_first_package.egg-info to /home/tsi/ros2_study/install/my_first_package/lib/python3.10/site-packages/my_first_package-0.0.0-py3.10.egg-info
[1.016s] running install_scripts
[1.038s] Installing dist_turtle_action_server script to /home/tsi/ros2_study/install/my_first_package/lib/my_first_package
[1.038s] Installing my_first_node script to /home/tsi/ros2_study/install/my_first_package/lib/my_first_package
[1.038s] Installing my_multi_thread script to /home/tsi/ros2_study/install/my_first_package/lib/my_first_package
[1.038s] Installing my_publisher script to /home/tsi/ros2_study/install/my_first_package/lib/my_first_package
[1.039s] Installing my_service_server script to /home/tsi/ros2_study/install/my_first_package/lib/my_first_package
[1.039s] Installing my_subscriber script to /home/tsi/ros2_study/install/my_first_package/lib/my_first_package
[1.039s] Installing turtle_cmd_and_pose script to /home/tsi/ros2_study/install/my_first_package/lib/my_first_package
[1.039s] writing list of installed files to '/home/tsi/ros2_study/build/my_first_package/install.log'
[1.080s] Invoked command in '/home/tsi/ros2_study/src/my_first_package' returned '0': PYTHONPATH=/home/tsi/ros2_study/build/my_first_package/prefix_override:/usr/lib/python3/dist-packages/colcon_core/task/python/colcon_distutils_commands:/home/tsi/ros2_study/install/my_first_package/lib/python3.10/site-packages:${PYTHONPATH} /usr/bin/python3 -W ignore:setup.py install is deprecated -W ignore:easy_install command is deprecated setup.py egg_info --egg-base ../../build/my_first_package build --build-base /home/tsi/ros2_study/build/my_first_package/build install --record /home/tsi/ros2_study/build/my_first_package/install.log --single-version-externally-managed install_data
