[0.180s] DEBUG:colcon:Command line arguments: ['/usr/bin/colcon', 'build']
[0.180s] DEBUG:colcon:Parsed command line arguments: Namespace(log_base=None, log_level=None, verb_name='build', build_base='build', install_base='install', merge_install=False, symlink_install=False, test_result_base=None, continue_on_error=False, executor='parallel', parallel_workers=12, event_handlers=None, ignore_user_meta=False, metas=['./colcon.meta'], base_paths=['.'], packages_ignore=None, packages_ignore_regex=None, paths=None, packages_up_to=None, packages_up_to_regex=None, packages_above=None, packages_above_and_dependencies=None, packages_above_depth=None, packages_select_by_dep=None, packages_skip_by_dep=None, packages_skip_up_to=None, packages_select_build_failed=False, packages_skip_build_finished=False, packages_select_test_failures=False, packages_skip_test_passed=False, packages_select=None, packages_skip=None, packages_select_regex=None, packages_skip_regex=None, packages_start=None, packages_end=None, allow_overriding=[], cmake_args=None, cmake_target=None, cmake_target_skip_unavailable=False, cmake_clean_cache=False, cmake_clean_first=False, cmake_force_configure=False, ament_cmake_args=None, catkin_cmake_args=None, catkin_skip_building_tests=False, mixin_files=None, mixin=None, verb_parser=<colcon_mixin.mixin.mixin_argument.MixinArgumentDecorator object at 0x704aff988040>, verb_extension=<colcon_core.verb.build.BuildVerb object at 0x704aff953220>, main=<bound method BuildVerb.main of <colcon_core.verb.build.BuildVerb object at 0x704aff953220>>, mixin_verb=('build',))
[0.499s] Level 1:colcon.colcon_core.package_discovery:discover_packages(colcon_meta) check parameters
[0.499s] Level 1:colcon.colcon_core.package_discovery:discover_packages(recursive) check parameters
[0.499s] Level 1:colcon.colcon_core.package_discovery:discover_packages(ignore) check parameters
[0.499s] Level 1:colcon.colcon_core.package_discovery:discover_packages(path) check parameters
[0.499s] Level 1:colcon.colcon_core.package_discovery:discover_packages(colcon_meta) discover
[0.499s] Level 1:colcon.colcon_core.package_discovery:discover_packages(recursive) discover
[0.499s] INFO:colcon.colcon_core.package_discovery:Crawling recursively for packages in '/home/tsi/ros2_study'
[0.499s] Level 1:colcon.colcon_core.package_identification:_identify(.) by extensions ['ignore', 'ignore_ament_install']
[0.499s] Level 1:colcon.colcon_core.package_identification:_identify(.) by extension 'ignore'
[0.500s] Level 1:colcon.colcon_core.package_identification:_identify(.) by extension 'ignore_ament_install'
[0.500s] Level 1:colcon.colcon_core.package_identification:_identify(.) by extensions ['colcon_pkg']
[0.500s] Level 1:colcon.colcon_core.package_identification:_identify(.) by extension 'colcon_pkg'
[0.500s] Level 1:colcon.colcon_core.package_identification:_identify(.) by extensions ['colcon_meta']
[0.500s] Level 1:colcon.colcon_core.package_identification:_identify(.) by extension 'colcon_meta'
[0.500s] Level 1:colcon.colcon_core.package_identification:_identify(.) by extensions ['ros']
[0.500s] Level 1:colcon.colcon_core.package_identification:_identify(.) by extension 'ros'
[0.518s] Level 1:colcon.colcon_core.package_identification:_identify(.) by extensions ['cmake', 'python']
[0.518s] Level 1:colcon.colcon_core.package_identification:_identify(.) by extension 'cmake'
[0.518s] Level 1:colcon.colcon_core.package_identification:_identify(.) by extension 'python'
[0.518s] Level 1:colcon.colcon_core.package_identification:_identify(.) by extensions ['python_setup_py']
[0.518s] Level 1:colcon.colcon_core.package_identification:_identify(.) by extension 'python_setup_py'
[0.519s] Level 1:colcon.colcon_core.package_identification:_identify(build) by extensions ['ignore', 'ignore_ament_install']
[0.519s] Level 1:colcon.colcon_core.package_identification:_identify(build) by extension 'ignore'
[0.519s] Level 1:colcon.colcon_core.package_identification:_identify(build) ignored
[0.519s] Level 1:colcon.colcon_core.package_identification:_identify(install) by extensions ['ignore', 'ignore_ament_install']
[0.519s] Level 1:colcon.colcon_core.package_identification:_identify(install) by extension 'ignore'
[0.519s] Level 1:colcon.colcon_core.package_identification:_identify(install) ignored
[0.520s] Level 1:colcon.colcon_core.package_identification:_identify(log) by extensions ['ignore', 'ignore_ament_install']
[0.520s] Level 1:colcon.colcon_core.package_identification:_identify(log) by extension 'ignore'
[0.520s] Level 1:colcon.colcon_core.package_identification:_identify(log) ignored
[0.520s] Level 1:colcon.colcon_core.package_identification:_identify(src) by extensions ['ignore', 'ignore_ament_install']
[0.520s] Level 1:colcon.colcon_core.package_identification:_identify(src) by extension 'ignore'
[0.520s] Level 1:colcon.colcon_core.package_identification:_identify(src) by extension 'ignore_ament_install'
[0.520s] Level 1:colcon.colcon_core.package_identification:_identify(src) by extensions ['colcon_pkg']
[0.520s] Level 1:colcon.colcon_core.package_identification:_identify(src) by extension 'colcon_pkg'
[0.520s] Level 1:colcon.colcon_core.package_identification:_identify(src) by extensions ['colcon_meta']
[0.520s] Level 1:colcon.colcon_core.package_identification:_identify(src) by extension 'colcon_meta'
[0.520s] Level 1:colcon.colcon_core.package_identification:_identify(src) by extensions ['ros']
[0.520s] Level 1:colcon.colcon_core.package_identification:_identify(src) by extension 'ros'
[0.520s] Level 1:colcon.colcon_core.package_identification:_identify(src) by extensions ['cmake', 'python']
[0.520s] Level 1:colcon.colcon_core.package_identification:_identify(src) by extension 'cmake'
[0.520s] Level 1:colcon.colcon_core.package_identification:_identify(src) by extension 'python'
[0.520s] Level 1:colcon.colcon_core.package_identification:_identify(src) by extensions ['python_setup_py']
[0.521s] Level 1:colcon.colcon_core.package_identification:_identify(src) by extension 'python_setup_py'
[0.521s] Level 1:colcon.colcon_core.package_identification:_identify(src/my_first_package) by extensions ['ignore', 'ignore_ament_install']
[0.521s] Level 1:colcon.colcon_core.package_identification:_identify(src/my_first_package) by extension 'ignore'
[0.521s] Level 1:colcon.colcon_core.package_identification:_identify(src/my_first_package) by extension 'ignore_ament_install'
[0.521s] Level 1:colcon.colcon_core.package_identification:_identify(src/my_first_package) by extensions ['colcon_pkg']
[0.521s] Level 1:colcon.colcon_core.package_identification:_identify(src/my_first_package) by extension 'colcon_pkg'
[0.521s] Level 1:colcon.colcon_core.package_identification:_identify(src/my_first_package) by extensions ['colcon_meta']
[0.521s] Level 1:colcon.colcon_core.package_identification:_identify(src/my_first_package) by extension 'colcon_meta'
[0.521s] Level 1:colcon.colcon_core.package_identification:_identify(src/my_first_package) by extensions ['ros']
[0.521s] Level 1:colcon.colcon_core.package_identification:_identify(src/my_first_package) by extension 'ros'
[0.542s] DEBUG:colcon.colcon_core.package_identification:Package 'src/my_first_package' with type 'ros.ament_python' and name 'my_first_package'
[0.542s] Level 1:colcon.colcon_core.package_identification:_identify(src/my_first_packgae_msgs) by extensions ['ignore', 'ignore_ament_install']
[0.543s] Level 1:colcon.colcon_core.package_identification:_identify(src/my_first_packgae_msgs) by extension 'ignore'
[0.543s] Level 1:colcon.colcon_core.package_identification:_identify(src/my_first_packgae_msgs) by extension 'ignore_ament_install'
[0.543s] Level 1:colcon.colcon_core.package_identification:_identify(src/my_first_packgae_msgs) by extensions ['colcon_pkg']
[0.543s] Level 1:colcon.colcon_core.package_identification:_identify(src/my_first_packgae_msgs) by extension 'colcon_pkg'
[0.543s] Level 1:colcon.colcon_core.package_identification:_identify(src/my_first_packgae_msgs) by extensions ['colcon_meta']
[0.543s] Level 1:colcon.colcon_core.package_identification:_identify(src/my_first_packgae_msgs) by extension 'colcon_meta'
[0.543s] Level 1:colcon.colcon_core.package_identification:_identify(src/my_first_packgae_msgs) by extensions ['ros']
[0.543s] Level 1:colcon.colcon_core.package_identification:_identify(src/my_first_packgae_msgs) by extension 'ros'
[0.544s] DEBUG:colcon.colcon_core.package_identification:Package 'src/my_first_packgae_msgs' with type 'ros.ament_cmake' and name 'my_first_packgae_msgs'
[0.544s] Level 1:colcon.colcon_core.package_discovery:discover_packages(recursive) using defaults
[0.544s] Level 1:colcon.colcon_core.package_discovery:discover_packages(ignore) discover
[0.544s] Level 1:colcon.colcon_core.package_discovery:discover_packages(ignore) using defaults
[0.544s] Level 1:colcon.colcon_core.package_discovery:discover_packages(path) discover
[0.544s] Level 1:colcon.colcon_core.package_discovery:discover_packages(path) using defaults
[0.570s] Level 1:colcon.colcon_core.package_discovery:discover_packages(prefix_path) check parameters
[0.570s] Level 1:colcon.colcon_core.package_discovery:discover_packages(prefix_path) discover
[0.573s] DEBUG:colcon.colcon_installed_package_information.package_discovery:Found 2 installed packages in /home/tsi/ros2_study/install
[0.576s] DEBUG:colcon.colcon_installed_package_information.package_discovery:Found 363 installed packages in /opt/ros/humble
[0.579s] Level 1:colcon.colcon_core.package_discovery:discover_packages(prefix_path) using defaults
[0.653s] Level 5:colcon.colcon_core.verb:set package 'my_first_package' build argument 'cmake_args' from command line to 'None'
[0.653s] Level 5:colcon.colcon_core.verb:set package 'my_first_package' build argument 'cmake_target' from command line to 'None'
[0.653s] Level 5:colcon.colcon_core.verb:set package 'my_first_package' build argument 'cmake_target_skip_unavailable' from command line to 'False'
[0.653s] Level 5:colcon.colcon_core.verb:set package 'my_first_package' build argument 'cmake_clean_cache' from command line to 'False'
[0.653s] Level 5:colcon.colcon_core.verb:set package 'my_first_package' build argument 'cmake_clean_first' from command line to 'False'
[0.653s] Level 5:colcon.colcon_core.verb:set package 'my_first_package' build argument 'cmake_force_configure' from command line to 'False'
[0.653s] Level 5:colcon.colcon_core.verb:set package 'my_first_package' build argument 'ament_cmake_args' from command line to 'None'
[0.653s] Level 5:colcon.colcon_core.verb:set package 'my_first_package' build argument 'catkin_cmake_args' from command line to 'None'
[0.653s] Level 5:colcon.colcon_core.verb:set package 'my_first_package' build argument 'catkin_skip_building_tests' from command line to 'False'
[0.653s] DEBUG:colcon.colcon_core.verb:Building package 'my_first_package' with the following arguments: {'ament_cmake_args': None, 'build_base': '/home/tsi/ros2_study/build/my_first_package', 'catkin_cmake_args': None, 'catkin_skip_building_tests': False, 'cmake_args': None, 'cmake_clean_cache': False, 'cmake_clean_first': False, 'cmake_force_configure': False, 'cmake_target': None, 'cmake_target_skip_unavailable': False, 'install_base': '/home/tsi/ros2_study/install/my_first_package', 'merge_install': False, 'path': '/home/tsi/ros2_study/src/my_first_package', 'symlink_install': False, 'test_result_base': None}
[0.653s] Level 5:colcon.colcon_core.verb:set package 'my_first_packgae_msgs' build argument 'cmake_args' from command line to 'None'
[0.653s] Level 5:colcon.colcon_core.verb:set package 'my_first_packgae_msgs' build argument 'cmake_target' from command line to 'None'
[0.653s] Level 5:colcon.colcon_core.verb:set package 'my_first_packgae_msgs' build argument 'cmake_target_skip_unavailable' from command line to 'False'
[0.653s] Level 5:colcon.colcon_core.verb:set package 'my_first_packgae_msgs' build argument 'cmake_clean_cache' from command line to 'False'
[0.653s] Level 5:colcon.colcon_core.verb:set package 'my_first_packgae_msgs' build argument 'cmake_clean_first' from command line to 'False'
[0.653s] Level 5:colcon.colcon_core.verb:set package 'my_first_packgae_msgs' build argument 'cmake_force_configure' from command line to 'False'
[0.653s] Level 5:colcon.colcon_core.verb:set package 'my_first_packgae_msgs' build argument 'ament_cmake_args' from command line to 'None'
[0.653s] Level 5:colcon.colcon_core.verb:set package 'my_first_packgae_msgs' build argument 'catkin_cmake_args' from command line to 'None'
[0.653s] Level 5:colcon.colcon_core.verb:set package 'my_first_packgae_msgs' build argument 'catkin_skip_building_tests' from command line to 'False'
[0.653s] DEBUG:colcon.colcon_core.verb:Building package 'my_first_packgae_msgs' with the following arguments: {'ament_cmake_args': None, 'build_base': '/home/tsi/ros2_study/build/my_first_packgae_msgs', 'catkin_cmake_args': None, 'catkin_skip_building_tests': False, 'cmake_args': None, 'cmake_clean_cache': False, 'cmake_clean_first': False, 'cmake_force_configure': False, 'cmake_target': None, 'cmake_target_skip_unavailable': False, 'install_base': '/home/tsi/ros2_study/install/my_first_packgae_msgs', 'merge_install': False, 'path': '/home/tsi/ros2_study/src/my_first_packgae_msgs', 'symlink_install': False, 'test_result_base': None}
[0.654s] INFO:colcon.colcon_core.executor:Executing jobs using 'parallel' executor
[0.655s] DEBUG:colcon.colcon_parallel_executor.executor.parallel:run_until_complete
[0.655s] INFO:colcon.colcon_ros.task.ament_python.build:Building ROS package in '/home/tsi/ros2_study/src/my_first_package' with build type 'ament_python'
[0.655s] Level 1:colcon.colcon_core.shell:create_environment_hook('my_first_package', 'ament_prefix_path')
[0.658s] INFO:colcon.colcon_core.plugin_system:Skipping extension 'colcon_core.shell.bat': Not used on non-Windows systems
[0.658s] INFO:colcon.colcon_core.shell:Creating environment hook '/home/tsi/ros2_study/install/my_first_package/share/my_first_package/hook/ament_prefix_path.ps1'
[0.659s] INFO:colcon.colcon_core.shell:Creating environment descriptor '/home/tsi/ros2_study/install/my_first_package/share/my_first_package/hook/ament_prefix_path.dsv'
[0.659s] INFO:colcon.colcon_core.shell:Creating environment hook '/home/tsi/ros2_study/install/my_first_package/share/my_first_package/hook/ament_prefix_path.sh'
[0.661s] INFO:colcon.colcon_core.shell:Skip shell extension 'powershell' for command environment: Not usable outside of PowerShell
[0.661s] DEBUG:colcon.colcon_core.shell:Skip shell extension 'dsv' for command environment
[0.665s] INFO:colcon.colcon_ros.task.ament_cmake.build:Building ROS package in '/home/tsi/ros2_study/src/my_first_packgae_msgs' with build type 'ament_cmake'
[0.666s] INFO:colcon.colcon_cmake.task.cmake.build:Building CMake package in '/home/tsi/ros2_study/src/my_first_packgae_msgs'
[0.666s] INFO:colcon.colcon_core.shell:Skip shell extension 'powershell' for command environment: Not usable outside of PowerShell
[0.666s] DEBUG:colcon.colcon_core.shell:Skip shell extension 'dsv' for command environment
[0.955s] INFO:colcon.colcon_core.task.python.build:Building Python package in '/home/tsi/ros2_study/src/my_first_package'
[0.956s] INFO:colcon.colcon_core.shell:Skip shell extension 'powershell' for command environment: Not usable outside of PowerShell
[0.956s] DEBUG:colcon.colcon_core.shell:Skip shell extension 'dsv' for command environment
[0.974s] DEBUG:colcon.colcon_core.event_handler.log_command:Invoking command in '/home/tsi/ros2_study/build/my_first_packgae_msgs': CMAKE_PREFIX_PATH=${CMAKE_PREFIX_PATH}:/home/tsi/ros2_study/install/my_first_package:/opt/ros/humble /usr/bin/cmake --build /home/tsi/ros2_study/build/my_first_packgae_msgs -- -j12 -l12
[1.563s] DEBUG:colcon.colcon_core.event_handler.log_command:Invoking command in '/home/tsi/ros2_study/src/my_first_package': PYTHONPATH=/home/tsi/ros2_study/build/my_first_package/prefix_override:/usr/lib/python3/dist-packages/colcon_core/task/python/colcon_distutils_commands:/home/tsi/ros2_study/install/my_first_package/lib/python3.10/site-packages:${PYTHONPATH} /usr/bin/python3 -W ignore:setup.py install is deprecated -W ignore:easy_install command is deprecated setup.py egg_info --egg-base ../../build/my_first_package build --build-base /home/tsi/ros2_study/build/my_first_package/build install --record /home/tsi/ros2_study/build/my_first_package/install.log --single-version-externally-managed install_data
[1.582s] DEBUG:colcon.colcon_core.event_handler.log_command:Invoked command in '/home/tsi/ros2_study/build/my_first_packgae_msgs' returned '0': CMAKE_PREFIX_PATH=${CMAKE_PREFIX_PATH}:/home/tsi/ros2_study/install/my_first_package:/opt/ros/humble /usr/bin/cmake --build /home/tsi/ros2_study/build/my_first_packgae_msgs -- -j12 -l12
[1.595s] DEBUG:colcon.colcon_core.event_handler.log_command:Invoking command in '/home/tsi/ros2_study/build/my_first_packgae_msgs': CMAKE_PREFIX_PATH=${CMAKE_PREFIX_PATH}:/home/tsi/ros2_study/install/my_first_package:/opt/ros/humble /usr/bin/cmake --install /home/tsi/ros2_study/build/my_first_packgae_msgs
[1.668s] Level 1:colcon.colcon_core.environment:create_environment_scripts_only(my_first_packgae_msgs)
[1.669s] DEBUG:colcon.colcon_core.event_handler.log_command:Invoked command in '/home/tsi/ros2_study/build/my_first_packgae_msgs' returned '0': CMAKE_PREFIX_PATH=${CMAKE_PREFIX_PATH}:/home/tsi/ros2_study/install/my_first_package:/opt/ros/humble /usr/bin/cmake --install /home/tsi/ros2_study/build/my_first_packgae_msgs
[1.674s] Level 1:colcon.colcon_core.environment:checking '/home/tsi/ros2_study/install/my_first_packgae_msgs' for CMake module files
[1.675s] Level 1:colcon.colcon_core.environment:checking '/home/tsi/ros2_study/install/my_first_packgae_msgs' for CMake config files
[1.676s] Level 1:colcon.colcon_core.shell:create_environment_hook('my_first_packgae_msgs', 'cmake_prefix_path')
[1.677s] INFO:colcon.colcon_core.shell:Creating environment hook '/home/tsi/ros2_study/install/my_first_packgae_msgs/share/my_first_packgae_msgs/hook/cmake_prefix_path.ps1'
[1.677s] INFO:colcon.colcon_core.shell:Creating environment descriptor '/home/tsi/ros2_study/install/my_first_packgae_msgs/share/my_first_packgae_msgs/hook/cmake_prefix_path.dsv'
[1.678s] INFO:colcon.colcon_core.shell:Creating environment hook '/home/tsi/ros2_study/install/my_first_packgae_msgs/share/my_first_packgae_msgs/hook/cmake_prefix_path.sh'
[1.678s] Level 1:colcon.colcon_core.environment:checking '/home/tsi/ros2_study/install/my_first_packgae_msgs/lib'
[1.679s] Level 1:colcon.colcon_core.shell:create_environment_hook('my_first_packgae_msgs', 'ld_library_path_lib')
[1.679s] INFO:colcon.colcon_core.shell:Creating environment hook '/home/tsi/ros2_study/install/my_first_packgae_msgs/share/my_first_packgae_msgs/hook/ld_library_path_lib.ps1'
[1.679s] INFO:colcon.colcon_core.shell:Creating environment descriptor '/home/tsi/ros2_study/install/my_first_packgae_msgs/share/my_first_packgae_msgs/hook/ld_library_path_lib.dsv'
[1.680s] INFO:colcon.colcon_core.shell:Creating environment hook '/home/tsi/ros2_study/install/my_first_packgae_msgs/share/my_first_packgae_msgs/hook/ld_library_path_lib.sh'
[1.680s] Level 1:colcon.colcon_core.environment:checking '/home/tsi/ros2_study/install/my_first_packgae_msgs/bin'
[1.680s] Level 1:colcon.colcon_core.environment:checking '/home/tsi/ros2_study/install/my_first_packgae_msgs/lib/pkgconfig/my_first_packgae_msgs.pc'
[1.680s] Level 1:colcon.colcon_core.environment:checking '/home/tsi/ros2_study/install/my_first_packgae_msgs/lib/python3.10/site-packages'
[1.681s] Level 1:colcon.colcon_core.environment:checking '/home/tsi/ros2_study/install/my_first_packgae_msgs/bin'
[1.681s] INFO:colcon.colcon_core.shell:Creating package script '/home/tsi/ros2_study/install/my_first_packgae_msgs/share/my_first_packgae_msgs/package.ps1'
[1.682s] INFO:colcon.colcon_core.shell:Creating package descriptor '/home/tsi/ros2_study/install/my_first_packgae_msgs/share/my_first_packgae_msgs/package.dsv'
[1.682s] INFO:colcon.colcon_core.shell:Creating package script '/home/tsi/ros2_study/install/my_first_packgae_msgs/share/my_first_packgae_msgs/package.sh'
[1.683s] INFO:colcon.colcon_core.shell:Creating package script '/home/tsi/ros2_study/install/my_first_packgae_msgs/share/my_first_packgae_msgs/package.bash'
[1.684s] INFO:colcon.colcon_core.shell:Creating package script '/home/tsi/ros2_study/install/my_first_packgae_msgs/share/my_first_packgae_msgs/package.zsh'
[1.685s] Level 1:colcon.colcon_core.environment:create_file_with_runtime_dependencies(/home/tsi/ros2_study/install/my_first_packgae_msgs/share/colcon-core/packages/my_first_packgae_msgs)
[1.685s] Level 1:colcon.colcon_core.environment:create_environment_scripts_only(my_first_packgae_msgs)
[1.686s] Level 1:colcon.colcon_core.environment:checking '/home/tsi/ros2_study/install/my_first_packgae_msgs' for CMake module files
[1.686s] Level 1:colcon.colcon_core.environment:checking '/home/tsi/ros2_study/install/my_first_packgae_msgs' for CMake config files
[1.687s] Level 1:colcon.colcon_core.shell:create_environment_hook('my_first_packgae_msgs', 'cmake_prefix_path')
[1.687s] INFO:colcon.colcon_core.shell:Creating environment hook '/home/tsi/ros2_study/install/my_first_packgae_msgs/share/my_first_packgae_msgs/hook/cmake_prefix_path.ps1'
[1.687s] INFO:colcon.colcon_core.shell:Creating environment descriptor '/home/tsi/ros2_study/install/my_first_packgae_msgs/share/my_first_packgae_msgs/hook/cmake_prefix_path.dsv'
[1.688s] INFO:colcon.colcon_core.shell:Creating environment hook '/home/tsi/ros2_study/install/my_first_packgae_msgs/share/my_first_packgae_msgs/hook/cmake_prefix_path.sh'
[1.688s] Level 1:colcon.colcon_core.environment:checking '/home/tsi/ros2_study/install/my_first_packgae_msgs/lib'
[1.688s] Level 1:colcon.colcon_core.shell:create_environment_hook('my_first_packgae_msgs', 'ld_library_path_lib')
[1.688s] INFO:colcon.colcon_core.shell:Creating environment hook '/home/tsi/ros2_study/install/my_first_packgae_msgs/share/my_first_packgae_msgs/hook/ld_library_path_lib.ps1'
[1.689s] INFO:colcon.colcon_core.shell:Creating environment descriptor '/home/tsi/ros2_study/install/my_first_packgae_msgs/share/my_first_packgae_msgs/hook/ld_library_path_lib.dsv'
[1.689s] INFO:colcon.colcon_core.shell:Creating environment hook '/home/tsi/ros2_study/install/my_first_packgae_msgs/share/my_first_packgae_msgs/hook/ld_library_path_lib.sh'
[1.689s] Level 1:colcon.colcon_core.environment:checking '/home/tsi/ros2_study/install/my_first_packgae_msgs/bin'
[1.689s] Level 1:colcon.colcon_core.environment:checking '/home/tsi/ros2_study/install/my_first_packgae_msgs/lib/pkgconfig/my_first_packgae_msgs.pc'
[1.690s] Level 1:colcon.colcon_core.environment:checking '/home/tsi/ros2_study/install/my_first_packgae_msgs/lib/python3.10/site-packages'
[1.690s] Level 1:colcon.colcon_core.environment:checking '/home/tsi/ros2_study/install/my_first_packgae_msgs/bin'
[1.690s] INFO:colcon.colcon_core.shell:Creating package script '/home/tsi/ros2_study/install/my_first_packgae_msgs/share/my_first_packgae_msgs/package.ps1'
[1.691s] INFO:colcon.colcon_core.shell:Creating package descriptor '/home/tsi/ros2_study/install/my_first_packgae_msgs/share/my_first_packgae_msgs/package.dsv'
[1.692s] INFO:colcon.colcon_core.shell:Creating package script '/home/tsi/ros2_study/install/my_first_packgae_msgs/share/my_first_packgae_msgs/package.sh'
[1.692s] INFO:colcon.colcon_core.shell:Creating package script '/home/tsi/ros2_study/install/my_first_packgae_msgs/share/my_first_packgae_msgs/package.bash'
[1.693s] INFO:colcon.colcon_core.shell:Creating package script '/home/tsi/ros2_study/install/my_first_packgae_msgs/share/my_first_packgae_msgs/package.zsh'
[1.693s] Level 1:colcon.colcon_core.environment:create_file_with_runtime_dependencies(/home/tsi/ros2_study/install/my_first_packgae_msgs/share/colcon-core/packages/my_first_packgae_msgs)
[1.941s] Level 1:colcon.colcon_core.environment:checking '/home/tsi/ros2_study/install/my_first_package' for CMake module files
[1.942s] DEBUG:colcon.colcon_core.event_handler.log_command:Invoked command in '/home/tsi/ros2_study/src/my_first_package' returned '0': PYTHONPATH=/home/tsi/ros2_study/build/my_first_package/prefix_override:/usr/lib/python3/dist-packages/colcon_core/task/python/colcon_distutils_commands:/home/tsi/ros2_study/install/my_first_package/lib/python3.10/site-packages:${PYTHONPATH} /usr/bin/python3 -W ignore:setup.py install is deprecated -W ignore:easy_install command is deprecated setup.py egg_info --egg-base ../../build/my_first_package build --build-base /home/tsi/ros2_study/build/my_first_package/build install --record /home/tsi/ros2_study/build/my_first_package/install.log --single-version-externally-managed install_data
[1.943s] Level 1:colcon.colcon_core.environment:checking '/home/tsi/ros2_study/install/my_first_package' for CMake config files
[1.943s] Level 1:colcon.colcon_core.environment:checking '/home/tsi/ros2_study/install/my_first_package/lib'
[1.943s] Level 1:colcon.colcon_core.environment:checking '/home/tsi/ros2_study/install/my_first_package/bin'
[1.944s] Level 1:colcon.colcon_core.environment:checking '/home/tsi/ros2_study/install/my_first_package/lib/pkgconfig/my_first_package.pc'
[1.944s] Level 1:colcon.colcon_core.environment:checking '/home/tsi/ros2_study/install/my_first_package/lib/python3.10/site-packages'
[1.944s] Level 1:colcon.colcon_core.shell:create_environment_hook('my_first_package', 'pythonpath')
[1.944s] INFO:colcon.colcon_core.shell:Creating environment hook '/home/tsi/ros2_study/install/my_first_package/share/my_first_package/hook/pythonpath.ps1'
[1.945s] INFO:colcon.colcon_core.shell:Creating environment descriptor '/home/tsi/ros2_study/install/my_first_package/share/my_first_package/hook/pythonpath.dsv'
[1.945s] INFO:colcon.colcon_core.shell:Creating environment hook '/home/tsi/ros2_study/install/my_first_package/share/my_first_package/hook/pythonpath.sh'
[1.946s] Level 1:colcon.colcon_core.environment:checking '/home/tsi/ros2_study/install/my_first_package/bin'
[1.946s] Level 1:colcon.colcon_core.environment:create_environment_scripts_only(my_first_package)
[1.947s] INFO:colcon.colcon_core.shell:Creating package script '/home/tsi/ros2_study/install/my_first_package/share/my_first_package/package.ps1'
[1.948s] INFO:colcon.colcon_core.shell:Creating package descriptor '/home/tsi/ros2_study/install/my_first_package/share/my_first_package/package.dsv'
[1.948s] INFO:colcon.colcon_core.shell:Creating package script '/home/tsi/ros2_study/install/my_first_package/share/my_first_package/package.sh'
[1.949s] INFO:colcon.colcon_core.shell:Creating package script '/home/tsi/ros2_study/install/my_first_package/share/my_first_package/package.bash'
[1.949s] INFO:colcon.colcon_core.shell:Creating package script '/home/tsi/ros2_study/install/my_first_package/share/my_first_package/package.zsh'
[1.950s] Level 1:colcon.colcon_core.environment:create_file_with_runtime_dependencies(/home/tsi/ros2_study/install/my_first_package/share/colcon-core/packages/my_first_package)
[1.950s] DEBUG:colcon.colcon_parallel_executor.executor.parallel:closing loop
[1.950s] DEBUG:colcon.colcon_parallel_executor.executor.parallel:loop closed
[1.950s] DEBUG:colcon.colcon_parallel_executor.executor.parallel:run_until_complete finished with '0'
[1.950s] DEBUG:colcon.colcon_core.event_reactor:joining thread
[1.968s] INFO:colcon.colcon_core.plugin_system:Skipping extension 'colcon_notification.desktop_notification.terminal_notifier': Not used on non-Darwin systems
[1.968s] INFO:colcon.colcon_core.plugin_system:Skipping extension 'colcon_notification.desktop_notification.win32': Not used on non-Windows systems
[1.968s] INFO:colcon.colcon_notification.desktop_notification:Sending desktop notification using 'notify2'
[1.985s] DEBUG:colcon.colcon_core.event_reactor:joined thread
[1.985s] INFO:colcon.colcon_core.shell:Creating prefix script '/home/tsi/ros2_study/install/local_setup.ps1'
[1.987s] INFO:colcon.colcon_core.shell:Creating prefix util module '/home/tsi/ros2_study/install/_local_setup_util_ps1.py'
[1.989s] INFO:colcon.colcon_core.shell:Creating prefix chain script '/home/tsi/ros2_study/install/setup.ps1'
[1.991s] INFO:colcon.colcon_core.shell:Creating prefix script '/home/tsi/ros2_study/install/local_setup.sh'
[1.991s] INFO:colcon.colcon_core.shell:Creating prefix util module '/home/tsi/ros2_study/install/_local_setup_util_sh.py'
[1.992s] INFO:colcon.colcon_core.shell:Creating prefix chain script '/home/tsi/ros2_study/install/setup.sh'
[1.994s] INFO:colcon.colcon_core.shell:Creating prefix script '/home/tsi/ros2_study/install/local_setup.bash'
[1.995s] INFO:colcon.colcon_core.shell:Creating prefix chain script '/home/tsi/ros2_study/install/setup.bash'
[1.996s] INFO:colcon.colcon_core.shell:Creating prefix script '/home/tsi/ros2_study/install/local_setup.zsh'
[1.997s] INFO:colcon.colcon_core.shell:Creating prefix chain script '/home/tsi/ros2_study/install/setup.zsh'
