[0.342s] Invoking command in '/home/tsi/ros2_study/build/my_first_packgae_msgs': CMAKE_PREFIX_PATH=${CMAKE_PREFIX_PATH}:/home/tsi/ros2_study/install/my_first_package:/opt/ros/humble /usr/bin/cmake --build /home/tsi/ros2_study/build/my_first_packgae_msgs -- -j12 -l12
[0.427s] [35m[1mConsolidate compiler generated dependencies of target my_first_packgae_msgs__rosidl_generator_c[0m
[0.452s] [  2%] Built target my_first_packgae_msgs__cpp
[0.452s] [  2%] Built target ament_cmake_python_copy_my_first_packgae_msgs
[0.455s] [ 12%] Built target my_first_packgae_msgs__rosidl_generator_c
[0.468s] [35m[1mConsolidate compiler generated dependencies of target my_first_packgae_msgs__rosidl_typesupport_cpp[0m
[0.471s] [35m[1mConsolidate compiler generated dependencies of target my_first_packgae_msgs__rosidl_typesupport_c[0m
[0.471s] [35m[1mConsolidate compiler generated dependencies of target my_first_packgae_msgs__rosidl_typesupport_fastrtps_cpp[0m
[0.476s] [35m[1mConsolidate compiler generated dependencies of target my_first_packgae_msgs__rosidl_typesupport_fastrtps_c[0m
[0.482s] [35m[1mConsolidate compiler generated dependencies of target my_first_packgae_msgs__rosidl_typesupport_introspection_cpp[0m
[0.483s] [35m[1mConsolidate compiler generated dependencies of target my_first_packgae_msgs__rosidl_typesupport_introspection_c[0m
[0.483s] [ 23%] Built target my_first_packgae_msgs__rosidl_typesupport_cpp
[0.487s] [ 33%] Built target my_first_packgae_msgs__rosidl_typesupport_c
[0.493s] [ 53%] Built target my_first_packgae_msgs__rosidl_typesupport_fastrtps_c
[0.493s] [ 53%] Built target my_first_packgae_msgs__rosidl_typesupport_fastrtps_cpp
[0.497s] [ 64%] Built target my_first_packgae_msgs__rosidl_typesupport_introspection_c
[0.499s] [ 74%] Built target my_first_packgae_msgs__rosidl_typesupport_introspection_cpp
[0.523s] [ 74%] Built target my_first_packgae_msgs
[0.551s] [ 76%] Built target my_first_packgae_msgs__py
[0.567s] [35m[1mConsolidate compiler generated dependencies of target my_first_packgae_msgs__rosidl_generator_py[0m
[0.584s] [ 84%] Built target my_first_packgae_msgs__rosidl_generator_py
[0.597s] [35m[1mConsolidate compiler generated dependencies of target my_first_packgae_msgs__rosidl_typesupport_introspection_c__pyext[0m
[0.606s] [35m[1mConsolidate compiler generated dependencies of target my_first_packgae_msgs__rosidl_typesupport_c__pyext[0m
[0.608s] [35m[1mConsolidate compiler generated dependencies of target my_first_packgae_msgs__rosidl_typesupport_fastrtps_c__pyext[0m
[0.611s] [ 89%] Built target my_first_packgae_msgs__rosidl_typesupport_introspection_c__pyext
[0.623s] [ 94%] Built target my_first_packgae_msgs__rosidl_typesupport_c__pyext
[0.625s] [100%] Built target my_first_packgae_msgs__rosidl_typesupport_fastrtps_c__pyext
[0.751s] running egg_info
[0.751s] writing my_first_packgae_msgs.egg-info/PKG-INFO
[0.752s] writing dependency_links to my_first_packgae_msgs.egg-info/dependency_links.txt
[0.752s] writing top-level names to my_first_packgae_msgs.egg-info/top_level.txt
[0.755s] reading manifest file 'my_first_packgae_msgs.egg-info/SOURCES.txt'
[0.755s] writing manifest file 'my_first_packgae_msgs.egg-info/SOURCES.txt'
[0.798s] [100%] Built target ament_cmake_python_build_my_first_packgae_msgs_egg
[0.818s] Invoked command in '/home/tsi/ros2_study/build/my_first_packgae_msgs' returned '0': CMAKE_PREFIX_PATH=${CMAKE_PREFIX_PATH}:/home/tsi/ros2_study/install/my_first_package:/opt/ros/humble /usr/bin/cmake --build /home/tsi/ros2_study/build/my_first_packgae_msgs -- -j12 -l12
[0.839s] Invoking command in '/home/tsi/ros2_study/build/my_first_packgae_msgs': CMAKE_PREFIX_PATH=${CMAKE_PREFIX_PATH}:/home/tsi/ros2_study/install/my_first_package:/opt/ros/humble /usr/bin/cmake --install /home/tsi/ros2_study/build/my_first_packgae_msgs
[0.849s] -- Install configuration: ""
[0.849s] -- Up-to-date: /home/tsi/ros2_study/install/my_first_packgae_msgs/share/ament_index/resource_index/rosidl_interfaces/my_first_packgae_msgs
[0.849s] -- Up-to-date: /home/tsi/ros2_study/install/my_first_packgae_msgs/include/my_first_packgae_msgs/my_first_packgae_msgs
[0.849s] -- Up-to-date: /home/tsi/ros2_study/install/my_first_packgae_msgs/include/my_first_packgae_msgs/my_first_packgae_msgs/msg
[0.849s] -- Up-to-date: /home/tsi/ros2_study/install/my_first_packgae_msgs/include/my_first_packgae_msgs/my_first_packgae_msgs/msg/cmd_and_pose_vel.h
[0.849s] -- Up-to-date: /home/tsi/ros2_study/install/my_first_packgae_msgs/include/my_first_packgae_msgs/my_first_packgae_msgs/msg/rosidl_generator_c__visibility_control.h
[0.849s] -- Up-to-date: /home/tsi/ros2_study/install/my_first_packgae_msgs/include/my_first_packgae_msgs/my_first_packgae_msgs/msg/detail
[0.849s] -- Up-to-date: /home/tsi/ros2_study/install/my_first_packgae_msgs/include/my_first_packgae_msgs/my_first_packgae_msgs/msg/detail/cmd_and_pose_vel__struct.h
[0.849s] -- Up-to-date: /home/tsi/ros2_study/install/my_first_packgae_msgs/include/my_first_packgae_msgs/my_first_packgae_msgs/msg/detail/cmd_and_pose_vel__functions.h
[0.849s] -- Up-to-date: /home/tsi/ros2_study/install/my_first_packgae_msgs/include/my_first_packgae_msgs/my_first_packgae_msgs/msg/detail/cmd_and_pose_vel__type_support.h
[0.850s] -- Up-to-date: /home/tsi/ros2_study/install/my_first_packgae_msgs/include/my_first_packgae_msgs/my_first_packgae_msgs/msg/detail/cmd_and_pose_vel__functions.c
[0.850s] -- Up-to-date: /home/tsi/ros2_study/install/my_first_packgae_msgs/include/my_first_packgae_msgs/my_first_packgae_msgs/srv
[0.850s] -- Up-to-date: /home/tsi/ros2_study/install/my_first_packgae_msgs/include/my_first_packgae_msgs/my_first_packgae_msgs/srv/multi_spawn.h
[0.850s] -- Up-to-date: /home/tsi/ros2_study/install/my_first_packgae_msgs/include/my_first_packgae_msgs/my_first_packgae_msgs/srv/detail
[0.850s] -- Up-to-date: /home/tsi/ros2_study/install/my_first_packgae_msgs/include/my_first_packgae_msgs/my_first_packgae_msgs/srv/detail/multi_spawn__functions.h
[0.850s] -- Up-to-date: /home/tsi/ros2_study/install/my_first_packgae_msgs/include/my_first_packgae_msgs/my_first_packgae_msgs/srv/detail/multi_spawn__type_support.h
[0.850s] -- Up-to-date: /home/tsi/ros2_study/install/my_first_packgae_msgs/include/my_first_packgae_msgs/my_first_packgae_msgs/srv/detail/multi_spawn__struct.h
[0.850s] -- Up-to-date: /home/tsi/ros2_study/install/my_first_packgae_msgs/include/my_first_packgae_msgs/my_first_packgae_msgs/srv/detail/multi_spawn__functions.c
[0.850s] -- Up-to-date: /home/tsi/ros2_study/install/my_first_packgae_msgs/share/my_first_packgae_msgs/environment/library_path.sh
[0.850s] -- Up-to-date: /home/tsi/ros2_study/install/my_first_packgae_msgs/share/my_first_packgae_msgs/environment/library_path.dsv
[0.850s] -- Up-to-date: /home/tsi/ros2_study/install/my_first_packgae_msgs/lib/libmy_first_packgae_msgs__rosidl_generator_c.so
[0.850s] -- Up-to-date: /home/tsi/ros2_study/install/my_first_packgae_msgs/include/my_first_packgae_msgs/my_first_packgae_msgs
[0.850s] -- Up-to-date: /home/tsi/ros2_study/install/my_first_packgae_msgs/include/my_first_packgae_msgs/my_first_packgae_msgs/msg
[0.850s] -- Up-to-date: /home/tsi/ros2_study/install/my_first_packgae_msgs/include/my_first_packgae_msgs/my_first_packgae_msgs/msg/rosidl_typesupport_fastrtps_c__visibility_control.h
[0.850s] -- Up-to-date: /home/tsi/ros2_study/install/my_first_packgae_msgs/include/my_first_packgae_msgs/my_first_packgae_msgs/msg/detail
[0.850s] -- Up-to-date: /home/tsi/ros2_study/install/my_first_packgae_msgs/include/my_first_packgae_msgs/my_first_packgae_msgs/msg/detail/cmd_and_pose_vel__rosidl_typesupport_fastrtps_c.h
[0.850s] -- Up-to-date: /home/tsi/ros2_study/install/my_first_packgae_msgs/include/my_first_packgae_msgs/my_first_packgae_msgs/srv
[0.851s] -- Up-to-date: /home/tsi/ros2_study/install/my_first_packgae_msgs/include/my_first_packgae_msgs/my_first_packgae_msgs/srv/detail
[0.851s] -- Up-to-date: /home/tsi/ros2_study/install/my_first_packgae_msgs/include/my_first_packgae_msgs/my_first_packgae_msgs/srv/detail/multi_spawn__rosidl_typesupport_fastrtps_c.h
[0.851s] -- Up-to-date: /home/tsi/ros2_study/install/my_first_packgae_msgs/lib/libmy_first_packgae_msgs__rosidl_typesupport_fastrtps_c.so
[0.851s] -- Up-to-date: /home/tsi/ros2_study/install/my_first_packgae_msgs/include/my_first_packgae_msgs/my_first_packgae_msgs
[0.851s] -- Up-to-date: /home/tsi/ros2_study/install/my_first_packgae_msgs/include/my_first_packgae_msgs/my_first_packgae_msgs/msg
[0.851s] -- Up-to-date: /home/tsi/ros2_study/install/my_first_packgae_msgs/include/my_first_packgae_msgs/my_first_packgae_msgs/msg/rosidl_typesupport_introspection_c__visibility_control.h
[0.851s] -- Up-to-date: /home/tsi/ros2_study/install/my_first_packgae_msgs/include/my_first_packgae_msgs/my_first_packgae_msgs/msg/detail
[0.851s] -- Up-to-date: /home/tsi/ros2_study/install/my_first_packgae_msgs/include/my_first_packgae_msgs/my_first_packgae_msgs/msg/detail/cmd_and_pose_vel__rosidl_typesupport_introspection_c.h
[0.851s] -- Up-to-date: /home/tsi/ros2_study/install/my_first_packgae_msgs/include/my_first_packgae_msgs/my_first_packgae_msgs/msg/detail/cmd_and_pose_vel__type_support.c
[0.851s] -- Up-to-date: /home/tsi/ros2_study/install/my_first_packgae_msgs/include/my_first_packgae_msgs/my_first_packgae_msgs/srv
[0.851s] -- Up-to-date: /home/tsi/ros2_study/install/my_first_packgae_msgs/include/my_first_packgae_msgs/my_first_packgae_msgs/srv/detail
[0.851s] -- Up-to-date: /home/tsi/ros2_study/install/my_first_packgae_msgs/include/my_first_packgae_msgs/my_first_packgae_msgs/srv/detail/multi_spawn__rosidl_typesupport_introspection_c.h
[0.851s] -- Up-to-date: /home/tsi/ros2_study/install/my_first_packgae_msgs/include/my_first_packgae_msgs/my_first_packgae_msgs/srv/detail/multi_spawn__type_support.c
[0.851s] -- Up-to-date: /home/tsi/ros2_study/install/my_first_packgae_msgs/lib/libmy_first_packgae_msgs__rosidl_typesupport_introspection_c.so
[0.851s] -- Up-to-date: /home/tsi/ros2_study/install/my_first_packgae_msgs/lib/libmy_first_packgae_msgs__rosidl_typesupport_c.so
[0.851s] -- Up-to-date: /home/tsi/ros2_study/install/my_first_packgae_msgs/include/my_first_packgae_msgs/my_first_packgae_msgs
[0.852s] -- Up-to-date: /home/tsi/ros2_study/install/my_first_packgae_msgs/include/my_first_packgae_msgs/my_first_packgae_msgs/msg
[0.852s] -- Up-to-date: /home/tsi/ros2_study/install/my_first_packgae_msgs/include/my_first_packgae_msgs/my_first_packgae_msgs/msg/rosidl_generator_cpp__visibility_control.hpp
[0.852s] -- Up-to-date: /home/tsi/ros2_study/install/my_first_packgae_msgs/include/my_first_packgae_msgs/my_first_packgae_msgs/msg/cmd_and_pose_vel.hpp
[0.852s] -- Up-to-date: /home/tsi/ros2_study/install/my_first_packgae_msgs/include/my_first_packgae_msgs/my_first_packgae_msgs/msg/detail
[0.852s] -- Up-to-date: /home/tsi/ros2_study/install/my_first_packgae_msgs/include/my_first_packgae_msgs/my_first_packgae_msgs/msg/detail/cmd_and_pose_vel__builder.hpp
[0.852s] -- Up-to-date: /home/tsi/ros2_study/install/my_first_packgae_msgs/include/my_first_packgae_msgs/my_first_packgae_msgs/msg/detail/cmd_and_pose_vel__type_support.hpp
[0.852s] -- Up-to-date: /home/tsi/ros2_study/install/my_first_packgae_msgs/include/my_first_packgae_msgs/my_first_packgae_msgs/msg/detail/cmd_and_pose_vel__struct.hpp
[0.852s] -- Up-to-date: /home/tsi/ros2_study/install/my_first_packgae_msgs/include/my_first_packgae_msgs/my_first_packgae_msgs/msg/detail/cmd_and_pose_vel__traits.hpp
[0.852s] -- Up-to-date: /home/tsi/ros2_study/install/my_first_packgae_msgs/include/my_first_packgae_msgs/my_first_packgae_msgs/srv
[0.852s] -- Up-to-date: /home/tsi/ros2_study/install/my_first_packgae_msgs/include/my_first_packgae_msgs/my_first_packgae_msgs/srv/multi_spawn.hpp
[0.853s] -- Up-to-date: /home/tsi/ros2_study/install/my_first_packgae_msgs/include/my_first_packgae_msgs/my_first_packgae_msgs/srv/detail
[0.853s] -- Up-to-date: /home/tsi/ros2_study/install/my_first_packgae_msgs/include/my_first_packgae_msgs/my_first_packgae_msgs/srv/detail/multi_spawn__struct.hpp
[0.853s] -- Up-to-date: /home/tsi/ros2_study/install/my_first_packgae_msgs/include/my_first_packgae_msgs/my_first_packgae_msgs/srv/detail/multi_spawn__type_support.hpp
[0.853s] -- Up-to-date: /home/tsi/ros2_study/install/my_first_packgae_msgs/include/my_first_packgae_msgs/my_first_packgae_msgs/srv/detail/multi_spawn__traits.hpp
[0.853s] -- Up-to-date: /home/tsi/ros2_study/install/my_first_packgae_msgs/include/my_first_packgae_msgs/my_first_packgae_msgs/srv/detail/multi_spawn__builder.hpp
[0.853s] -- Up-to-date: /home/tsi/ros2_study/install/my_first_packgae_msgs/include/my_first_packgae_msgs/my_first_packgae_msgs
[0.853s] -- Up-to-date: /home/tsi/ros2_study/install/my_first_packgae_msgs/include/my_first_packgae_msgs/my_first_packgae_msgs/msg
[0.853s] -- Up-to-date: /home/tsi/ros2_study/install/my_first_packgae_msgs/include/my_first_packgae_msgs/my_first_packgae_msgs/msg/rosidl_typesupport_fastrtps_cpp__visibility_control.h
[0.853s] -- Up-to-date: /home/tsi/ros2_study/install/my_first_packgae_msgs/include/my_first_packgae_msgs/my_first_packgae_msgs/msg/detail
[0.853s] -- Up-to-date: /home/tsi/ros2_study/install/my_first_packgae_msgs/include/my_first_packgae_msgs/my_first_packgae_msgs/msg/detail/cmd_and_pose_vel__rosidl_typesupport_fastrtps_cpp.hpp
[0.854s] -- Up-to-date: /home/tsi/ros2_study/install/my_first_packgae_msgs/include/my_first_packgae_msgs/my_first_packgae_msgs/msg/detail/dds_fastrtps
[0.854s] -- Up-to-date: /home/tsi/ros2_study/install/my_first_packgae_msgs/include/my_first_packgae_msgs/my_first_packgae_msgs/srv
[0.854s] -- Up-to-date: /home/tsi/ros2_study/install/my_first_packgae_msgs/include/my_first_packgae_msgs/my_first_packgae_msgs/srv/detail
[0.854s] -- Up-to-date: /home/tsi/ros2_study/install/my_first_packgae_msgs/include/my_first_packgae_msgs/my_first_packgae_msgs/srv/detail/dds_fastrtps
[0.854s] -- Up-to-date: /home/tsi/ros2_study/install/my_first_packgae_msgs/include/my_first_packgae_msgs/my_first_packgae_msgs/srv/detail/multi_spawn__rosidl_typesupport_fastrtps_cpp.hpp
[0.854s] -- Up-to-date: /home/tsi/ros2_study/install/my_first_packgae_msgs/lib/libmy_first_packgae_msgs__rosidl_typesupport_fastrtps_cpp.so
[0.854s] -- Up-to-date: /home/tsi/ros2_study/install/my_first_packgae_msgs/include/my_first_packgae_msgs/my_first_packgae_msgs
[0.854s] -- Up-to-date: /home/tsi/ros2_study/install/my_first_packgae_msgs/include/my_first_packgae_msgs/my_first_packgae_msgs/msg
[0.854s] -- Up-to-date: /home/tsi/ros2_study/install/my_first_packgae_msgs/include/my_first_packgae_msgs/my_first_packgae_msgs/msg/detail
[0.855s] -- Up-to-date: /home/tsi/ros2_study/install/my_first_packgae_msgs/include/my_first_packgae_msgs/my_first_packgae_msgs/msg/detail/cmd_and_pose_vel__rosidl_typesupport_introspection_cpp.hpp
[0.855s] -- Up-to-date: /home/tsi/ros2_study/install/my_first_packgae_msgs/include/my_first_packgae_msgs/my_first_packgae_msgs/msg/detail/cmd_and_pose_vel__type_support.cpp
[0.855s] -- Up-to-date: /home/tsi/ros2_study/install/my_first_packgae_msgs/include/my_first_packgae_msgs/my_first_packgae_msgs/srv
[0.855s] -- Up-to-date: /home/tsi/ros2_study/install/my_first_packgae_msgs/include/my_first_packgae_msgs/my_first_packgae_msgs/srv/detail
[0.855s] -- Up-to-date: /home/tsi/ros2_study/install/my_first_packgae_msgs/include/my_first_packgae_msgs/my_first_packgae_msgs/srv/detail/multi_spawn__rosidl_typesupport_introspection_cpp.hpp
[0.855s] -- Up-to-date: /home/tsi/ros2_study/install/my_first_packgae_msgs/include/my_first_packgae_msgs/my_first_packgae_msgs/srv/detail/multi_spawn__type_support.cpp
[0.855s] -- Up-to-date: /home/tsi/ros2_study/install/my_first_packgae_msgs/lib/libmy_first_packgae_msgs__rosidl_typesupport_introspection_cpp.so
[0.855s] -- Up-to-date: /home/tsi/ros2_study/install/my_first_packgae_msgs/lib/libmy_first_packgae_msgs__rosidl_typesupport_cpp.so
[0.855s] -- Up-to-date: /home/tsi/ros2_study/install/my_first_packgae_msgs/share/my_first_packgae_msgs/environment/pythonpath.sh
[0.855s] -- Up-to-date: /home/tsi/ros2_study/install/my_first_packgae_msgs/share/my_first_packgae_msgs/environment/pythonpath.dsv
[0.855s] -- Up-to-date: /home/tsi/ros2_study/install/my_first_packgae_msgs/local/lib/python3.10/dist-packages/my_first_packgae_msgs-0.0.0-py3.10.egg-info
[0.855s] -- Installing: /home/tsi/ros2_study/install/my_first_packgae_msgs/local/lib/python3.10/dist-packages/my_first_packgae_msgs-0.0.0-py3.10.egg-info/PKG-INFO
[0.856s] -- Installing: /home/tsi/ros2_study/install/my_first_packgae_msgs/local/lib/python3.10/dist-packages/my_first_packgae_msgs-0.0.0-py3.10.egg-info/top_level.txt
[0.856s] -- Installing: /home/tsi/ros2_study/install/my_first_packgae_msgs/local/lib/python3.10/dist-packages/my_first_packgae_msgs-0.0.0-py3.10.egg-info/SOURCES.txt
[0.856s] -- Installing: /home/tsi/ros2_study/install/my_first_packgae_msgs/local/lib/python3.10/dist-packages/my_first_packgae_msgs-0.0.0-py3.10.egg-info/dependency_links.txt
[0.856s] -- Up-to-date: /home/tsi/ros2_study/install/my_first_packgae_msgs/local/lib/python3.10/dist-packages/my_first_packgae_msgs
[0.856s] -- Up-to-date: /home/tsi/ros2_study/install/my_first_packgae_msgs/local/lib/python3.10/dist-packages/my_first_packgae_msgs/my_first_packgae_msgs_s__rosidl_typesupport_c.cpython-310-x86_64-linux-gnu.so
[0.856s] -- Up-to-date: /home/tsi/ros2_study/install/my_first_packgae_msgs/local/lib/python3.10/dist-packages/my_first_packgae_msgs/my_first_packgae_msgs_s__rosidl_typesupport_introspection_c.cpython-310-x86_64-linux-gnu.so
[0.856s] -- Up-to-date: /home/tsi/ros2_study/install/my_first_packgae_msgs/local/lib/python3.10/dist-packages/my_first_packgae_msgs/msg
[0.856s] -- Up-to-date: /home/tsi/ros2_study/install/my_first_packgae_msgs/local/lib/python3.10/dist-packages/my_first_packgae_msgs/msg/_cmd_and_pose_vel_s.c
[0.856s] -- Up-to-date: /home/tsi/ros2_study/install/my_first_packgae_msgs/local/lib/python3.10/dist-packages/my_first_packgae_msgs/msg/__init__.py
[0.856s] -- Up-to-date: /home/tsi/ros2_study/install/my_first_packgae_msgs/local/lib/python3.10/dist-packages/my_first_packgae_msgs/msg/_cmd_and_pose_vel.py
[0.856s] -- Up-to-date: /home/tsi/ros2_study/install/my_first_packgae_msgs/local/lib/python3.10/dist-packages/my_first_packgae_msgs/_my_first_packgae_msgs_s.ep.rosidl_typesupport_c.c
[0.857s] -- Up-to-date: /home/tsi/ros2_study/install/my_first_packgae_msgs/local/lib/python3.10/dist-packages/my_first_packgae_msgs/_my_first_packgae_msgs_s.ep.rosidl_typesupport_introspection_c.c
[0.857s] -- Up-to-date: /home/tsi/ros2_study/install/my_first_packgae_msgs/local/lib/python3.10/dist-packages/my_first_packgae_msgs/__init__.py
[0.857s] -- Up-to-date: /home/tsi/ros2_study/install/my_first_packgae_msgs/local/lib/python3.10/dist-packages/my_first_packgae_msgs/my_first_packgae_msgs_s__rosidl_typesupport_fastrtps_c.cpython-310-x86_64-linux-gnu.so
[0.857s] -- Up-to-date: /home/tsi/ros2_study/install/my_first_packgae_msgs/local/lib/python3.10/dist-packages/my_first_packgae_msgs/_my_first_packgae_msgs_s.ep.rosidl_typesupport_fastrtps_c.c
[0.857s] -- Up-to-date: /home/tsi/ros2_study/install/my_first_packgae_msgs/local/lib/python3.10/dist-packages/my_first_packgae_msgs/libmy_first_packgae_msgs__rosidl_generator_py.so
[0.857s] -- Up-to-date: /home/tsi/ros2_study/install/my_first_packgae_msgs/local/lib/python3.10/dist-packages/my_first_packgae_msgs/srv
[0.857s] -- Up-to-date: /home/tsi/ros2_study/install/my_first_packgae_msgs/local/lib/python3.10/dist-packages/my_first_packgae_msgs/srv/_multi_spawn.py
[0.857s] -- Up-to-date: /home/tsi/ros2_study/install/my_first_packgae_msgs/local/lib/python3.10/dist-packages/my_first_packgae_msgs/srv/__init__.py
[0.857s] -- Up-to-date: /home/tsi/ros2_study/install/my_first_packgae_msgs/local/lib/python3.10/dist-packages/my_first_packgae_msgs/srv/_multi_spawn_s.c
[0.900s] Listing '/home/tsi/ros2_study/install/my_first_packgae_msgs/local/lib/python3.10/dist-packages/my_first_packgae_msgs'...
[0.900s] Listing '/home/tsi/ros2_study/install/my_first_packgae_msgs/local/lib/python3.10/dist-packages/my_first_packgae_msgs/msg'...
[0.900s] Listing '/home/tsi/ros2_study/install/my_first_packgae_msgs/local/lib/python3.10/dist-packages/my_first_packgae_msgs/srv'...
[0.904s] -- Up-to-date: /home/tsi/ros2_study/install/my_first_packgae_msgs/local/lib/python3.10/dist-packages/my_first_packgae_msgs/my_first_packgae_msgs_s__rosidl_typesupport_fastrtps_c.cpython-310-x86_64-linux-gnu.so
[0.904s] -- Up-to-date: /home/tsi/ros2_study/install/my_first_packgae_msgs/local/lib/python3.10/dist-packages/my_first_packgae_msgs/my_first_packgae_msgs_s__rosidl_typesupport_introspection_c.cpython-310-x86_64-linux-gnu.so
[0.905s] -- Up-to-date: /home/tsi/ros2_study/install/my_first_packgae_msgs/local/lib/python3.10/dist-packages/my_first_packgae_msgs/my_first_packgae_msgs_s__rosidl_typesupport_c.cpython-310-x86_64-linux-gnu.so
[0.905s] -- Up-to-date: /home/tsi/ros2_study/install/my_first_packgae_msgs/lib/libmy_first_packgae_msgs__rosidl_generator_py.so
[0.905s] -- Up-to-date: /home/tsi/ros2_study/install/my_first_packgae_msgs/share/my_first_packgae_msgs/msg/CmdAndPoseVel.idl
[0.905s] -- Up-to-date: /home/tsi/ros2_study/install/my_first_packgae_msgs/share/my_first_packgae_msgs/srv/MultiSpawn.idl
[0.906s] -- Up-to-date: /home/tsi/ros2_study/install/my_first_packgae_msgs/share/my_first_packgae_msgs/msg/CmdAndPoseVel.msg
[0.906s] -- Up-to-date: /home/tsi/ros2_study/install/my_first_packgae_msgs/share/my_first_packgae_msgs/srv/MultiSpawn.srv
[0.906s] -- Up-to-date: /home/tsi/ros2_study/install/my_first_packgae_msgs/share/my_first_packgae_msgs/srv/MultiSpawn_Request.msg
[0.906s] -- Up-to-date: /home/tsi/ros2_study/install/my_first_packgae_msgs/share/my_first_packgae_msgs/srv/MultiSpawn_Response.msg
[0.907s] -- Up-to-date: /home/tsi/ros2_study/install/my_first_packgae_msgs/share/ament_index/resource_index/package_run_dependencies/my_first_packgae_msgs
[0.907s] -- Up-to-date: /home/tsi/ros2_study/install/my_first_packgae_msgs/share/ament_index/resource_index/parent_prefix_path/my_first_packgae_msgs
[0.907s] -- Up-to-date: /home/tsi/ros2_study/install/my_first_packgae_msgs/share/my_first_packgae_msgs/environment/ament_prefix_path.sh
[0.907s] -- Up-to-date: /home/tsi/ros2_study/install/my_first_packgae_msgs/share/my_first_packgae_msgs/environment/ament_prefix_path.dsv
[0.907s] -- Up-to-date: /home/tsi/ros2_study/install/my_first_packgae_msgs/share/my_first_packgae_msgs/environment/path.sh
[0.908s] -- Up-to-date: /home/tsi/ros2_study/install/my_first_packgae_msgs/share/my_first_packgae_msgs/environment/path.dsv
[0.908s] -- Up-to-date: /home/tsi/ros2_study/install/my_first_packgae_msgs/share/my_first_packgae_msgs/local_setup.bash
[0.908s] -- Up-to-date: /home/tsi/ros2_study/install/my_first_packgae_msgs/share/my_first_packgae_msgs/local_setup.sh
[0.908s] -- Up-to-date: /home/tsi/ros2_study/install/my_first_packgae_msgs/share/my_first_packgae_msgs/local_setup.zsh
[0.908s] -- Up-to-date: /home/tsi/ros2_study/install/my_first_packgae_msgs/share/my_first_packgae_msgs/local_setup.dsv
[0.908s] -- Installing: /home/tsi/ros2_study/install/my_first_packgae_msgs/share/my_first_packgae_msgs/package.dsv
[0.908s] -- Up-to-date: /home/tsi/ros2_study/install/my_first_packgae_msgs/share/ament_index/resource_index/packages/my_first_packgae_msgs
[0.909s] -- Up-to-date: /home/tsi/ros2_study/install/my_first_packgae_msgs/share/my_first_packgae_msgs/cmake/export_my_first_packgae_msgs__rosidl_generator_cExport.cmake
[0.909s] -- Up-to-date: /home/tsi/ros2_study/install/my_first_packgae_msgs/share/my_first_packgae_msgs/cmake/export_my_first_packgae_msgs__rosidl_generator_cExport-noconfig.cmake
[0.910s] -- Up-to-date: /home/tsi/ros2_study/install/my_first_packgae_msgs/share/my_first_packgae_msgs/cmake/export_my_first_packgae_msgs__rosidl_typesupport_fastrtps_cExport.cmake
[0.910s] -- Up-to-date: /home/tsi/ros2_study/install/my_first_packgae_msgs/share/my_first_packgae_msgs/cmake/export_my_first_packgae_msgs__rosidl_typesupport_fastrtps_cExport-noconfig.cmake
[0.911s] -- Up-to-date: /home/tsi/ros2_study/install/my_first_packgae_msgs/share/my_first_packgae_msgs/cmake/my_first_packgae_msgs__rosidl_typesupport_introspection_cExport.cmake
[0.911s] -- Up-to-date: /home/tsi/ros2_study/install/my_first_packgae_msgs/share/my_first_packgae_msgs/cmake/my_first_packgae_msgs__rosidl_typesupport_introspection_cExport-noconfig.cmake
[0.911s] -- Up-to-date: /home/tsi/ros2_study/install/my_first_packgae_msgs/share/my_first_packgae_msgs/cmake/my_first_packgae_msgs__rosidl_typesupport_cExport.cmake
[0.912s] -- Up-to-date: /home/tsi/ros2_study/install/my_first_packgae_msgs/share/my_first_packgae_msgs/cmake/my_first_packgae_msgs__rosidl_typesupport_cExport-noconfig.cmake
[0.912s] -- Up-to-date: /home/tsi/ros2_study/install/my_first_packgae_msgs/share/my_first_packgae_msgs/cmake/export_my_first_packgae_msgs__rosidl_generator_cppExport.cmake
[0.913s] -- Up-to-date: /home/tsi/ros2_study/install/my_first_packgae_msgs/share/my_first_packgae_msgs/cmake/export_my_first_packgae_msgs__rosidl_typesupport_fastrtps_cppExport.cmake
[0.913s] -- Up-to-date: /home/tsi/ros2_study/install/my_first_packgae_msgs/share/my_first_packgae_msgs/cmake/export_my_first_packgae_msgs__rosidl_typesupport_fastrtps_cppExport-noconfig.cmake
[0.913s] -- Up-to-date: /home/tsi/ros2_study/install/my_first_packgae_msgs/share/my_first_packgae_msgs/cmake/my_first_packgae_msgs__rosidl_typesupport_introspection_cppExport.cmake
[0.913s] -- Up-to-date: /home/tsi/ros2_study/install/my_first_packgae_msgs/share/my_first_packgae_msgs/cmake/my_first_packgae_msgs__rosidl_typesupport_introspection_cppExport-noconfig.cmake
[0.914s] -- Up-to-date: /home/tsi/ros2_study/install/my_first_packgae_msgs/share/my_first_packgae_msgs/cmake/my_first_packgae_msgs__rosidl_typesupport_cppExport.cmake
[0.914s] -- Up-to-date: /home/tsi/ros2_study/install/my_first_packgae_msgs/share/my_first_packgae_msgs/cmake/my_first_packgae_msgs__rosidl_typesupport_cppExport-noconfig.cmake
[0.914s] -- Up-to-date: /home/tsi/ros2_study/install/my_first_packgae_msgs/share/my_first_packgae_msgs/cmake/export_my_first_packgae_msgs__rosidl_generator_pyExport.cmake
[0.915s] -- Up-to-date: /home/tsi/ros2_study/install/my_first_packgae_msgs/share/my_first_packgae_msgs/cmake/export_my_first_packgae_msgs__rosidl_generator_pyExport-noconfig.cmake
[0.916s] -- Up-to-date: /home/tsi/ros2_study/install/my_first_packgae_msgs/share/my_first_packgae_msgs/cmake/rosidl_cmake-extras.cmake
[0.916s] -- Up-to-date: /home/tsi/ros2_study/install/my_first_packgae_msgs/share/my_first_packgae_msgs/cmake/ament_cmake_export_include_directories-extras.cmake
[0.916s] -- Up-to-date: /home/tsi/ros2_study/install/my_first_packgae_msgs/share/my_first_packgae_msgs/cmake/ament_cmake_export_libraries-extras.cmake
[0.916s] -- Up-to-date: /home/tsi/ros2_study/install/my_first_packgae_msgs/share/my_first_packgae_msgs/cmake/ament_cmake_export_targets-extras.cmake
[0.917s] -- Up-to-date: /home/tsi/ros2_study/install/my_first_packgae_msgs/share/my_first_packgae_msgs/cmake/rosidl_cmake_export_typesupport_targets-extras.cmake
[0.918s] -- Up-to-date: /home/tsi/ros2_study/install/my_first_packgae_msgs/share/my_first_packgae_msgs/cmake/ament_cmake_export_dependencies-extras.cmake
[0.918s] -- Up-to-date: /home/tsi/ros2_study/install/my_first_packgae_msgs/share/my_first_packgae_msgs/cmake/rosidl_cmake_export_typesupport_libraries-extras.cmake
[0.918s] -- Up-to-date: /home/tsi/ros2_study/install/my_first_packgae_msgs/share/my_first_packgae_msgs/cmake/my_first_packgae_msgsConfig.cmake
[0.919s] -- Up-to-date: /home/tsi/ros2_study/install/my_first_packgae_msgs/share/my_first_packgae_msgs/cmake/my_first_packgae_msgsConfig-version.cmake
[0.919s] -- Up-to-date: /home/tsi/ros2_study/install/my_first_packgae_msgs/share/my_first_packgae_msgs/package.xml
[0.919s] Invoked command in '/home/tsi/ros2_study/build/my_first_packgae_msgs' returned '0': CMAKE_PREFIX_PATH=${CMAKE_PREFIX_PATH}:/home/tsi/ros2_study/install/my_first_package:/opt/ros/humble /usr/bin/cmake --install /home/tsi/ros2_study/build/my_first_packgae_msgs
