[0.657s] Invoking command in '/home/tsi/ros2_study/src/my_first_package': PYTHONPATH=/home/tsi/ros2_study/build/my_first_package/prefix_override:/usr/lib/python3/dist-packages/colcon_core/task/python/colcon_distutils_commands:/home/tsi/ros2_study/install/my_first_package/lib/python3.10/site-packages:${PYTHONPATH} /usr/bin/python3 -W ignore:setup.py install is deprecated -W ignore:easy_install command is deprecated setup.py egg_info --egg-base ../../build/my_first_package build --build-base /home/tsi/ros2_study/build/my_first_package/build install --record /home/tsi/ros2_study/build/my_first_package/install.log --single-version-externally-managed install_data
[0.910s] running egg_info
[0.910s] writing ../../build/my_first_package/my_first_package.egg-info/PKG-INFO
[0.910s] writing dependency_links to ../../build/my_first_package/my_first_package.egg-info/dependency_links.txt
[0.911s] writing entry points to ../../build/my_first_package/my_first_package.egg-info/entry_points.txt
[0.911s] writing requirements to ../../build/my_first_package/my_first_package.egg-info/requires.txt
[0.911s] writing top-level names to ../../build/my_first_package/my_first_package.egg-info/top_level.txt
[0.912s] reading manifest file '../../build/my_first_package/my_first_package.egg-info/SOURCES.txt'
[0.913s] writing manifest file '../../build/my_first_package/my_first_package.egg-info/SOURCES.txt'
[0.913s] running build
[0.913s] running build_py
[0.914s] copying my_first_package/turtle_cmd_and_pose.py -> /home/tsi/ros2_study/build/my_first_package/build/lib/my_first_package
[0.914s] running install
[0.914s] running install_lib
[0.915s] copying /home/tsi/ros2_study/build/my_first_package/build/lib/my_first_package/turtle_cmd_and_pose.py -> /home/tsi/ros2_study/install/my_first_package/lib/python3.10/site-packages/my_first_package
[0.915s] byte-compiling /home/tsi/ros2_study/install/my_first_package/lib/python3.10/site-packages/my_first_package/turtle_cmd_and_pose.py to turtle_cmd_and_pose.cpython-310.pyc
[0.915s] running install_data
[0.916s] running install_egg_info
[0.917s] removing '/home/tsi/ros2_study/install/my_first_package/lib/python3.10/site-packages/my_first_package-0.0.0-py3.10.egg-info' (and everything under it)
[0.917s] Copying ../../build/my_first_package/my_first_package.egg-info to /home/tsi/ros2_study/install/my_first_package/lib/python3.10/site-packages/my_first_package-0.0.0-py3.10.egg-info
[0.918s] running install_scripts
[0.938s] Installing my_first_node script to /home/tsi/ros2_study/install/my_first_package/lib/my_first_package
[0.938s] Installing my_publisher script to /home/tsi/ros2_study/install/my_first_package/lib/my_first_package
[0.938s] Installing my_subscriber script to /home/tsi/ros2_study/install/my_first_package/lib/my_first_package
[0.938s] Installing turtle_cmd_and_pose script to /home/tsi/ros2_study/install/my_first_package/lib/my_first_package
[0.938s] writing list of installed files to '/home/tsi/ros2_study/build/my_first_package/install.log'
[0.965s] Invoked command in '/home/tsi/ros2_study/src/my_first_package' returned '0': PYTHONPATH=/home/tsi/ros2_study/build/my_first_package/prefix_override:/usr/lib/python3/dist-packages/colcon_core/task/python/colcon_distutils_commands:/home/tsi/ros2_study/install/my_first_package/lib/python3.10/site-packages:${PYTHONPATH} /usr/bin/python3 -W ignore:setup.py install is deprecated -W ignore:easy_install command is deprecated setup.py egg_info --egg-base ../../build/my_first_package build --build-base /home/tsi/ros2_study/build/my_first_package/build install --record /home/tsi/ros2_study/build/my_first_package/install.log --single-version-externally-managed install_data
