[0.103s] DEBUG:colcon:Command line arguments: ['/usr/bin/colcon', 'build']
[0.103s] DEBUG:colcon:Parsed command line arguments: Namespace(log_base=None, log_level=None, verb_name='build', build_base='build', install_base='install', merge_install=False, symlink_install=False, test_result_base=None, continue_on_error=False, executor='parallel', parallel_workers=12, event_handlers=None, ignore_user_meta=False, metas=['./colcon.meta'], base_paths=['.'], packages_ignore=None, packages_ignore_regex=None, paths=None, packages_up_to=None, packages_up_to_regex=None, packages_above=None, packages_above_and_dependencies=None, packages_above_depth=None, packages_select_by_dep=None, packages_skip_by_dep=None, packages_skip_up_to=None, packages_select_build_failed=False, packages_skip_build_finished=False, packages_select_test_failures=False, packages_skip_test_passed=False, packages_select=None, packages_skip=None, packages_select_regex=None, packages_skip_regex=None, packages_start=None, packages_end=None, allow_overriding=[], cmake_args=None, cmake_target=None, cmake_target_skip_unavailable=False, cmake_clean_cache=False, cmake_clean_first=False, cmake_force_configure=False, ament_cmake_args=None, catkin_cmake_args=None, catkin_skip_building_tests=False, mixin_files=None, mixin=None, verb_parser=<colcon_mixin.mixin.mixin_argument.MixinArgumentDecorator object at 0x78dea9580040>, verb_extension=<colcon_core.verb.build.BuildVerb object at 0x78dea954f250>, main=<bound method BuildVerb.main of <colcon_core.verb.build.BuildVerb object at 0x78dea954f250>>, mixin_verb=('build',))
[0.268s] Level 1:colcon.colcon_core.package_discovery:discover_packages(colcon_meta) check parameters
[0.268s] Level 1:colcon.colcon_core.package_discovery:discover_packages(recursive) check parameters
[0.268s] Level 1:colcon.colcon_core.package_discovery:discover_packages(ignore) check parameters
[0.268s] Level 1:colcon.colcon_core.package_discovery:discover_packages(path) check parameters
[0.268s] Level 1:colcon.colcon_core.package_discovery:discover_packages(colcon_meta) discover
[0.268s] Level 1:colcon.colcon_core.package_discovery:discover_packages(recursive) discover
[0.268s] INFO:colcon.colcon_core.package_discovery:Crawling recursively for packages in '/home/tsi/ros2_study'
[0.268s] Level 1:colcon.colcon_core.package_identification:_identify(.) by extensions ['ignore', 'ignore_ament_install']
[0.268s] Level 1:colcon.colcon_core.package_identification:_identify(.) by extension 'ignore'
[0.268s] Level 1:colcon.colcon_core.package_identification:_identify(.) by extension 'ignore_ament_install'
[0.268s] Level 1:colcon.colcon_core.package_identification:_identify(.) by extensions ['colcon_pkg']
[0.269s] Level 1:colcon.colcon_core.package_identification:_identify(.) by extension 'colcon_pkg'
[0.269s] Level 1:colcon.colcon_core.package_identification:_identify(.) by extensions ['colcon_meta']
[0.269s] Level 1:colcon.colcon_core.package_identification:_identify(.) by extension 'colcon_meta'
[0.269s] Level 1:colcon.colcon_core.package_identification:_identify(.) by extensions ['ros']
[0.269s] Level 1:colcon.colcon_core.package_identification:_identify(.) by extension 'ros'
[0.279s] Level 1:colcon.colcon_core.package_identification:_identify(.) by extensions ['cmake', 'python']
[0.279s] Level 1:colcon.colcon_core.package_identification:_identify(.) by extension 'cmake'
[0.279s] Level 1:colcon.colcon_core.package_identification:_identify(.) by extension 'python'
[0.279s] Level 1:colcon.colcon_core.package_identification:_identify(.) by extensions ['python_setup_py']
[0.279s] Level 1:colcon.colcon_core.package_identification:_identify(.) by extension 'python_setup_py'
[0.280s] Level 1:colcon.colcon_core.package_identification:_identify(build) by extensions ['ignore', 'ignore_ament_install']
[0.280s] Level 1:colcon.colcon_core.package_identification:_identify(build) by extension 'ignore'
[0.280s] Level 1:colcon.colcon_core.package_identification:_identify(build) ignored
[0.280s] Level 1:colcon.colcon_core.package_identification:_identify(install) by extensions ['ignore', 'ignore_ament_install']
[0.280s] Level 1:colcon.colcon_core.package_identification:_identify(install) by extension 'ignore'
[0.280s] Level 1:colcon.colcon_core.package_identification:_identify(install) ignored
[0.280s] Level 1:colcon.colcon_core.package_identification:_identify(log) by extensions ['ignore', 'ignore_ament_install']
[0.280s] Level 1:colcon.colcon_core.package_identification:_identify(log) by extension 'ignore'
[0.280s] Level 1:colcon.colcon_core.package_identification:_identify(log) ignored
[0.280s] Level 1:colcon.colcon_core.package_identification:_identify(src) by extensions ['ignore', 'ignore_ament_install']
[0.280s] Level 1:colcon.colcon_core.package_identification:_identify(src) by extension 'ignore'
[0.280s] Level 1:colcon.colcon_core.package_identification:_identify(src) by extension 'ignore_ament_install'
[0.280s] Level 1:colcon.colcon_core.package_identification:_identify(src) by extensions ['colcon_pkg']
[0.280s] Level 1:colcon.colcon_core.package_identification:_identify(src) by extension 'colcon_pkg'
[0.280s] Level 1:colcon.colcon_core.package_identification:_identify(src) by extensions ['colcon_meta']
[0.280s] Level 1:colcon.colcon_core.package_identification:_identify(src) by extension 'colcon_meta'
[0.280s] Level 1:colcon.colcon_core.package_identification:_identify(src) by extensions ['ros']
[0.280s] Level 1:colcon.colcon_core.package_identification:_identify(src) by extension 'ros'
[0.281s] Level 1:colcon.colcon_core.package_identification:_identify(src) by extensions ['cmake', 'python']
[0.281s] Level 1:colcon.colcon_core.package_identification:_identify(src) by extension 'cmake'
[0.281s] Level 1:colcon.colcon_core.package_identification:_identify(src) by extension 'python'
[0.281s] Level 1:colcon.colcon_core.package_identification:_identify(src) by extensions ['python_setup_py']
[0.281s] Level 1:colcon.colcon_core.package_identification:_identify(src) by extension 'python_setup_py'
[0.281s] Level 1:colcon.colcon_core.package_identification:_identify(src/my_first_package) by extensions ['ignore', 'ignore_ament_install']
[0.281s] Level 1:colcon.colcon_core.package_identification:_identify(src/my_first_package) by extension 'ignore'
[0.281s] Level 1:colcon.colcon_core.package_identification:_identify(src/my_first_package) by extension 'ignore_ament_install'
[0.281s] Level 1:colcon.colcon_core.package_identification:_identify(src/my_first_package) by extensions ['colcon_pkg']
[0.281s] Level 1:colcon.colcon_core.package_identification:_identify(src/my_first_package) by extension 'colcon_pkg'
[0.281s] Level 1:colcon.colcon_core.package_identification:_identify(src/my_first_package) by extensions ['colcon_meta']
[0.281s] Level 1:colcon.colcon_core.package_identification:_identify(src/my_first_package) by extension 'colcon_meta'
[0.281s] Level 1:colcon.colcon_core.package_identification:_identify(src/my_first_package) by extensions ['ros']
[0.281s] Level 1:colcon.colcon_core.package_identification:_identify(src/my_first_package) by extension 'ros'
[0.294s] DEBUG:colcon.colcon_core.package_identification:Package 'src/my_first_package' with type 'ros.ament_python' and name 'my_first_package'
[0.294s] Level 1:colcon.colcon_core.package_identification:_identify(src/my_first_packgae_msgs) by extensions ['ignore', 'ignore_ament_install']
[0.294s] Level 1:colcon.colcon_core.package_identification:_identify(src/my_first_packgae_msgs) by extension 'ignore'
[0.294s] Level 1:colcon.colcon_core.package_identification:_identify(src/my_first_packgae_msgs) by extension 'ignore_ament_install'
[0.294s] Level 1:colcon.colcon_core.package_identification:_identify(src/my_first_packgae_msgs) by extensions ['colcon_pkg']
[0.294s] Level 1:colcon.colcon_core.package_identification:_identify(src/my_first_packgae_msgs) by extension 'colcon_pkg'
[0.294s] Level 1:colcon.colcon_core.package_identification:_identify(src/my_first_packgae_msgs) by extensions ['colcon_meta']
[0.294s] Level 1:colcon.colcon_core.package_identification:_identify(src/my_first_packgae_msgs) by extension 'colcon_meta'
[0.294s] Level 1:colcon.colcon_core.package_identification:_identify(src/my_first_packgae_msgs) by extensions ['ros']
[0.294s] Level 1:colcon.colcon_core.package_identification:_identify(src/my_first_packgae_msgs) by extension 'ros'
[0.295s] DEBUG:colcon.colcon_core.package_identification:Package 'src/my_first_packgae_msgs' with type 'ros.ament_cmake' and name 'my_first_packgae_msgs'
[0.295s] Level 1:colcon.colcon_core.package_discovery:discover_packages(recursive) using defaults
[0.295s] Level 1:colcon.colcon_core.package_discovery:discover_packages(ignore) discover
[0.295s] Level 1:colcon.colcon_core.package_discovery:discover_packages(ignore) using defaults
[0.295s] Level 1:colcon.colcon_core.package_discovery:discover_packages(path) discover
[0.295s] Level 1:colcon.colcon_core.package_discovery:discover_packages(path) using defaults
[0.313s] Level 1:colcon.colcon_core.package_discovery:discover_packages(prefix_path) check parameters
[0.313s] Level 1:colcon.colcon_core.package_discovery:discover_packages(prefix_path) discover
[0.314s] DEBUG:colcon.colcon_installed_package_information.package_discovery:Found 2 installed packages in /home/tsi/ros2_study/install
[0.316s] DEBUG:colcon.colcon_installed_package_information.package_discovery:Found 363 installed packages in /opt/ros/humble
[0.318s] Level 1:colcon.colcon_core.package_discovery:discover_packages(prefix_path) using defaults
[0.358s] Level 5:colcon.colcon_core.verb:set package 'my_first_package' build argument 'cmake_args' from command line to 'None'
[0.358s] Level 5:colcon.colcon_core.verb:set package 'my_first_package' build argument 'cmake_target' from command line to 'None'
[0.358s] Level 5:colcon.colcon_core.verb:set package 'my_first_package' build argument 'cmake_target_skip_unavailable' from command line to 'False'
[0.358s] Level 5:colcon.colcon_core.verb:set package 'my_first_package' build argument 'cmake_clean_cache' from command line to 'False'
[0.358s] Level 5:colcon.colcon_core.verb:set package 'my_first_package' build argument 'cmake_clean_first' from command line to 'False'
[0.358s] Level 5:colcon.colcon_core.verb:set package 'my_first_package' build argument 'cmake_force_configure' from command line to 'False'
[0.358s] Level 5:colcon.colcon_core.verb:set package 'my_first_package' build argument 'ament_cmake_args' from command line to 'None'
[0.358s] Level 5:colcon.colcon_core.verb:set package 'my_first_package' build argument 'catkin_cmake_args' from command line to 'None'
[0.358s] Level 5:colcon.colcon_core.verb:set package 'my_first_package' build argument 'catkin_skip_building_tests' from command line to 'False'
[0.358s] DEBUG:colcon.colcon_core.verb:Building package 'my_first_package' with the following arguments: {'ament_cmake_args': None, 'build_base': '/home/tsi/ros2_study/build/my_first_package', 'catkin_cmake_args': None, 'catkin_skip_building_tests': False, 'cmake_args': None, 'cmake_clean_cache': False, 'cmake_clean_first': False, 'cmake_force_configure': False, 'cmake_target': None, 'cmake_target_skip_unavailable': False, 'install_base': '/home/tsi/ros2_study/install/my_first_package', 'merge_install': False, 'path': '/home/tsi/ros2_study/src/my_first_package', 'symlink_install': False, 'test_result_base': None}
[0.358s] Level 5:colcon.colcon_core.verb:set package 'my_first_packgae_msgs' build argument 'cmake_args' from command line to 'None'
[0.358s] Level 5:colcon.colcon_core.verb:set package 'my_first_packgae_msgs' build argument 'cmake_target' from command line to 'None'
[0.358s] Level 5:colcon.colcon_core.verb:set package 'my_first_packgae_msgs' build argument 'cmake_target_skip_unavailable' from command line to 'False'
[0.358s] Level 5:colcon.colcon_core.verb:set package 'my_first_packgae_msgs' build argument 'cmake_clean_cache' from command line to 'False'
[0.358s] Level 5:colcon.colcon_core.verb:set package 'my_first_packgae_msgs' build argument 'cmake_clean_first' from command line to 'False'
[0.358s] Level 5:colcon.colcon_core.verb:set package 'my_first_packgae_msgs' build argument 'cmake_force_configure' from command line to 'False'
[0.358s] Level 5:colcon.colcon_core.verb:set package 'my_first_packgae_msgs' build argument 'ament_cmake_args' from command line to 'None'
[0.358s] Level 5:colcon.colcon_core.verb:set package 'my_first_packgae_msgs' build argument 'catkin_cmake_args' from command line to 'None'
[0.358s] Level 5:colcon.colcon_core.verb:set package 'my_first_packgae_msgs' build argument 'catkin_skip_building_tests' from command line to 'False'
[0.358s] DEBUG:colcon.colcon_core.verb:Building package 'my_first_packgae_msgs' with the following arguments: {'ament_cmake_args': None, 'build_base': '/home/tsi/ros2_study/build/my_first_packgae_msgs', 'catkin_cmake_args': None, 'catkin_skip_building_tests': False, 'cmake_args': None, 'cmake_clean_cache': False, 'cmake_clean_first': False, 'cmake_force_configure': False, 'cmake_target': None, 'cmake_target_skip_unavailable': False, 'install_base': '/home/tsi/ros2_study/install/my_first_packgae_msgs', 'merge_install': False, 'path': '/home/tsi/ros2_study/src/my_first_packgae_msgs', 'symlink_install': False, 'test_result_base': None}
[0.359s] INFO:colcon.colcon_core.executor:Executing jobs using 'parallel' executor
[0.360s] DEBUG:colcon.colcon_parallel_executor.executor.parallel:run_until_complete
[0.360s] INFO:colcon.colcon_ros.task.ament_python.build:Building ROS package in '/home/tsi/ros2_study/src/my_first_package' with build type 'ament_python'
[0.360s] Level 1:colcon.colcon_core.shell:create_environment_hook('my_first_package', 'ament_prefix_path')
[0.362s] INFO:colcon.colcon_core.plugin_system:Skipping extension 'colcon_core.shell.bat': Not used on non-Windows systems
[0.362s] INFO:colcon.colcon_core.shell:Creating environment hook '/home/tsi/ros2_study/install/my_first_package/share/my_first_package/hook/ament_prefix_path.ps1'
[0.363s] INFO:colcon.colcon_core.shell:Creating environment descriptor '/home/tsi/ros2_study/install/my_first_package/share/my_first_package/hook/ament_prefix_path.dsv'
[0.363s] INFO:colcon.colcon_core.shell:Creating environment hook '/home/tsi/ros2_study/install/my_first_package/share/my_first_package/hook/ament_prefix_path.sh'
[0.364s] INFO:colcon.colcon_core.shell:Skip shell extension 'powershell' for command environment: Not usable outside of PowerShell
[0.364s] DEBUG:colcon.colcon_core.shell:Skip shell extension 'dsv' for command environment
[0.367s] INFO:colcon.colcon_ros.task.ament_cmake.build:Building ROS package in '/home/tsi/ros2_study/src/my_first_packgae_msgs' with build type 'ament_cmake'
[0.368s] INFO:colcon.colcon_cmake.task.cmake.build:Building CMake package in '/home/tsi/ros2_study/src/my_first_packgae_msgs'
[0.368s] INFO:colcon.colcon_core.shell:Skip shell extension 'powershell' for command environment: Not usable outside of PowerShell
[0.368s] DEBUG:colcon.colcon_core.shell:Skip shell extension 'dsv' for command environment
[0.645s] INFO:colcon.colcon_core.task.python.build:Building Python package in '/home/tsi/ros2_study/src/my_first_package'
[0.646s] INFO:colcon.colcon_core.shell:Skip shell extension 'powershell' for command environment: Not usable outside of PowerShell
[0.646s] DEBUG:colcon.colcon_core.shell:Skip shell extension 'dsv' for command environment
[0.667s] DEBUG:colcon.colcon_core.event_handler.log_command:Invoking command in '/home/tsi/ros2_study/build/my_first_packgae_msgs': CMAKE_PREFIX_PATH=${CMAKE_PREFIX_PATH}:/home/tsi/ros2_study/install/my_first_package:/opt/ros/humble /usr/bin/cmake --build /home/tsi/ros2_study/build/my_first_packgae_msgs -- -j12 -l12
[1.080s] DEBUG:colcon.colcon_core.event_handler.log_command:Invoking command in '/home/tsi/ros2_study/src/my_first_package': PYTHONPATH=/home/tsi/ros2_study/build/my_first_package/prefix_override:/usr/lib/python3/dist-packages/colcon_core/task/python/colcon_distutils_commands:/home/tsi/ros2_study/install/my_first_package/lib/python3.10/site-packages:${PYTHONPATH} /usr/bin/python3 -W ignore:setup.py install is deprecated -W ignore:easy_install command is deprecated setup.py egg_info --egg-base ../../build/my_first_package build --build-base /home/tsi/ros2_study/build/my_first_package/build install --record /home/tsi/ros2_study/build/my_first_package/install.log --single-version-externally-managed install_data
[1.160s] DEBUG:colcon.colcon_core.event_handler.log_command:Invoked command in '/home/tsi/ros2_study/build/my_first_packgae_msgs' returned '0': CMAKE_PREFIX_PATH=${CMAKE_PREFIX_PATH}:/home/tsi/ros2_study/install/my_first_package:/opt/ros/humble /usr/bin/cmake --build /home/tsi/ros2_study/build/my_first_packgae_msgs -- -j12 -l12
[1.185s] DEBUG:colcon.colcon_core.event_handler.log_command:Invoking command in '/home/tsi/ros2_study/build/my_first_packgae_msgs': CMAKE_PREFIX_PATH=${CMAKE_PREFIX_PATH}:/home/tsi/ros2_study/install/my_first_package:/opt/ros/humble /usr/bin/cmake --install /home/tsi/ros2_study/build/my_first_packgae_msgs
[1.267s] Level 1:colcon.colcon_core.environment:create_environment_scripts_only(my_first_packgae_msgs)
[1.268s] DEBUG:colcon.colcon_core.event_handler.log_command:Invoked command in '/home/tsi/ros2_study/build/my_first_packgae_msgs' returned '0': CMAKE_PREFIX_PATH=${CMAKE_PREFIX_PATH}:/home/tsi/ros2_study/install/my_first_package:/opt/ros/humble /usr/bin/cmake --install /home/tsi/ros2_study/build/my_first_packgae_msgs
[1.274s] Level 1:colcon.colcon_core.environment:checking '/home/tsi/ros2_study/install/my_first_packgae_msgs' for CMake module files
[1.275s] Level 1:colcon.colcon_core.environment:checking '/home/tsi/ros2_study/install/my_first_packgae_msgs' for CMake config files
[1.277s] Level 1:colcon.colcon_core.shell:create_environment_hook('my_first_packgae_msgs', 'cmake_prefix_path')
[1.277s] INFO:colcon.colcon_core.shell:Creating environment hook '/home/tsi/ros2_study/install/my_first_packgae_msgs/share/my_first_packgae_msgs/hook/cmake_prefix_path.ps1'
[1.278s] INFO:colcon.colcon_core.shell:Creating environment descriptor '/home/tsi/ros2_study/install/my_first_packgae_msgs/share/my_first_packgae_msgs/hook/cmake_prefix_path.dsv'
[1.279s] INFO:colcon.colcon_core.shell:Creating environment hook '/home/tsi/ros2_study/install/my_first_packgae_msgs/share/my_first_packgae_msgs/hook/cmake_prefix_path.sh'
[1.280s] Level 1:colcon.colcon_core.environment:checking '/home/tsi/ros2_study/install/my_first_packgae_msgs/lib'
[1.280s] Level 1:colcon.colcon_core.shell:create_environment_hook('my_first_packgae_msgs', 'ld_library_path_lib')
[1.281s] INFO:colcon.colcon_core.shell:Creating environment hook '/home/tsi/ros2_study/install/my_first_packgae_msgs/share/my_first_packgae_msgs/hook/ld_library_path_lib.ps1'
[1.282s] INFO:colcon.colcon_core.shell:Creating environment descriptor '/home/tsi/ros2_study/install/my_first_packgae_msgs/share/my_first_packgae_msgs/hook/ld_library_path_lib.dsv'
[1.282s] INFO:colcon.colcon_core.shell:Creating environment hook '/home/tsi/ros2_study/install/my_first_packgae_msgs/share/my_first_packgae_msgs/hook/ld_library_path_lib.sh'
[1.283s] Level 1:colcon.colcon_core.environment:checking '/home/tsi/ros2_study/install/my_first_packgae_msgs/bin'
[1.283s] Level 1:colcon.colcon_core.environment:checking '/home/tsi/ros2_study/install/my_first_packgae_msgs/lib/pkgconfig/my_first_packgae_msgs.pc'
[1.284s] Level 1:colcon.colcon_core.environment:checking '/home/tsi/ros2_study/install/my_first_packgae_msgs/lib/python3.10/site-packages'
[1.284s] Level 1:colcon.colcon_core.environment:checking '/home/tsi/ros2_study/install/my_first_packgae_msgs/bin'
[1.285s] INFO:colcon.colcon_core.shell:Creating package script '/home/tsi/ros2_study/install/my_first_packgae_msgs/share/my_first_packgae_msgs/package.ps1'
[1.286s] INFO:colcon.colcon_core.shell:Creating package descriptor '/home/tsi/ros2_study/install/my_first_packgae_msgs/share/my_first_packgae_msgs/package.dsv'
[1.287s] INFO:colcon.colcon_core.shell:Creating package script '/home/tsi/ros2_study/install/my_first_packgae_msgs/share/my_first_packgae_msgs/package.sh'
[1.288s] INFO:colcon.colcon_core.shell:Creating package script '/home/tsi/ros2_study/install/my_first_packgae_msgs/share/my_first_packgae_msgs/package.bash'
[1.289s] INFO:colcon.colcon_core.shell:Creating package script '/home/tsi/ros2_study/install/my_first_packgae_msgs/share/my_first_packgae_msgs/package.zsh'
[1.290s] Level 1:colcon.colcon_core.environment:create_file_with_runtime_dependencies(/home/tsi/ros2_study/install/my_first_packgae_msgs/share/colcon-core/packages/my_first_packgae_msgs)
[1.291s] Level 1:colcon.colcon_core.environment:create_environment_scripts_only(my_first_packgae_msgs)
[1.291s] Level 1:colcon.colcon_core.environment:checking '/home/tsi/ros2_study/install/my_first_packgae_msgs' for CMake module files
[1.292s] Level 1:colcon.colcon_core.environment:checking '/home/tsi/ros2_study/install/my_first_packgae_msgs' for CMake config files
[1.293s] Level 1:colcon.colcon_core.shell:create_environment_hook('my_first_packgae_msgs', 'cmake_prefix_path')
[1.293s] INFO:colcon.colcon_core.shell:Creating environment hook '/home/tsi/ros2_study/install/my_first_packgae_msgs/share/my_first_packgae_msgs/hook/cmake_prefix_path.ps1'
[1.294s] INFO:colcon.colcon_core.shell:Creating environment descriptor '/home/tsi/ros2_study/install/my_first_packgae_msgs/share/my_first_packgae_msgs/hook/cmake_prefix_path.dsv'
[1.294s] INFO:colcon.colcon_core.shell:Creating environment hook '/home/tsi/ros2_study/install/my_first_packgae_msgs/share/my_first_packgae_msgs/hook/cmake_prefix_path.sh'
[1.295s] Level 1:colcon.colcon_core.environment:checking '/home/tsi/ros2_study/install/my_first_packgae_msgs/lib'
[1.295s] Level 1:colcon.colcon_core.shell:create_environment_hook('my_first_packgae_msgs', 'ld_library_path_lib')
[1.295s] INFO:colcon.colcon_core.shell:Creating environment hook '/home/tsi/ros2_study/install/my_first_packgae_msgs/share/my_first_packgae_msgs/hook/ld_library_path_lib.ps1'
[1.296s] INFO:colcon.colcon_core.shell:Creating environment descriptor '/home/tsi/ros2_study/install/my_first_packgae_msgs/share/my_first_packgae_msgs/hook/ld_library_path_lib.dsv'
[1.296s] INFO:colcon.colcon_core.shell:Creating environment hook '/home/tsi/ros2_study/install/my_first_packgae_msgs/share/my_first_packgae_msgs/hook/ld_library_path_lib.sh'
[1.296s] Level 1:colcon.colcon_core.environment:checking '/home/tsi/ros2_study/install/my_first_packgae_msgs/bin'
[1.296s] Level 1:colcon.colcon_core.environment:checking '/home/tsi/ros2_study/install/my_first_packgae_msgs/lib/pkgconfig/my_first_packgae_msgs.pc'
[1.297s] Level 1:colcon.colcon_core.environment:checking '/home/tsi/ros2_study/install/my_first_packgae_msgs/lib/python3.10/site-packages'
[1.297s] Level 1:colcon.colcon_core.environment:checking '/home/tsi/ros2_study/install/my_first_packgae_msgs/bin'
[1.297s] INFO:colcon.colcon_core.shell:Creating package script '/home/tsi/ros2_study/install/my_first_packgae_msgs/share/my_first_packgae_msgs/package.ps1'
[1.298s] INFO:colcon.colcon_core.shell:Creating package descriptor '/home/tsi/ros2_study/install/my_first_packgae_msgs/share/my_first_packgae_msgs/package.dsv'
[1.299s] INFO:colcon.colcon_core.shell:Creating package script '/home/tsi/ros2_study/install/my_first_packgae_msgs/share/my_first_packgae_msgs/package.sh'
[1.299s] INFO:colcon.colcon_core.shell:Creating package script '/home/tsi/ros2_study/install/my_first_packgae_msgs/share/my_first_packgae_msgs/package.bash'
[1.299s] INFO:colcon.colcon_core.shell:Creating package script '/home/tsi/ros2_study/install/my_first_packgae_msgs/share/my_first_packgae_msgs/package.zsh'
[1.300s] Level 1:colcon.colcon_core.environment:create_file_with_runtime_dependencies(/home/tsi/ros2_study/install/my_first_packgae_msgs/share/colcon-core/packages/my_first_packgae_msgs)
[1.393s] Level 1:colcon.colcon_core.environment:checking '/home/tsi/ros2_study/install/my_first_package' for CMake module files
[1.395s] DEBUG:colcon.colcon_core.event_handler.log_command:Invoked command in '/home/tsi/ros2_study/src/my_first_package' returned '0': PYTHONPATH=/home/tsi/ros2_study/build/my_first_package/prefix_override:/usr/lib/python3/dist-packages/colcon_core/task/python/colcon_distutils_commands:/home/tsi/ros2_study/install/my_first_package/lib/python3.10/site-packages:${PYTHONPATH} /usr/bin/python3 -W ignore:setup.py install is deprecated -W ignore:easy_install command is deprecated setup.py egg_info --egg-base ../../build/my_first_package build --build-base /home/tsi/ros2_study/build/my_first_package/build install --record /home/tsi/ros2_study/build/my_first_package/install.log --single-version-externally-managed install_data
[1.395s] Level 1:colcon.colcon_core.environment:checking '/home/tsi/ros2_study/install/my_first_package' for CMake config files
[1.396s] Level 1:colcon.colcon_core.environment:checking '/home/tsi/ros2_study/install/my_first_package/lib'
[1.396s] Level 1:colcon.colcon_core.environment:checking '/home/tsi/ros2_study/install/my_first_package/bin'
[1.396s] Level 1:colcon.colcon_core.environment:checking '/home/tsi/ros2_study/install/my_first_package/lib/pkgconfig/my_first_package.pc'
[1.396s] Level 1:colcon.colcon_core.environment:checking '/home/tsi/ros2_study/install/my_first_package/lib/python3.10/site-packages'
[1.397s] Level 1:colcon.colcon_core.shell:create_environment_hook('my_first_package', 'pythonpath')
[1.397s] INFO:colcon.colcon_core.shell:Creating environment hook '/home/tsi/ros2_study/install/my_first_package/share/my_first_package/hook/pythonpath.ps1'
[1.398s] INFO:colcon.colcon_core.shell:Creating environment descriptor '/home/tsi/ros2_study/install/my_first_package/share/my_first_package/hook/pythonpath.dsv'
[1.398s] INFO:colcon.colcon_core.shell:Creating environment hook '/home/tsi/ros2_study/install/my_first_package/share/my_first_package/hook/pythonpath.sh'
[1.399s] Level 1:colcon.colcon_core.environment:checking '/home/tsi/ros2_study/install/my_first_package/bin'
[1.399s] Level 1:colcon.colcon_core.environment:create_environment_scripts_only(my_first_package)
[1.400s] INFO:colcon.colcon_core.shell:Creating package script '/home/tsi/ros2_study/install/my_first_package/share/my_first_package/package.ps1'
[1.401s] INFO:colcon.colcon_core.shell:Creating package descriptor '/home/tsi/ros2_study/install/my_first_package/share/my_first_package/package.dsv'
[1.402s] INFO:colcon.colcon_core.shell:Creating package script '/home/tsi/ros2_study/install/my_first_package/share/my_first_package/package.sh'
[1.402s] INFO:colcon.colcon_core.shell:Creating package script '/home/tsi/ros2_study/install/my_first_package/share/my_first_package/package.bash'
[1.403s] INFO:colcon.colcon_core.shell:Creating package script '/home/tsi/ros2_study/install/my_first_package/share/my_first_package/package.zsh'
[1.403s] Level 1:colcon.colcon_core.environment:create_file_with_runtime_dependencies(/home/tsi/ros2_study/install/my_first_package/share/colcon-core/packages/my_first_package)
[1.404s] DEBUG:colcon.colcon_parallel_executor.executor.parallel:closing loop
[1.404s] DEBUG:colcon.colcon_parallel_executor.executor.parallel:loop closed
[1.404s] DEBUG:colcon.colcon_parallel_executor.executor.parallel:run_until_complete finished with '0'
[1.404s] DEBUG:colcon.colcon_core.event_reactor:joining thread
[1.417s] INFO:colcon.colcon_core.plugin_system:Skipping extension 'colcon_notification.desktop_notification.terminal_notifier': Not used on non-Darwin systems
[1.418s] INFO:colcon.colcon_core.plugin_system:Skipping extension 'colcon_notification.desktop_notification.win32': Not used on non-Windows systems
[1.418s] INFO:colcon.colcon_notification.desktop_notification:Sending desktop notification using 'notify2'
[1.439s] DEBUG:colcon.colcon_core.event_reactor:joined thread
[1.439s] INFO:colcon.colcon_core.shell:Creating prefix script '/home/tsi/ros2_study/install/local_setup.ps1'
[1.443s] INFO:colcon.colcon_core.shell:Creating prefix util module '/home/tsi/ros2_study/install/_local_setup_util_ps1.py'
[1.447s] INFO:colcon.colcon_core.shell:Creating prefix chain script '/home/tsi/ros2_study/install/setup.ps1'
[1.449s] INFO:colcon.colcon_core.shell:Creating prefix script '/home/tsi/ros2_study/install/local_setup.sh'
[1.452s] INFO:colcon.colcon_core.shell:Creating prefix util module '/home/tsi/ros2_study/install/_local_setup_util_sh.py'
[1.454s] INFO:colcon.colcon_core.shell:Creating prefix chain script '/home/tsi/ros2_study/install/setup.sh'
[1.458s] INFO:colcon.colcon_core.shell:Creating prefix script '/home/tsi/ros2_study/install/local_setup.bash'
[1.460s] INFO:colcon.colcon_core.shell:Creating prefix chain script '/home/tsi/ros2_study/install/setup.bash'
[1.464s] INFO:colcon.colcon_core.shell:Creating prefix script '/home/tsi/ros2_study/install/local_setup.zsh'
[1.465s] INFO:colcon.colcon_core.shell:Creating prefix chain script '/home/tsi/ros2_study/install/setup.zsh'
