[0.907s] Invoking command in '/home/tsi/ros2_study/src/my_first_package': PYTHONPATH=/home/tsi/ros2_study/build/my_first_package/prefix_override:/usr/lib/python3/dist-packages/colcon_core/task/python/colcon_distutils_commands:/home/tsi/ros2_study/install/my_first_package/lib/python3.10/site-packages:${PYTHONPATH} /usr/bin/python3 -W ignore:setup.py install is deprecated -W ignore:easy_install command is deprecated setup.py egg_info --egg-base ../../build/my_first_package build --build-base /home/tsi/ros2_study/build/my_first_package/build install --record /home/tsi/ros2_study/build/my_first_package/install.log --single-version-externally-managed install_data
[1.195s] running egg_info
[1.196s] writing ../../build/my_first_package/my_first_package.egg-info/PKG-INFO
[1.196s] writing dependency_links to ../../build/my_first_package/my_first_package.egg-info/dependency_links.txt
[1.197s] writing entry points to ../../build/my_first_package/my_first_package.egg-info/entry_points.txt
[1.197s] writing requirements to ../../build/my_first_package/my_first_package.egg-info/requires.txt
[1.197s] writing top-level names to ../../build/my_first_package/my_first_package.egg-info/top_level.txt
[1.200s] reading manifest file '../../build/my_first_package/my_first_package.egg-info/SOURCES.txt'
[1.202s] writing manifest file '../../build/my_first_package/my_first_package.egg-info/SOURCES.txt'
[1.202s] running build
[1.203s] running build_py
[1.203s] copying my_first_package/my_service_server.py -> /home/tsi/ros2_study/build/my_first_package/build/lib/my_first_package
[1.203s] running install
[1.204s] running install_lib
[1.205s] copying /home/tsi/ros2_study/build/my_first_package/build/lib/my_first_package/my_service_server.py -> /home/tsi/ros2_study/install/my_first_package/lib/python3.10/site-packages/my_first_package
[1.206s] byte-compiling /home/tsi/ros2_study/install/my_first_package/lib/python3.10/site-packages/my_first_package/my_service_server.py to my_service_server.cpython-310.pyc
[1.207s] running install_data
[1.207s] running install_egg_info
[1.209s] removing '/home/tsi/ros2_study/install/my_first_package/lib/python3.10/site-packages/my_first_package-0.0.0-py3.10.egg-info' (and everything under it)
[1.210s] Copying ../../build/my_first_package/my_first_package.egg-info to /home/tsi/ros2_study/install/my_first_package/lib/python3.10/site-packages/my_first_package-0.0.0-py3.10.egg-info
[1.211s] running install_scripts
[1.243s] Installing my_first_node script to /home/tsi/ros2_study/install/my_first_package/lib/my_first_package
[1.243s] Installing my_publisher script to /home/tsi/ros2_study/install/my_first_package/lib/my_first_package
[1.244s] Installing my_service_server script to /home/tsi/ros2_study/install/my_first_package/lib/my_first_package
[1.244s] Installing my_subscriber script to /home/tsi/ros2_study/install/my_first_package/lib/my_first_package
[1.244s] Installing turtle_cmd_and_pose script to /home/tsi/ros2_study/install/my_first_package/lib/my_first_package
[1.244s] writing list of installed files to '/home/tsi/ros2_study/build/my_first_package/install.log'
[1.287s] Invoked command in '/home/tsi/ros2_study/src/my_first_package' returned '0': PYTHONPATH=/home/tsi/ros2_study/build/my_first_package/prefix_override:/usr/lib/python3/dist-packages/colcon_core/task/python/colcon_distutils_commands:/home/tsi/ros2_study/install/my_first_package/lib/python3.10/site-packages:${PYTHONPATH} /usr/bin/python3 -W ignore:setup.py install is deprecated -W ignore:easy_install command is deprecated setup.py egg_info --egg-base ../../build/my_first_package build --build-base /home/tsi/ros2_study/build/my_first_package/build install --record /home/tsi/ros2_study/build/my_first_package/install.log --single-version-externally-managed install_data
