[0.116s] DEBUG:colcon:Command line arguments: ['/usr/bin/colcon', 'list', '-p', '--base-paths', '/home/tsi/ros2_study']
[0.116s] DEBUG:colcon:Parsed command line arguments: Namespace(log_base=None, log_level=None, verb_name='list', build_base='build', ignore_user_meta=False, metas=['./colcon.meta'], base_paths=['/home/tsi/ros2_study'], packages_ignore=None, packages_ignore_regex=None, paths=None, packages_up_to=None, packages_up_to_regex=None, packages_above=None, packages_above_and_dependencies=None, packages_above_depth=None, packages_select_by_dep=None, packages_skip_by_dep=None, packages_skip_up_to=None, packages_select_build_failed=False, packages_skip_build_finished=False, packages_select_test_failures=False, packages_skip_test_passed=False, packages_select=None, packages_skip=None, packages_select_regex=None, packages_skip_regex=None, packages_start=None, packages_end=None, allow_overriding=[], topological_order=False, names_only=False, paths_only=True, topological_graph=False, topological_graph_dot=False, topological_graph_density=False, topological_graph_legend=False, topological_graph_dot_cluster=False, topological_graph_dot_include_skipped=False, mixin_files=None, mixin=None, verb_parser=<colcon_mixin.mixin.mixin_argument.MixinArgumentDecorator object at 0x771730584cd0>, verb_extension=<colcon_package_information.verb.list.ListVerb object at 0x771730699870>, main=<bound method ListVerb.main of <colcon_package_information.verb.list.ListVerb object at 0x771730699870>>, mixin_verb=('list',))
[0.334s] Level 1:colcon.colcon_core.package_discovery:discover_packages(colcon_meta) check parameters
[0.335s] Level 1:colcon.colcon_core.package_discovery:discover_packages(recursive) check parameters
[0.335s] Level 1:colcon.colcon_core.package_discovery:discover_packages(ignore) check parameters
[0.335s] Level 1:colcon.colcon_core.package_discovery:discover_packages(path) check parameters
[0.335s] Level 1:colcon.colcon_core.package_discovery:discover_packages(recursive) discover
[0.335s] INFO:colcon.colcon_core.package_discovery:Crawling recursively for packages in '/home/tsi/ros2_study'
[0.335s] Level 1:colcon.colcon_core.package_identification:_identify(/home/tsi/ros2_study) by extensions ['ignore', 'ignore_ament_install']
[0.335s] Level 1:colcon.colcon_core.package_identification:_identify(/home/tsi/ros2_study) by extension 'ignore'
[0.335s] Level 1:colcon.colcon_core.package_identification:_identify(/home/tsi/ros2_study) by extension 'ignore_ament_install'
[0.335s] Level 1:colcon.colcon_core.package_identification:_identify(/home/tsi/ros2_study) by extensions ['colcon_pkg']
[0.335s] Level 1:colcon.colcon_core.package_identification:_identify(/home/tsi/ros2_study) by extension 'colcon_pkg'
[0.335s] Level 1:colcon.colcon_core.package_identification:_identify(/home/tsi/ros2_study) by extensions ['colcon_meta']
[0.335s] Level 1:colcon.colcon_core.package_identification:_identify(/home/tsi/ros2_study) by extension 'colcon_meta'
[0.335s] Level 1:colcon.colcon_core.package_identification:_identify(/home/tsi/ros2_study) by extensions ['ros']
[0.335s] Level 1:colcon.colcon_core.package_identification:_identify(/home/tsi/ros2_study) by extension 'ros'
[0.345s] Level 1:colcon.colcon_core.package_identification:_identify(/home/tsi/ros2_study) by extensions ['cmake', 'python']
[0.346s] Level 1:colcon.colcon_core.package_identification:_identify(/home/tsi/ros2_study) by extension 'cmake'
[0.346s] Level 1:colcon.colcon_core.package_identification:_identify(/home/tsi/ros2_study) by extension 'python'
[0.346s] Level 1:colcon.colcon_core.package_identification:_identify(/home/tsi/ros2_study) by extensions ['python_setup_py']
[0.346s] Level 1:colcon.colcon_core.package_identification:_identify(/home/tsi/ros2_study) by extension 'python_setup_py'
[0.346s] Level 1:colcon.colcon_core.package_identification:_identify(/home/tsi/ros2_study/build) by extensions ['ignore', 'ignore_ament_install']
[0.346s] Level 1:colcon.colcon_core.package_identification:_identify(/home/tsi/ros2_study/build) by extension 'ignore'
[0.346s] Level 1:colcon.colcon_core.package_identification:_identify(/home/tsi/ros2_study/build) ignored
[0.346s] Level 1:colcon.colcon_core.package_identification:_identify(/home/tsi/ros2_study/install) by extensions ['ignore', 'ignore_ament_install']
[0.346s] Level 1:colcon.colcon_core.package_identification:_identify(/home/tsi/ros2_study/install) by extension 'ignore'
[0.346s] Level 1:colcon.colcon_core.package_identification:_identify(/home/tsi/ros2_study/install) ignored
[0.346s] Level 1:colcon.colcon_core.package_identification:_identify(/home/tsi/ros2_study/log) by extensions ['ignore', 'ignore_ament_install']
[0.346s] Level 1:colcon.colcon_core.package_identification:_identify(/home/tsi/ros2_study/log) by extension 'ignore'
[0.346s] Level 1:colcon.colcon_core.package_identification:_identify(/home/tsi/ros2_study/log) ignored
[0.346s] Level 1:colcon.colcon_core.package_identification:_identify(/home/tsi/ros2_study/src) by extensions ['ignore', 'ignore_ament_install']
[0.346s] Level 1:colcon.colcon_core.package_identification:_identify(/home/tsi/ros2_study/src) by extension 'ignore'
[0.346s] Level 1:colcon.colcon_core.package_identification:_identify(/home/tsi/ros2_study/src) by extension 'ignore_ament_install'
[0.347s] Level 1:colcon.colcon_core.package_identification:_identify(/home/tsi/ros2_study/src) by extensions ['colcon_pkg']
[0.347s] Level 1:colcon.colcon_core.package_identification:_identify(/home/tsi/ros2_study/src) by extension 'colcon_pkg'
[0.347s] Level 1:colcon.colcon_core.package_identification:_identify(/home/tsi/ros2_study/src) by extensions ['colcon_meta']
[0.347s] Level 1:colcon.colcon_core.package_identification:_identify(/home/tsi/ros2_study/src) by extension 'colcon_meta'
[0.347s] Level 1:colcon.colcon_core.package_identification:_identify(/home/tsi/ros2_study/src) by extensions ['ros']
[0.347s] Level 1:colcon.colcon_core.package_identification:_identify(/home/tsi/ros2_study/src) by extension 'ros'
[0.347s] Level 1:colcon.colcon_core.package_identification:_identify(/home/tsi/ros2_study/src) by extensions ['cmake', 'python']
[0.347s] Level 1:colcon.colcon_core.package_identification:_identify(/home/tsi/ros2_study/src) by extension 'cmake'
[0.347s] Level 1:colcon.colcon_core.package_identification:_identify(/home/tsi/ros2_study/src) by extension 'python'
[0.347s] Level 1:colcon.colcon_core.package_identification:_identify(/home/tsi/ros2_study/src) by extensions ['python_setup_py']
[0.347s] Level 1:colcon.colcon_core.package_identification:_identify(/home/tsi/ros2_study/src) by extension 'python_setup_py'
[0.347s] Level 1:colcon.colcon_core.package_identification:_identify(/home/tsi/ros2_study/src/my_first_package) by extensions ['ignore', 'ignore_ament_install']
[0.347s] Level 1:colcon.colcon_core.package_identification:_identify(/home/tsi/ros2_study/src/my_first_package) by extension 'ignore'
[0.347s] Level 1:colcon.colcon_core.package_identification:_identify(/home/tsi/ros2_study/src/my_first_package) by extension 'ignore_ament_install'
[0.347s] Level 1:colcon.colcon_core.package_identification:_identify(/home/tsi/ros2_study/src/my_first_package) by extensions ['colcon_pkg']
[0.347s] Level 1:colcon.colcon_core.package_identification:_identify(/home/tsi/ros2_study/src/my_first_package) by extension 'colcon_pkg'
[0.347s] Level 1:colcon.colcon_core.package_identification:_identify(/home/tsi/ros2_study/src/my_first_package) by extensions ['colcon_meta']
[0.347s] Level 1:colcon.colcon_core.package_identification:_identify(/home/tsi/ros2_study/src/my_first_package) by extension 'colcon_meta'
[0.347s] Level 1:colcon.colcon_core.package_identification:_identify(/home/tsi/ros2_study/src/my_first_package) by extensions ['ros']
[0.347s] Level 1:colcon.colcon_core.package_identification:_identify(/home/tsi/ros2_study/src/my_first_package) by extension 'ros'
[0.349s] DEBUG:colcon.colcon_core.package_identification:Package '/home/tsi/ros2_study/src/my_first_package' with type 'ros.ament_python' and name 'my_first_package'
[0.350s] Level 1:colcon.colcon_core.package_identification:_identify(/home/tsi/ros2_study/src/my_first_packgae_msgs) by extensions ['ignore', 'ignore_ament_install']
[0.350s] Level 1:colcon.colcon_core.package_identification:_identify(/home/tsi/ros2_study/src/my_first_packgae_msgs) by extension 'ignore'
[0.350s] Level 1:colcon.colcon_core.package_identification:_identify(/home/tsi/ros2_study/src/my_first_packgae_msgs) by extension 'ignore_ament_install'
[0.350s] Level 1:colcon.colcon_core.package_identification:_identify(/home/tsi/ros2_study/src/my_first_packgae_msgs) by extensions ['colcon_pkg']
[0.350s] Level 1:colcon.colcon_core.package_identification:_identify(/home/tsi/ros2_study/src/my_first_packgae_msgs) by extension 'colcon_pkg'
[0.350s] Level 1:colcon.colcon_core.package_identification:_identify(/home/tsi/ros2_study/src/my_first_packgae_msgs) by extensions ['colcon_meta']
[0.350s] Level 1:colcon.colcon_core.package_identification:_identify(/home/tsi/ros2_study/src/my_first_packgae_msgs) by extension 'colcon_meta'
[0.350s] Level 1:colcon.colcon_core.package_identification:_identify(/home/tsi/ros2_study/src/my_first_packgae_msgs) by extensions ['ros']
[0.350s] Level 1:colcon.colcon_core.package_identification:_identify(/home/tsi/ros2_study/src/my_first_packgae_msgs) by extension 'ros'
[0.350s] DEBUG:colcon.colcon_core.package_identification:Package '/home/tsi/ros2_study/src/my_first_packgae_msgs' with type 'ros.ament_cmake' and name 'my_first_packgae_msgs'
[0.350s] Level 1:colcon.colcon_core.package_discovery:discover_packages(recursive) using defaults
