[0.148s] DEBUG:colcon:Command line arguments: ['/usr/bin/colcon', 'build']
[0.148s] DEBUG:colcon:Parsed command line arguments: Namespace(log_base=None, log_level=None, verb_name='build', build_base='build', install_base='install', merge_install=False, symlink_install=False, test_result_base=None, continue_on_error=False, executor='parallel', parallel_workers=12, event_handlers=None, ignore_user_meta=False, metas=['./colcon.meta'], base_paths=['.'], packages_ignore=None, packages_ignore_regex=None, paths=None, packages_up_to=None, packages_up_to_regex=None, packages_above=None, packages_above_and_dependencies=None, packages_above_depth=None, packages_select_by_dep=None, packages_skip_by_dep=None, packages_skip_up_to=None, packages_select_build_failed=False, packages_skip_build_finished=False, packages_select_test_failures=False, packages_skip_test_passed=False, packages_select=None, packages_skip=None, packages_select_regex=None, packages_skip_regex=None, packages_start=None, packages_end=None, allow_overriding=[], cmake_args=None, cmake_target=None, cmake_target_skip_unavailable=False, cmake_clean_cache=False, cmake_clean_first=False, cmake_force_configure=False, ament_cmake_args=None, catkin_cmake_args=None, catkin_skip_building_tests=False, mixin_files=None, mixin=None, verb_parser=<colcon_mixin.mixin.mixin_argument.MixinArgumentDecorator object at 0x74826ad8c070>, verb_extension=<colcon_core.verb.build.BuildVerb object at 0x74826ad5b280>, main=<bound method BuildVerb.main of <colcon_core.verb.build.BuildVerb object at 0x74826ad5b280>>, mixin_verb=('build',))
[1.408s] Level 1:colcon.colcon_core.package_discovery:discover_packages(colcon_meta) check parameters
[1.408s] Level 1:colcon.colcon_core.package_discovery:discover_packages(recursive) check parameters
[1.408s] Level 1:colcon.colcon_core.package_discovery:discover_packages(ignore) check parameters
[1.408s] Level 1:colcon.colcon_core.package_discovery:discover_packages(path) check parameters
[1.408s] Level 1:colcon.colcon_core.package_discovery:discover_packages(colcon_meta) discover
[1.408s] Level 1:colcon.colcon_core.package_discovery:discover_packages(recursive) discover
[1.408s] INFO:colcon.colcon_core.package_discovery:Crawling recursively for packages in '/home/tsi/ros2_study'
[1.408s] Level 1:colcon.colcon_core.package_identification:_identify(.) by extensions ['ignore', 'ignore_ament_install']
[1.408s] Level 1:colcon.colcon_core.package_identification:_identify(.) by extension 'ignore'
[1.408s] Level 1:colcon.colcon_core.package_identification:_identify(.) by extension 'ignore_ament_install'
[1.408s] Level 1:colcon.colcon_core.package_identification:_identify(.) by extensions ['colcon_pkg']
[1.408s] Level 1:colcon.colcon_core.package_identification:_identify(.) by extension 'colcon_pkg'
[1.408s] Level 1:colcon.colcon_core.package_identification:_identify(.) by extensions ['colcon_meta']
[1.409s] Level 1:colcon.colcon_core.package_identification:_identify(.) by extension 'colcon_meta'
[1.409s] Level 1:colcon.colcon_core.package_identification:_identify(.) by extensions ['ros']
[1.409s] Level 1:colcon.colcon_core.package_identification:_identify(.) by extension 'ros'
[1.419s] Level 1:colcon.colcon_core.package_identification:_identify(.) by extensions ['cmake', 'python']
[1.420s] Level 1:colcon.colcon_core.package_identification:_identify(.) by extension 'cmake'
[1.420s] Level 1:colcon.colcon_core.package_identification:_identify(.) by extension 'python'
[1.420s] Level 1:colcon.colcon_core.package_identification:_identify(.) by extensions ['python_setup_py']
[1.420s] Level 1:colcon.colcon_core.package_identification:_identify(.) by extension 'python_setup_py'
[1.420s] Level 1:colcon.colcon_core.package_identification:_identify(build) by extensions ['ignore', 'ignore_ament_install']
[1.420s] Level 1:colcon.colcon_core.package_identification:_identify(build) by extension 'ignore'
[1.420s] Level 1:colcon.colcon_core.package_identification:_identify(build) ignored
[1.420s] Level 1:colcon.colcon_core.package_identification:_identify(install) by extensions ['ignore', 'ignore_ament_install']
[1.420s] Level 1:colcon.colcon_core.package_identification:_identify(install) by extension 'ignore'
[1.420s] Level 1:colcon.colcon_core.package_identification:_identify(install) ignored
[1.420s] Level 1:colcon.colcon_core.package_identification:_identify(log) by extensions ['ignore', 'ignore_ament_install']
[1.420s] Level 1:colcon.colcon_core.package_identification:_identify(log) by extension 'ignore'
[1.420s] Level 1:colcon.colcon_core.package_identification:_identify(log) ignored
[1.420s] Level 1:colcon.colcon_core.package_identification:_identify(src) by extensions ['ignore', 'ignore_ament_install']
[1.420s] Level 1:colcon.colcon_core.package_identification:_identify(src) by extension 'ignore'
[1.420s] Level 1:colcon.colcon_core.package_identification:_identify(src) by extension 'ignore_ament_install'
[1.421s] Level 1:colcon.colcon_core.package_identification:_identify(src) by extensions ['colcon_pkg']
[1.421s] Level 1:colcon.colcon_core.package_identification:_identify(src) by extension 'colcon_pkg'
[1.421s] Level 1:colcon.colcon_core.package_identification:_identify(src) by extensions ['colcon_meta']
[1.421s] Level 1:colcon.colcon_core.package_identification:_identify(src) by extension 'colcon_meta'
[1.421s] Level 1:colcon.colcon_core.package_identification:_identify(src) by extensions ['ros']
[1.421s] Level 1:colcon.colcon_core.package_identification:_identify(src) by extension 'ros'
[1.421s] Level 1:colcon.colcon_core.package_identification:_identify(src) by extensions ['cmake', 'python']
[1.421s] Level 1:colcon.colcon_core.package_identification:_identify(src) by extension 'cmake'
[1.421s] Level 1:colcon.colcon_core.package_identification:_identify(src) by extension 'python'
[1.421s] Level 1:colcon.colcon_core.package_identification:_identify(src) by extensions ['python_setup_py']
[1.421s] Level 1:colcon.colcon_core.package_identification:_identify(src) by extension 'python_setup_py'
[1.421s] Level 1:colcon.colcon_core.package_identification:_identify(src/my_first_package) by extensions ['ignore', 'ignore_ament_install']
[1.421s] Level 1:colcon.colcon_core.package_identification:_identify(src/my_first_package) by extension 'ignore'
[1.421s] Level 1:colcon.colcon_core.package_identification:_identify(src/my_first_package) by extension 'ignore_ament_install'
[1.421s] Level 1:colcon.colcon_core.package_identification:_identify(src/my_first_package) by extensions ['colcon_pkg']
[1.421s] Level 1:colcon.colcon_core.package_identification:_identify(src/my_first_package) by extension 'colcon_pkg'
[1.421s] Level 1:colcon.colcon_core.package_identification:_identify(src/my_first_package) by extensions ['colcon_meta']
[1.421s] Level 1:colcon.colcon_core.package_identification:_identify(src/my_first_package) by extension 'colcon_meta'
[1.421s] Level 1:colcon.colcon_core.package_identification:_identify(src/my_first_package) by extensions ['ros']
[1.421s] Level 1:colcon.colcon_core.package_identification:_identify(src/my_first_package) by extension 'ros'
[1.434s] DEBUG:colcon.colcon_core.package_identification:Package 'src/my_first_package' with type 'ros.ament_python' and name 'my_first_package'
[1.434s] Level 1:colcon.colcon_core.package_identification:_identify(src/my_first_packgae_msgs) by extensions ['ignore', 'ignore_ament_install']
[1.434s] Level 1:colcon.colcon_core.package_identification:_identify(src/my_first_packgae_msgs) by extension 'ignore'
[1.434s] Level 1:colcon.colcon_core.package_identification:_identify(src/my_first_packgae_msgs) by extension 'ignore_ament_install'
[1.435s] Level 1:colcon.colcon_core.package_identification:_identify(src/my_first_packgae_msgs) by extensions ['colcon_pkg']
[1.435s] Level 1:colcon.colcon_core.package_identification:_identify(src/my_first_packgae_msgs) by extension 'colcon_pkg'
[1.435s] Level 1:colcon.colcon_core.package_identification:_identify(src/my_first_packgae_msgs) by extensions ['colcon_meta']
[1.435s] Level 1:colcon.colcon_core.package_identification:_identify(src/my_first_packgae_msgs) by extension 'colcon_meta'
[1.435s] Level 1:colcon.colcon_core.package_identification:_identify(src/my_first_packgae_msgs) by extensions ['ros']
[1.435s] Level 1:colcon.colcon_core.package_identification:_identify(src/my_first_packgae_msgs) by extension 'ros'
[1.435s] DEBUG:colcon.colcon_core.package_identification:Package 'src/my_first_packgae_msgs' with type 'ros.ament_cmake' and name 'my_first_packgae_msgs'
[1.435s] Level 1:colcon.colcon_core.package_discovery:discover_packages(recursive) using defaults
[1.435s] Level 1:colcon.colcon_core.package_discovery:discover_packages(ignore) discover
[1.435s] Level 1:colcon.colcon_core.package_discovery:discover_packages(ignore) using defaults
[1.435s] Level 1:colcon.colcon_core.package_discovery:discover_packages(path) discover
[1.436s] Level 1:colcon.colcon_core.package_discovery:discover_packages(path) using defaults
[1.456s] Level 1:colcon.colcon_core.package_discovery:discover_packages(prefix_path) check parameters
[1.456s] Level 1:colcon.colcon_core.package_discovery:discover_packages(prefix_path) discover
[1.468s] DEBUG:colcon.colcon_installed_package_information.package_discovery:Found 2 installed packages in /home/tsi/ros2_study/install
[1.470s] DEBUG:colcon.colcon_installed_package_information.package_discovery:Found 363 installed packages in /opt/ros/humble
[1.471s] Level 1:colcon.colcon_core.package_discovery:discover_packages(prefix_path) using defaults
[1.551s] Level 5:colcon.colcon_core.verb:set package 'my_first_package' build argument 'cmake_args' from command line to 'None'
[1.551s] Level 5:colcon.colcon_core.verb:set package 'my_first_package' build argument 'cmake_target' from command line to 'None'
[1.551s] Level 5:colcon.colcon_core.verb:set package 'my_first_package' build argument 'cmake_target_skip_unavailable' from command line to 'False'
[1.551s] Level 5:colcon.colcon_core.verb:set package 'my_first_package' build argument 'cmake_clean_cache' from command line to 'False'
[1.551s] Level 5:colcon.colcon_core.verb:set package 'my_first_package' build argument 'cmake_clean_first' from command line to 'False'
[1.551s] Level 5:colcon.colcon_core.verb:set package 'my_first_package' build argument 'cmake_force_configure' from command line to 'False'
[1.551s] Level 5:colcon.colcon_core.verb:set package 'my_first_package' build argument 'ament_cmake_args' from command line to 'None'
[1.551s] Level 5:colcon.colcon_core.verb:set package 'my_first_package' build argument 'catkin_cmake_args' from command line to 'None'
[1.551s] Level 5:colcon.colcon_core.verb:set package 'my_first_package' build argument 'catkin_skip_building_tests' from command line to 'False'
[1.551s] DEBUG:colcon.colcon_core.verb:Building package 'my_first_package' with the following arguments: {'ament_cmake_args': None, 'build_base': '/home/tsi/ros2_study/build/my_first_package', 'catkin_cmake_args': None, 'catkin_skip_building_tests': False, 'cmake_args': None, 'cmake_clean_cache': False, 'cmake_clean_first': False, 'cmake_force_configure': False, 'cmake_target': None, 'cmake_target_skip_unavailable': False, 'install_base': '/home/tsi/ros2_study/install/my_first_package', 'merge_install': False, 'path': '/home/tsi/ros2_study/src/my_first_package', 'symlink_install': False, 'test_result_base': None}
[1.552s] Level 5:colcon.colcon_core.verb:set package 'my_first_packgae_msgs' build argument 'cmake_args' from command line to 'None'
[1.552s] Level 5:colcon.colcon_core.verb:set package 'my_first_packgae_msgs' build argument 'cmake_target' from command line to 'None'
[1.552s] Level 5:colcon.colcon_core.verb:set package 'my_first_packgae_msgs' build argument 'cmake_target_skip_unavailable' from command line to 'False'
[1.552s] Level 5:colcon.colcon_core.verb:set package 'my_first_packgae_msgs' build argument 'cmake_clean_cache' from command line to 'False'
[1.552s] Level 5:colcon.colcon_core.verb:set package 'my_first_packgae_msgs' build argument 'cmake_clean_first' from command line to 'False'
[1.552s] Level 5:colcon.colcon_core.verb:set package 'my_first_packgae_msgs' build argument 'cmake_force_configure' from command line to 'False'
[1.552s] Level 5:colcon.colcon_core.verb:set package 'my_first_packgae_msgs' build argument 'ament_cmake_args' from command line to 'None'
[1.552s] Level 5:colcon.colcon_core.verb:set package 'my_first_packgae_msgs' build argument 'catkin_cmake_args' from command line to 'None'
[1.552s] Level 5:colcon.colcon_core.verb:set package 'my_first_packgae_msgs' build argument 'catkin_skip_building_tests' from command line to 'False'
[1.552s] DEBUG:colcon.colcon_core.verb:Building package 'my_first_packgae_msgs' with the following arguments: {'ament_cmake_args': None, 'build_base': '/home/tsi/ros2_study/build/my_first_packgae_msgs', 'catkin_cmake_args': None, 'catkin_skip_building_tests': False, 'cmake_args': None, 'cmake_clean_cache': False, 'cmake_clean_first': False, 'cmake_force_configure': False, 'cmake_target': None, 'cmake_target_skip_unavailable': False, 'install_base': '/home/tsi/ros2_study/install/my_first_packgae_msgs', 'merge_install': False, 'path': '/home/tsi/ros2_study/src/my_first_packgae_msgs', 'symlink_install': False, 'test_result_base': None}
[1.552s] INFO:colcon.colcon_core.executor:Executing jobs using 'parallel' executor
[1.553s] DEBUG:colcon.colcon_parallel_executor.executor.parallel:run_until_complete
[1.553s] INFO:colcon.colcon_ros.task.ament_python.build:Building ROS package in '/home/tsi/ros2_study/src/my_first_package' with build type 'ament_python'
[1.553s] Level 1:colcon.colcon_core.shell:create_environment_hook('my_first_package', 'ament_prefix_path')
[1.574s] INFO:colcon.colcon_core.plugin_system:Skipping extension 'colcon_core.shell.bat': Not used on non-Windows systems
[1.574s] INFO:colcon.colcon_core.shell:Creating environment hook '/home/tsi/ros2_study/install/my_first_package/share/my_first_package/hook/ament_prefix_path.ps1'
[1.583s] INFO:colcon.colcon_core.shell:Creating environment descriptor '/home/tsi/ros2_study/install/my_first_package/share/my_first_package/hook/ament_prefix_path.dsv'
[1.593s] INFO:colcon.colcon_core.shell:Creating environment hook '/home/tsi/ros2_study/install/my_first_package/share/my_first_package/hook/ament_prefix_path.sh'
[1.594s] INFO:colcon.colcon_core.shell:Skip shell extension 'powershell' for command environment: Not usable outside of PowerShell
[1.594s] DEBUG:colcon.colcon_core.shell:Skip shell extension 'dsv' for command environment
[1.604s] INFO:colcon.colcon_ros.task.ament_cmake.build:Building ROS package in '/home/tsi/ros2_study/src/my_first_packgae_msgs' with build type 'ament_cmake'
[1.604s] INFO:colcon.colcon_cmake.task.cmake.build:Building CMake package in '/home/tsi/ros2_study/src/my_first_packgae_msgs'
[1.604s] INFO:colcon.colcon_core.shell:Skip shell extension 'powershell' for command environment: Not usable outside of PowerShell
[1.605s] DEBUG:colcon.colcon_core.shell:Skip shell extension 'dsv' for command environment
[1.914s] INFO:colcon.colcon_core.task.python.build:Building Python package in '/home/tsi/ros2_study/src/my_first_package'
[1.914s] INFO:colcon.colcon_core.shell:Skip shell extension 'powershell' for command environment: Not usable outside of PowerShell
[1.915s] DEBUG:colcon.colcon_core.shell:Skip shell extension 'dsv' for command environment
[1.951s] DEBUG:colcon.colcon_core.event_handler.log_command:Invoking command in '/home/tsi/ros2_study/build/my_first_packgae_msgs': CMAKE_PREFIX_PATH=${CMAKE_PREFIX_PATH}:/home/tsi/ros2_study/install/my_first_package:/opt/ros/humble /usr/bin/cmake --build /home/tsi/ros2_study/build/my_first_packgae_msgs -- -j12 -l12
[2.924s] DEBUG:colcon.colcon_core.event_handler.log_command:Invoked command in '/home/tsi/ros2_study/build/my_first_packgae_msgs' returned '0': CMAKE_PREFIX_PATH=${CMAKE_PREFIX_PATH}:/home/tsi/ros2_study/install/my_first_package:/opt/ros/humble /usr/bin/cmake --build /home/tsi/ros2_study/build/my_first_packgae_msgs -- -j12 -l12
[2.969s] DEBUG:colcon.colcon_core.event_handler.log_command:Invoking command in '/home/tsi/ros2_study/build/my_first_packgae_msgs': CMAKE_PREFIX_PATH=${CMAKE_PREFIX_PATH}:/home/tsi/ros2_study/install/my_first_package:/opt/ros/humble /usr/bin/cmake --install /home/tsi/ros2_study/build/my_first_packgae_msgs
[3.349s] Level 1:colcon.colcon_core.environment:create_environment_scripts_only(my_first_packgae_msgs)
[3.351s] DEBUG:colcon.colcon_core.event_handler.log_command:Invoked command in '/home/tsi/ros2_study/build/my_first_packgae_msgs' returned '0': CMAKE_PREFIX_PATH=${CMAKE_PREFIX_PATH}:/home/tsi/ros2_study/install/my_first_package:/opt/ros/humble /usr/bin/cmake --install /home/tsi/ros2_study/build/my_first_packgae_msgs
[3.418s] Level 1:colcon.colcon_core.environment:checking '/home/tsi/ros2_study/install/my_first_packgae_msgs' for CMake module files
[3.419s] Level 1:colcon.colcon_core.environment:checking '/home/tsi/ros2_study/install/my_first_packgae_msgs' for CMake config files
[3.419s] Level 1:colcon.colcon_core.shell:create_environment_hook('my_first_packgae_msgs', 'cmake_prefix_path')
[3.420s] INFO:colcon.colcon_core.shell:Creating environment hook '/home/tsi/ros2_study/install/my_first_packgae_msgs/share/my_first_packgae_msgs/hook/cmake_prefix_path.ps1'
[3.420s] INFO:colcon.colcon_core.shell:Creating environment descriptor '/home/tsi/ros2_study/install/my_first_packgae_msgs/share/my_first_packgae_msgs/hook/cmake_prefix_path.dsv'
[3.421s] INFO:colcon.colcon_core.shell:Creating environment hook '/home/tsi/ros2_study/install/my_first_packgae_msgs/share/my_first_packgae_msgs/hook/cmake_prefix_path.sh'
[3.421s] Level 1:colcon.colcon_core.environment:checking '/home/tsi/ros2_study/install/my_first_packgae_msgs/lib'
[3.421s] Level 1:colcon.colcon_core.shell:create_environment_hook('my_first_packgae_msgs', 'ld_library_path_lib')
[3.422s] INFO:colcon.colcon_core.shell:Creating environment hook '/home/tsi/ros2_study/install/my_first_packgae_msgs/share/my_first_packgae_msgs/hook/ld_library_path_lib.ps1'
[3.422s] INFO:colcon.colcon_core.shell:Creating environment descriptor '/home/tsi/ros2_study/install/my_first_packgae_msgs/share/my_first_packgae_msgs/hook/ld_library_path_lib.dsv'
[3.422s] INFO:colcon.colcon_core.shell:Creating environment hook '/home/tsi/ros2_study/install/my_first_packgae_msgs/share/my_first_packgae_msgs/hook/ld_library_path_lib.sh'
[3.423s] Level 1:colcon.colcon_core.environment:checking '/home/tsi/ros2_study/install/my_first_packgae_msgs/bin'
[3.423s] Level 1:colcon.colcon_core.environment:checking '/home/tsi/ros2_study/install/my_first_packgae_msgs/lib/pkgconfig/my_first_packgae_msgs.pc'
[3.423s] Level 1:colcon.colcon_core.environment:checking '/home/tsi/ros2_study/install/my_first_packgae_msgs/lib/python3.10/site-packages'
[3.423s] Level 1:colcon.colcon_core.environment:checking '/home/tsi/ros2_study/install/my_first_packgae_msgs/bin'
[3.423s] INFO:colcon.colcon_core.shell:Creating package script '/home/tsi/ros2_study/install/my_first_packgae_msgs/share/my_first_packgae_msgs/package.ps1'
[3.442s] INFO:colcon.colcon_core.shell:Creating package descriptor '/home/tsi/ros2_study/install/my_first_packgae_msgs/share/my_first_packgae_msgs/package.dsv'
[3.461s] INFO:colcon.colcon_core.shell:Creating package script '/home/tsi/ros2_study/install/my_first_packgae_msgs/share/my_first_packgae_msgs/package.sh'
[3.462s] INFO:colcon.colcon_core.shell:Creating package script '/home/tsi/ros2_study/install/my_first_packgae_msgs/share/my_first_packgae_msgs/package.bash'
[3.489s] INFO:colcon.colcon_core.shell:Creating package script '/home/tsi/ros2_study/install/my_first_packgae_msgs/share/my_first_packgae_msgs/package.zsh'
[3.509s] Level 1:colcon.colcon_core.environment:create_file_with_runtime_dependencies(/home/tsi/ros2_study/install/my_first_packgae_msgs/share/colcon-core/packages/my_first_packgae_msgs)
[3.511s] Level 1:colcon.colcon_core.environment:create_environment_scripts_only(my_first_packgae_msgs)
[3.512s] Level 1:colcon.colcon_core.environment:checking '/home/tsi/ros2_study/install/my_first_packgae_msgs' for CMake module files
[3.513s] Level 1:colcon.colcon_core.environment:checking '/home/tsi/ros2_study/install/my_first_packgae_msgs' for CMake config files
[3.515s] Level 1:colcon.colcon_core.shell:create_environment_hook('my_first_packgae_msgs', 'cmake_prefix_path')
[3.516s] INFO:colcon.colcon_core.shell:Creating environment hook '/home/tsi/ros2_study/install/my_first_packgae_msgs/share/my_first_packgae_msgs/hook/cmake_prefix_path.ps1'
[3.517s] INFO:colcon.colcon_core.shell:Creating environment descriptor '/home/tsi/ros2_study/install/my_first_packgae_msgs/share/my_first_packgae_msgs/hook/cmake_prefix_path.dsv'
[3.518s] INFO:colcon.colcon_core.shell:Creating environment hook '/home/tsi/ros2_study/install/my_first_packgae_msgs/share/my_first_packgae_msgs/hook/cmake_prefix_path.sh'
[3.519s] Level 1:colcon.colcon_core.environment:checking '/home/tsi/ros2_study/install/my_first_packgae_msgs/lib'
[3.519s] Level 1:colcon.colcon_core.shell:create_environment_hook('my_first_packgae_msgs', 'ld_library_path_lib')
[3.520s] INFO:colcon.colcon_core.shell:Creating environment hook '/home/tsi/ros2_study/install/my_first_packgae_msgs/share/my_first_packgae_msgs/hook/ld_library_path_lib.ps1'
[3.521s] INFO:colcon.colcon_core.shell:Creating environment descriptor '/home/tsi/ros2_study/install/my_first_packgae_msgs/share/my_first_packgae_msgs/hook/ld_library_path_lib.dsv'
[3.521s] INFO:colcon.colcon_core.shell:Creating environment hook '/home/tsi/ros2_study/install/my_first_packgae_msgs/share/my_first_packgae_msgs/hook/ld_library_path_lib.sh'
[3.522s] Level 1:colcon.colcon_core.environment:checking '/home/tsi/ros2_study/install/my_first_packgae_msgs/bin'
[3.522s] Level 1:colcon.colcon_core.environment:checking '/home/tsi/ros2_study/install/my_first_packgae_msgs/lib/pkgconfig/my_first_packgae_msgs.pc'
[3.523s] Level 1:colcon.colcon_core.environment:checking '/home/tsi/ros2_study/install/my_first_packgae_msgs/lib/python3.10/site-packages'
[3.523s] Level 1:colcon.colcon_core.environment:checking '/home/tsi/ros2_study/install/my_first_packgae_msgs/bin'
[3.524s] INFO:colcon.colcon_core.shell:Creating package script '/home/tsi/ros2_study/install/my_first_packgae_msgs/share/my_first_packgae_msgs/package.ps1'
[3.524s] INFO:colcon.colcon_core.shell:Creating package descriptor '/home/tsi/ros2_study/install/my_first_packgae_msgs/share/my_first_packgae_msgs/package.dsv'
[3.525s] INFO:colcon.colcon_core.shell:Creating package script '/home/tsi/ros2_study/install/my_first_packgae_msgs/share/my_first_packgae_msgs/package.sh'
[3.526s] INFO:colcon.colcon_core.shell:Creating package script '/home/tsi/ros2_study/install/my_first_packgae_msgs/share/my_first_packgae_msgs/package.bash'
[3.527s] INFO:colcon.colcon_core.shell:Creating package script '/home/tsi/ros2_study/install/my_first_packgae_msgs/share/my_first_packgae_msgs/package.zsh'
[3.527s] Level 1:colcon.colcon_core.environment:create_file_with_runtime_dependencies(/home/tsi/ros2_study/install/my_first_packgae_msgs/share/colcon-core/packages/my_first_packgae_msgs)
[3.567s] DEBUG:colcon.colcon_core.event_handler.log_command:Invoking command in '/home/tsi/ros2_study/src/my_first_package': PYTHONPATH=/home/tsi/ros2_study/build/my_first_package/prefix_override:/usr/lib/python3/dist-packages/colcon_core/task/python/colcon_distutils_commands:/home/tsi/ros2_study/install/my_first_package/lib/python3.10/site-packages:${PYTHONPATH} /usr/bin/python3 -W ignore:setup.py install is deprecated -W ignore:easy_install command is deprecated setup.py egg_info --egg-base ../../build/my_first_package build --build-base /home/tsi/ros2_study/build/my_first_package/build install --record /home/tsi/ros2_study/build/my_first_package/install.log --single-version-externally-managed install_data
[3.902s] Level 1:colcon.colcon_core.environment:checking '/home/tsi/ros2_study/install/my_first_package' for CMake module files
[3.903s] DEBUG:colcon.colcon_core.event_handler.log_command:Invoked command in '/home/tsi/ros2_study/src/my_first_package' returned '0': PYTHONPATH=/home/tsi/ros2_study/build/my_first_package/prefix_override:/usr/lib/python3/dist-packages/colcon_core/task/python/colcon_distutils_commands:/home/tsi/ros2_study/install/my_first_package/lib/python3.10/site-packages:${PYTHONPATH} /usr/bin/python3 -W ignore:setup.py install is deprecated -W ignore:easy_install command is deprecated setup.py egg_info --egg-base ../../build/my_first_package build --build-base /home/tsi/ros2_study/build/my_first_package/build install --record /home/tsi/ros2_study/build/my_first_package/install.log --single-version-externally-managed install_data
[3.904s] Level 1:colcon.colcon_core.environment:checking '/home/tsi/ros2_study/install/my_first_package' for CMake config files
[3.905s] Level 1:colcon.colcon_core.environment:checking '/home/tsi/ros2_study/install/my_first_package/lib'
[3.906s] Level 1:colcon.colcon_core.environment:checking '/home/tsi/ros2_study/install/my_first_package/bin'
[3.906s] Level 1:colcon.colcon_core.environment:checking '/home/tsi/ros2_study/install/my_first_package/lib/pkgconfig/my_first_package.pc'
[3.906s] Level 1:colcon.colcon_core.environment:checking '/home/tsi/ros2_study/install/my_first_package/lib/python3.10/site-packages'
[3.907s] Level 1:colcon.colcon_core.shell:create_environment_hook('my_first_package', 'pythonpath')
[3.907s] INFO:colcon.colcon_core.shell:Creating environment hook '/home/tsi/ros2_study/install/my_first_package/share/my_first_package/hook/pythonpath.ps1'
[3.908s] INFO:colcon.colcon_core.shell:Creating environment descriptor '/home/tsi/ros2_study/install/my_first_package/share/my_first_package/hook/pythonpath.dsv'
[3.909s] INFO:colcon.colcon_core.shell:Creating environment hook '/home/tsi/ros2_study/install/my_first_package/share/my_first_package/hook/pythonpath.sh'
[3.910s] Level 1:colcon.colcon_core.environment:checking '/home/tsi/ros2_study/install/my_first_package/bin'
[3.911s] Level 1:colcon.colcon_core.environment:create_environment_scripts_only(my_first_package)
[3.911s] INFO:colcon.colcon_core.shell:Creating package script '/home/tsi/ros2_study/install/my_first_package/share/my_first_package/package.ps1'
[3.913s] INFO:colcon.colcon_core.shell:Creating package descriptor '/home/tsi/ros2_study/install/my_first_package/share/my_first_package/package.dsv'
[3.913s] INFO:colcon.colcon_core.shell:Creating package script '/home/tsi/ros2_study/install/my_first_package/share/my_first_package/package.sh'
[3.914s] INFO:colcon.colcon_core.shell:Creating package script '/home/tsi/ros2_study/install/my_first_package/share/my_first_package/package.bash'
[3.915s] INFO:colcon.colcon_core.shell:Creating package script '/home/tsi/ros2_study/install/my_first_package/share/my_first_package/package.zsh'
[3.915s] Level 1:colcon.colcon_core.environment:create_file_with_runtime_dependencies(/home/tsi/ros2_study/install/my_first_package/share/colcon-core/packages/my_first_package)
[3.916s] DEBUG:colcon.colcon_parallel_executor.executor.parallel:closing loop
[3.916s] DEBUG:colcon.colcon_parallel_executor.executor.parallel:loop closed
[3.917s] DEBUG:colcon.colcon_parallel_executor.executor.parallel:run_until_complete finished with '0'
[3.917s] DEBUG:colcon.colcon_core.event_reactor:joining thread
[3.923s] INFO:colcon.colcon_core.plugin_system:Skipping extension 'colcon_notification.desktop_notification.terminal_notifier': Not used on non-Darwin systems
[3.923s] INFO:colcon.colcon_core.plugin_system:Skipping extension 'colcon_notification.desktop_notification.win32': Not used on non-Windows systems
[3.924s] INFO:colcon.colcon_notification.desktop_notification:Sending desktop notification using 'notify2'
[3.971s] DEBUG:colcon.colcon_core.event_reactor:joined thread
[3.973s] INFO:colcon.colcon_core.shell:Creating prefix script '/home/tsi/ros2_study/install/local_setup.ps1'
[3.985s] INFO:colcon.colcon_core.shell:Creating prefix util module '/home/tsi/ros2_study/install/_local_setup_util_ps1.py'
[3.989s] INFO:colcon.colcon_core.shell:Creating prefix chain script '/home/tsi/ros2_study/install/setup.ps1'
[3.992s] INFO:colcon.colcon_core.shell:Creating prefix script '/home/tsi/ros2_study/install/local_setup.sh'
[3.994s] INFO:colcon.colcon_core.shell:Creating prefix util module '/home/tsi/ros2_study/install/_local_setup_util_sh.py'
[3.995s] INFO:colcon.colcon_core.shell:Creating prefix chain script '/home/tsi/ros2_study/install/setup.sh'
[3.998s] INFO:colcon.colcon_core.shell:Creating prefix script '/home/tsi/ros2_study/install/local_setup.bash'
[3.999s] INFO:colcon.colcon_core.shell:Creating prefix chain script '/home/tsi/ros2_study/install/setup.bash'
[4.000s] INFO:colcon.colcon_core.shell:Creating prefix script '/home/tsi/ros2_study/install/local_setup.zsh'
[4.000s] INFO:colcon.colcon_core.shell:Creating prefix chain script '/home/tsi/ros2_study/install/setup.zsh'
