/home/tsi/ros2_study/install/my_first_package/lib/python3.10/site-packages/my_first_package/my_service_server.py
/home/tsi/ros2_study/install/my_first_package/lib/python3.10/site-packages/my_first_package/my_subscriber.py
/home/tsi/ros2_study/install/my_first_package/lib/python3.10/site-packages/my_first_package/__init__.py
/home/tsi/ros2_study/install/my_first_package/lib/python3.10/site-packages/my_first_package/my_publisher.py
/home/tsi/ros2_study/install/my_first_package/lib/python3.10/site-packages/my_first_package/my_first_node.py
/home/tsi/ros2_study/install/my_first_package/lib/python3.10/site-packages/my_first_package/turtle_cmd_and_pose.py
/home/tsi/ros2_study/install/my_first_package/lib/python3.10/site-packages/my_first_package/my_multi_thread.py
/home/tsi/ros2_study/install/my_first_package/lib/python3.10/site-packages/my_first_package/dist_turtle_action_server.py
/home/tsi/ros2_study/install/my_first_package/lib/python3.10/site-packages/my_first_package/__pycache__/my_service_server.cpython-310.pyc
/home/tsi/ros2_study/install/my_first_package/lib/python3.10/site-packages/my_first_package/__pycache__/my_subscriber.cpython-310.pyc
/home/tsi/ros2_study/install/my_first_package/lib/python3.10/site-packages/my_first_package/__pycache__/__init__.cpython-310.pyc
/home/tsi/ros2_study/install/my_first_package/lib/python3.10/site-packages/my_first_package/__pycache__/my_publisher.cpython-310.pyc
/home/tsi/ros2_study/install/my_first_package/lib/python3.10/site-packages/my_first_package/__pycache__/my_first_node.cpython-310.pyc
/home/tsi/ros2_study/install/my_first_package/lib/python3.10/site-packages/my_first_package/__pycache__/turtle_cmd_and_pose.cpython-310.pyc
/home/tsi/ros2_study/install/my_first_package/lib/python3.10/site-packages/my_first_package/__pycache__/my_multi_thread.cpython-310.pyc
/home/tsi/ros2_study/install/my_first_package/lib/python3.10/site-packages/my_first_package/__pycache__/dist_turtle_action_server.cpython-310.pyc
/home/tsi/ros2_study/install/my_first_package/share/ament_index/resource_index/packages/my_first_package
/home/tsi/ros2_study/install/my_first_package/share/my_first_package/package.xml
/home/tsi/ros2_study/install/my_first_package/share/my_first_package/launch/turtlesim_and_teleop.launch.py
/home/tsi/ros2_study/install/my_first_package/share/my_first_package/launch/dist_turtle_action_node.launch.py
/home/tsi/ros2_study/install/my_first_package/lib/python3.10/site-packages/my_first_package-0.0.0-py3.10.egg-info/entry_points.txt
/home/tsi/ros2_study/install/my_first_package/lib/python3.10/site-packages/my_first_package-0.0.0-py3.10.egg-info/PKG-INFO
/home/tsi/ros2_study/install/my_first_package/lib/python3.10/site-packages/my_first_package-0.0.0-py3.10.egg-info/requires.txt
/home/tsi/ros2_study/install/my_first_package/lib/python3.10/site-packages/my_first_package-0.0.0-py3.10.egg-info/zip-safe
/home/tsi/ros2_study/install/my_first_package/lib/python3.10/site-packages/my_first_package-0.0.0-py3.10.egg-info/top_level.txt
/home/tsi/ros2_study/install/my_first_package/lib/python3.10/site-packages/my_first_package-0.0.0-py3.10.egg-info/SOURCES.txt
/home/tsi/ros2_study/install/my_first_package/lib/python3.10/site-packages/my_first_package-0.0.0-py3.10.egg-info/dependency_links.txt
/home/tsi/ros2_study/install/my_first_package/lib/my_first_package/dist_turtle_action_server
/home/tsi/ros2_study/install/my_first_package/lib/my_first_package/my_first_node
/home/tsi/ros2_study/install/my_first_package/lib/my_first_package/my_multi_thread
/home/tsi/ros2_study/install/my_first_package/lib/my_first_package/my_publisher
/home/tsi/ros2_study/install/my_first_package/lib/my_first_package/my_service_server
/home/tsi/ros2_study/install/my_first_package/lib/my_first_package/my_subscriber
/home/tsi/ros2_study/install/my_first_package/lib/my_first_package/turtle_cmd_and_pose
