[0.701s] Invoking command in '/home/tsi/ros2_study/src/my_first_package': PYTHONPATH=/home/tsi/ros2_study/build/my_first_package/prefix_override:/usr/lib/python3/dist-packages/colcon_core/task/python/colcon_distutils_commands:/home/tsi/ros2_study/install/my_first_package/lib/python3.10/site-packages:${PYTHONPATH} /usr/bin/python3 -W ignore:setup.py install is deprecated -W ignore:easy_install command is deprecated setup.py egg_info --egg-base ../../build/my_first_package build --build-base /home/tsi/ros2_study/build/my_first_package/build install --record /home/tsi/ros2_study/build/my_first_package/install.log --single-version-externally-managed install_data
[0.961s] running egg_info
[0.961s] writing ../../build/my_first_package/my_first_package.egg-info/PKG-INFO
[0.962s] writing dependency_links to ../../build/my_first_package/my_first_package.egg-info/dependency_links.txt
[0.962s] writing entry points to ../../build/my_first_package/my_first_package.egg-info/entry_points.txt
[0.962s] writing requirements to ../../build/my_first_package/my_first_package.egg-info/requires.txt
[0.962s] writing top-level names to ../../build/my_first_package/my_first_package.egg-info/top_level.txt
[0.964s] reading manifest file '../../build/my_first_package/my_first_package.egg-info/SOURCES.txt'
[0.965s] writing manifest file '../../build/my_first_package/my_first_package.egg-info/SOURCES.txt'
[0.965s] running build
[0.966s] running build_py
[0.966s] running install
[0.966s] running install_lib
[0.968s] running install_data
[0.968s] copying launch/dist_turtle_action_node.launch.py -> /home/tsi/ros2_study/install/my_first_package/share/my_first_package/launch
[0.968s] running install_egg_info
[0.970s] removing '/home/tsi/ros2_study/install/my_first_package/lib/python3.10/site-packages/my_first_package-0.0.0-py3.10.egg-info' (and everything under it)
[0.970s] Copying ../../build/my_first_package/my_first_package.egg-info to /home/tsi/ros2_study/install/my_first_package/lib/python3.10/site-packages/my_first_package-0.0.0-py3.10.egg-info
[0.971s] running install_scripts
[0.991s] Installing dist_turtle_action_server script to /home/tsi/ros2_study/install/my_first_package/lib/my_first_package
[0.992s] Installing my_first_node script to /home/tsi/ros2_study/install/my_first_package/lib/my_first_package
[0.992s] Installing my_multi_thread script to /home/tsi/ros2_study/install/my_first_package/lib/my_first_package
[0.992s] Installing my_publisher script to /home/tsi/ros2_study/install/my_first_package/lib/my_first_package
[0.992s] Installing my_service_server script to /home/tsi/ros2_study/install/my_first_package/lib/my_first_package
[0.992s] Installing my_subscriber script to /home/tsi/ros2_study/install/my_first_package/lib/my_first_package
[0.992s] Installing turtle_cmd_and_pose script to /home/tsi/ros2_study/install/my_first_package/lib/my_first_package
[0.992s] writing list of installed files to '/home/tsi/ros2_study/build/my_first_package/install.log'
[1.022s] Invoked command in '/home/tsi/ros2_study/src/my_first_package' returned '0': PYTHONPATH=/home/tsi/ros2_study/build/my_first_package/prefix_override:/usr/lib/python3/dist-packages/colcon_core/task/python/colcon_distutils_commands:/home/tsi/ros2_study/install/my_first_package/lib/python3.10/site-packages:${PYTHONPATH} /usr/bin/python3 -W ignore:setup.py install is deprecated -W ignore:easy_install command is deprecated setup.py egg_info --egg-base ../../build/my_first_package build --build-base /home/tsi/ros2_study/build/my_first_package/build install --record /home/tsi/ros2_study/build/my_first_package/install.log --single-version-externally-managed install_data
