[0.288s] Invoking command in '/home/tsi/ros2_study/build/my_first_packgae_msgs': CMAKE_PREFIX_PATH=${CMAKE_PREFIX_PATH}:/opt/ros/humble:/home/tsi/ros2_study/install/my_first_package /usr/bin/cmake /home/tsi/ros2_study/src/my_first_packgae_msgs -DCMAKE_INSTALL_PREFIX=/home/tsi/ros2_study/install/my_first_packgae_msgs
[0.380s] -- The C compiler identification is GNU 11.4.0
[0.492s] -- The CXX compiler identification is GNU 11.4.0
[0.507s] -- Detecting C compiler ABI info
[0.674s] -- Detecting C compiler ABI info - done
[0.689s] -- Check for working C compiler: /usr/bin/cc - skipped
[0.689s] -- Detecting C compile features
[0.690s] -- Detecting C compile features - done
[0.693s] -- Detecting CXX compiler ABI info
[0.852s] -- Detecting CXX compiler ABI info - done
[0.859s] -- Check for working CXX compiler: /usr/bin/c++ - skipped
[0.860s] -- Detecting CXX compile features
[0.860s] -- Detecting CXX compile features - done
[0.862s] -- Found ament_cmake: 1.3.11 (/opt/ros/humble/share/ament_cmake/cmake)
[1.058s] -- Found Python3: /usr/bin/python3 (found version "3.10.12") found components: Interpreter 
[1.168s] -- Found rosidl_default_generators: 1.2.0 (/opt/ros/humble/share/rosidl_default_generators/cmake)
[1.171s] -- Using all available rosidl_typesupport_c: rosidl_typesupport_fastrtps_c;rosidl_typesupport_introspection_c
[1.177s] -- Found rosidl_adapter: 3.1.6 (/opt/ros/humble/share/rosidl_adapter/cmake)
[1.213s] -- Using all available rosidl_typesupport_cpp: rosidl_typesupport_fastrtps_cpp;rosidl_typesupport_introspection_cpp
[1.522s] -- Found ament_cmake_ros: 0.10.0 (/opt/ros/humble/share/ament_cmake_ros/cmake)
[1.755s] -- Using all available rosidl_typesupport_c: rosidl_typesupport_fastrtps_c;rosidl_typesupport_introspection_c
[2.107s] -- Using all available rosidl_typesupport_cpp: rosidl_typesupport_fastrtps_cpp;rosidl_typesupport_introspection_cpp
[2.140s] -- Found PythonInterp: /usr/bin/python3 (found suitable version "3.10.12", minimum required is "3.6") 
[2.144s] -- Found python_cmake_module: 0.10.0 (/opt/ros/humble/share/python_cmake_module/cmake)
[2.197s] -- Found PythonLibs: /usr/lib/x86_64-linux-gnu/libpython3.10.so (found suitable version "3.10.12", minimum required is "3.5") 
[2.197s] -- Using PYTHON_EXECUTABLE: /usr/bin/python3
[2.197s] -- Using PYTHON_INCLUDE_DIRS: /usr/include/python3.10
[2.197s] -- Using PYTHON_LIBRARIES: /usr/lib/x86_64-linux-gnu/libpython3.10.so
[2.238s] -- Found PythonExtra: .so  
[2.290s] -- Found ament_lint_auto: 0.12.12 (/opt/ros/humble/share/ament_lint_auto/cmake)
[2.311s] -- Added test 'lint_cmake' to check CMake code style
[2.312s] -- Added test 'xmllint' to check XML markup files
[2.315s] -- Configuring done
[2.342s] -- Generating done
[2.352s] -- Build files have been written to: /home/tsi/ros2_study/build/my_first_packgae_msgs
[2.360s] Invoked command in '/home/tsi/ros2_study/build/my_first_packgae_msgs' returned '0': CMAKE_PREFIX_PATH=${CMAKE_PREFIX_PATH}:/opt/ros/humble:/home/tsi/ros2_study/install/my_first_package /usr/bin/cmake /home/tsi/ros2_study/src/my_first_packgae_msgs -DCMAKE_INSTALL_PREFIX=/home/tsi/ros2_study/install/my_first_packgae_msgs
[2.363s] Invoking command in '/home/tsi/ros2_study/build/my_first_packgae_msgs': CMAKE_PREFIX_PATH=${CMAKE_PREFIX_PATH}:/opt/ros/humble:/home/tsi/ros2_study/install/my_first_package /usr/bin/cmake --build /home/tsi/ros2_study/build/my_first_packgae_msgs -- -j12 -l12
[2.467s] [  3%] [34m[1mGenerating C code for ROS interfaces[0m
[2.496s] [  6%] [34m[1mGenerating C++ code for ROS interfaces[0m
[2.513s] [  6%] Built target ament_cmake_python_copy_my_first_packgae_msgs
[2.759s] [  6%] Built target my_first_packgae_msgs__cpp
[2.766s] [  9%] [32mBuilding C object CMakeFiles/my_first_packgae_msgs__rosidl_generator_c.dir/rosidl_generator_c/my_first_packgae_msgs/msg/detail/cmd_and_pose_vel__functions.c.o[0m
[2.774s] [ 12%] [34m[1mGenerating C++ introspection for ROS interfaces[0m
[2.778s] [ 16%] [34m[1mGenerating C++ type support dispatch for ROS interfaces[0m
[2.785s] running egg_info
[2.785s] [ 19%] [34m[1mGenerating C++ type support for eProsima Fast-RTPS[0m
[2.786s] creating my_first_packgae_msgs.egg-info
[2.786s] writing my_first_packgae_msgs.egg-info/PKG-INFO
[2.786s] writing dependency_links to my_first_packgae_msgs.egg-info/dependency_links.txt
[2.786s] writing top-level names to my_first_packgae_msgs.egg-info/top_level.txt
[2.786s] writing manifest file 'my_first_packgae_msgs.egg-info/SOURCES.txt'
[2.788s] reading manifest file 'my_first_packgae_msgs.egg-info/SOURCES.txt'
[2.789s] writing manifest file 'my_first_packgae_msgs.egg-info/SOURCES.txt'
[2.819s] [ 22%] [32m[1mLinking C shared library libmy_first_packgae_msgs__rosidl_generator_c.so[0m
[2.825s] [ 22%] Built target ament_cmake_python_build_my_first_packgae_msgs_egg
[2.892s] [ 22%] Built target my_first_packgae_msgs__rosidl_generator_c
[2.908s] [ 25%] [34m[1mGenerating C type support for eProsima Fast-RTPS[0m
[2.913s] [ 29%] [34m[1mGenerating C type support dispatch for ROS interfaces[0m
[2.917s] [ 32%] [34m[1mGenerating C introspection for ROS interfaces[0m
[3.006s] [ 35%] [32mBuilding CXX object CMakeFiles/my_first_packgae_msgs__rosidl_typesupport_cpp.dir/rosidl_typesupport_cpp/my_first_packgae_msgs/msg/cmd_and_pose_vel__type_support.cpp.o[0m
[3.008s] [ 38%] [32mBuilding CXX object CMakeFiles/my_first_packgae_msgs__rosidl_typesupport_introspection_cpp.dir/rosidl_typesupport_introspection_cpp/my_first_packgae_msgs/msg/detail/cmd_and_pose_vel__type_support.cpp.o[0m
[3.035s] [ 41%] [32mBuilding CXX object CMakeFiles/my_first_packgae_msgs__rosidl_typesupport_fastrtps_cpp.dir/rosidl_typesupport_fastrtps_cpp/my_first_packgae_msgs/msg/detail/dds_fastrtps/cmd_and_pose_vel__type_support.cpp.o[0m
[3.128s] [ 45%] [32mBuilding CXX object CMakeFiles/my_first_packgae_msgs__rosidl_typesupport_c.dir/rosidl_typesupport_c/my_first_packgae_msgs/msg/cmd_and_pose_vel__type_support.cpp.o[0m
[3.161s] [ 48%] [32mBuilding CXX object CMakeFiles/my_first_packgae_msgs__rosidl_typesupport_fastrtps_c.dir/rosidl_typesupport_fastrtps_c/my_first_packgae_msgs/msg/detail/cmd_and_pose_vel__type_support_c.cpp.o[0m
[3.162s] [ 51%] [32m[1mLinking CXX shared library libmy_first_packgae_msgs__rosidl_typesupport_c.so[0m
[3.186s] [ 54%] [32mBuilding C object CMakeFiles/my_first_packgae_msgs__rosidl_typesupport_introspection_c.dir/rosidl_typesupport_introspection_c/my_first_packgae_msgs/msg/detail/cmd_and_pose_vel__type_support.c.o[0m
[3.211s] [ 54%] Built target my_first_packgae_msgs__rosidl_typesupport_c
[3.234s] [ 58%] [32m[1mLinking C shared library libmy_first_packgae_msgs__rosidl_typesupport_introspection_c.so[0m
[3.262s] [ 61%] [32m[1mLinking CXX shared library libmy_first_packgae_msgs__rosidl_typesupport_cpp.so[0m
[3.272s] [ 61%] Built target my_first_packgae_msgs__rosidl_typesupport_introspection_c
[3.323s] [ 61%] Built target my_first_packgae_msgs__rosidl_typesupport_cpp
[3.367s] [ 64%] [32m[1mLinking CXX shared library libmy_first_packgae_msgs__rosidl_typesupport_introspection_cpp.so[0m
[3.405s] [ 67%] [32m[1mLinking CXX shared library libmy_first_packgae_msgs__rosidl_typesupport_fastrtps_cpp.so[0m
[3.447s] [ 67%] Built target my_first_packgae_msgs__rosidl_typesupport_introspection_cpp
[3.471s] [ 70%] [32m[1mLinking CXX shared library libmy_first_packgae_msgs__rosidl_typesupport_fastrtps_c.so[0m
[3.521s] [ 70%] Built target my_first_packgae_msgs__rosidl_typesupport_fastrtps_cpp
[3.585s] [ 70%] Built target my_first_packgae_msgs__rosidl_typesupport_fastrtps_c
[3.638s] [ 70%] Built target my_first_packgae_msgs
[3.686s] [ 74%] [34m[1mGenerating Python code for ROS interfaces[0m
[4.002s] [ 74%] Built target my_first_packgae_msgs__py
[4.046s] [ 77%] [32mBuilding C object CMakeFiles/my_first_packgae_msgs__rosidl_generator_py.dir/rosidl_generator_py/my_first_packgae_msgs/msg/_cmd_and_pose_vel_s.c.o[0m
[4.177s] [ 80%] [32m[1mLinking C shared library rosidl_generator_py/my_first_packgae_msgs/libmy_first_packgae_msgs__rosidl_generator_py.so[0m
[4.269s] [ 80%] Built target my_first_packgae_msgs__rosidl_generator_py
[4.315s] [ 83%] [32mBuilding C object CMakeFiles/my_first_packgae_msgs__rosidl_typesupport_c__pyext.dir/rosidl_generator_py/my_first_packgae_msgs/_my_first_packgae_msgs_s.ep.rosidl_typesupport_c.c.o[0m
[4.323s] [ 87%] [32mBuilding C object CMakeFiles/my_first_packgae_msgs__rosidl_typesupport_fastrtps_c__pyext.dir/rosidl_generator_py/my_first_packgae_msgs/_my_first_packgae_msgs_s.ep.rosidl_typesupport_fastrtps_c.c.o[0m
[4.323s] [ 90%] [32mBuilding C object CMakeFiles/my_first_packgae_msgs__rosidl_typesupport_introspection_c__pyext.dir/rosidl_generator_py/my_first_packgae_msgs/_my_first_packgae_msgs_s.ep.rosidl_typesupport_introspection_c.c.o[0m
[4.429s] [ 93%] [32m[1mLinking C shared library rosidl_generator_py/my_first_packgae_msgs/my_first_packgae_msgs_s__rosidl_typesupport_c.cpython-310-x86_64-linux-gnu.so[0m
[4.434s] [ 96%] [32m[1mLinking C shared library rosidl_generator_py/my_first_packgae_msgs/my_first_packgae_msgs_s__rosidl_typesupport_introspection_c.cpython-310-x86_64-linux-gnu.so[0m
[4.444s] [100%] [32m[1mLinking C shared library rosidl_generator_py/my_first_packgae_msgs/my_first_packgae_msgs_s__rosidl_typesupport_fastrtps_c.cpython-310-x86_64-linux-gnu.so[0m
[4.492s] [100%] Built target my_first_packgae_msgs__rosidl_typesupport_fastrtps_c__pyext
[4.500s] [100%] Built target my_first_packgae_msgs__rosidl_typesupport_c__pyext
[4.506s] [100%] Built target my_first_packgae_msgs__rosidl_typesupport_introspection_c__pyext
[4.526s] Invoked command in '/home/tsi/ros2_study/build/my_first_packgae_msgs' returned '0': CMAKE_PREFIX_PATH=${CMAKE_PREFIX_PATH}:/opt/ros/humble:/home/tsi/ros2_study/install/my_first_package /usr/bin/cmake --build /home/tsi/ros2_study/build/my_first_packgae_msgs -- -j12 -l12
[4.541s] Invoking command in '/home/tsi/ros2_study/build/my_first_packgae_msgs': CMAKE_PREFIX_PATH=${CMAKE_PREFIX_PATH}:/opt/ros/humble:/home/tsi/ros2_study/install/my_first_package /usr/bin/cmake --install /home/tsi/ros2_study/build/my_first_packgae_msgs
[4.552s] -- Install configuration: ""
[4.552s] -- Installing: /home/tsi/ros2_study/install/my_first_packgae_msgs/share/ament_index/resource_index/rosidl_interfaces/my_first_packgae_msgs
[4.552s] -- Installing: /home/tsi/ros2_study/install/my_first_packgae_msgs/include/my_first_packgae_msgs/my_first_packgae_msgs
[4.552s] -- Installing: /home/tsi/ros2_study/install/my_first_packgae_msgs/include/my_first_packgae_msgs/my_first_packgae_msgs/msg
[4.553s] -- Installing: /home/tsi/ros2_study/install/my_first_packgae_msgs/include/my_first_packgae_msgs/my_first_packgae_msgs/msg/cmd_and_pose_vel.h
[4.553s] -- Installing: /home/tsi/ros2_study/install/my_first_packgae_msgs/include/my_first_packgae_msgs/my_first_packgae_msgs/msg/rosidl_generator_c__visibility_control.h
[4.553s] -- Installing: /home/tsi/ros2_study/install/my_first_packgae_msgs/include/my_first_packgae_msgs/my_first_packgae_msgs/msg/detail
[4.553s] -- Installing: /home/tsi/ros2_study/install/my_first_packgae_msgs/include/my_first_packgae_msgs/my_first_packgae_msgs/msg/detail/cmd_and_pose_vel__struct.h
[4.553s] -- Installing: /home/tsi/ros2_study/install/my_first_packgae_msgs/include/my_first_packgae_msgs/my_first_packgae_msgs/msg/detail/cmd_and_pose_vel__functions.h
[4.554s] -- Installing: /home/tsi/ros2_study/install/my_first_packgae_msgs/include/my_first_packgae_msgs/my_first_packgae_msgs/msg/detail/cmd_and_pose_vel__type_support.h
[4.554s] -- Installing: /home/tsi/ros2_study/install/my_first_packgae_msgs/include/my_first_packgae_msgs/my_first_packgae_msgs/msg/detail/cmd_and_pose_vel__functions.c
[4.554s] -- Installing: /home/tsi/ros2_study/install/my_first_packgae_msgs/share/my_first_packgae_msgs/environment/library_path.sh
[4.554s] -- Installing: /home/tsi/ros2_study/install/my_first_packgae_msgs/share/my_first_packgae_msgs/environment/library_path.dsv
[4.554s] -- Installing: /home/tsi/ros2_study/install/my_first_packgae_msgs/lib/libmy_first_packgae_msgs__rosidl_generator_c.so
[4.554s] -- Set runtime path of "/home/tsi/ros2_study/install/my_first_packgae_msgs/lib/libmy_first_packgae_msgs__rosidl_generator_c.so" to ""
[4.555s] -- Up-to-date: /home/tsi/ros2_study/install/my_first_packgae_msgs/include/my_first_packgae_msgs/my_first_packgae_msgs
[4.555s] -- Up-to-date: /home/tsi/ros2_study/install/my_first_packgae_msgs/include/my_first_packgae_msgs/my_first_packgae_msgs/msg
[4.555s] -- Installing: /home/tsi/ros2_study/install/my_first_packgae_msgs/include/my_first_packgae_msgs/my_first_packgae_msgs/msg/rosidl_typesupport_fastrtps_c__visibility_control.h
[4.555s] -- Up-to-date: /home/tsi/ros2_study/install/my_first_packgae_msgs/include/my_first_packgae_msgs/my_first_packgae_msgs/msg/detail
[4.555s] -- Installing: /home/tsi/ros2_study/install/my_first_packgae_msgs/include/my_first_packgae_msgs/my_first_packgae_msgs/msg/detail/cmd_and_pose_vel__rosidl_typesupport_fastrtps_c.h
[4.556s] -- Installing: /home/tsi/ros2_study/install/my_first_packgae_msgs/lib/libmy_first_packgae_msgs__rosidl_typesupport_fastrtps_c.so
[4.556s] -- Set runtime path of "/home/tsi/ros2_study/install/my_first_packgae_msgs/lib/libmy_first_packgae_msgs__rosidl_typesupport_fastrtps_c.so" to ""
[4.556s] -- Up-to-date: /home/tsi/ros2_study/install/my_first_packgae_msgs/include/my_first_packgae_msgs/my_first_packgae_msgs
[4.556s] -- Up-to-date: /home/tsi/ros2_study/install/my_first_packgae_msgs/include/my_first_packgae_msgs/my_first_packgae_msgs/msg
[4.556s] -- Installing: /home/tsi/ros2_study/install/my_first_packgae_msgs/include/my_first_packgae_msgs/my_first_packgae_msgs/msg/rosidl_typesupport_introspection_c__visibility_control.h
[4.556s] -- Up-to-date: /home/tsi/ros2_study/install/my_first_packgae_msgs/include/my_first_packgae_msgs/my_first_packgae_msgs/msg/detail
[4.557s] -- Installing: /home/tsi/ros2_study/install/my_first_packgae_msgs/include/my_first_packgae_msgs/my_first_packgae_msgs/msg/detail/cmd_and_pose_vel__rosidl_typesupport_introspection_c.h
[4.557s] -- Installing: /home/tsi/ros2_study/install/my_first_packgae_msgs/include/my_first_packgae_msgs/my_first_packgae_msgs/msg/detail/cmd_and_pose_vel__type_support.c
[4.557s] -- Installing: /home/tsi/ros2_study/install/my_first_packgae_msgs/lib/libmy_first_packgae_msgs__rosidl_typesupport_introspection_c.so
[4.557s] -- Set runtime path of "/home/tsi/ros2_study/install/my_first_packgae_msgs/lib/libmy_first_packgae_msgs__rosidl_typesupport_introspection_c.so" to ""
[4.557s] -- Installing: /home/tsi/ros2_study/install/my_first_packgae_msgs/lib/libmy_first_packgae_msgs__rosidl_typesupport_c.so
[4.557s] -- Set runtime path of "/home/tsi/ros2_study/install/my_first_packgae_msgs/lib/libmy_first_packgae_msgs__rosidl_typesupport_c.so" to ""
[4.558s] -- Up-to-date: /home/tsi/ros2_study/install/my_first_packgae_msgs/include/my_first_packgae_msgs/my_first_packgae_msgs
[4.558s] -- Up-to-date: /home/tsi/ros2_study/install/my_first_packgae_msgs/include/my_first_packgae_msgs/my_first_packgae_msgs/msg
[4.558s] -- Installing: /home/tsi/ros2_study/install/my_first_packgae_msgs/include/my_first_packgae_msgs/my_first_packgae_msgs/msg/rosidl_generator_cpp__visibility_control.hpp
[4.558s] -- Installing: /home/tsi/ros2_study/install/my_first_packgae_msgs/include/my_first_packgae_msgs/my_first_packgae_msgs/msg/cmd_and_pose_vel.hpp
[4.558s] -- Up-to-date: /home/tsi/ros2_study/install/my_first_packgae_msgs/include/my_first_packgae_msgs/my_first_packgae_msgs/msg/detail
[4.558s] -- Installing: /home/tsi/ros2_study/install/my_first_packgae_msgs/include/my_first_packgae_msgs/my_first_packgae_msgs/msg/detail/cmd_and_pose_vel__builder.hpp
[4.559s] -- Installing: /home/tsi/ros2_study/install/my_first_packgae_msgs/include/my_first_packgae_msgs/my_first_packgae_msgs/msg/detail/cmd_and_pose_vel__type_support.hpp
[4.559s] -- Installing: /home/tsi/ros2_study/install/my_first_packgae_msgs/include/my_first_packgae_msgs/my_first_packgae_msgs/msg/detail/cmd_and_pose_vel__struct.hpp
[4.559s] -- Installing: /home/tsi/ros2_study/install/my_first_packgae_msgs/include/my_first_packgae_msgs/my_first_packgae_msgs/msg/detail/cmd_and_pose_vel__traits.hpp
[4.559s] -- Up-to-date: /home/tsi/ros2_study/install/my_first_packgae_msgs/include/my_first_packgae_msgs/my_first_packgae_msgs
[4.559s] -- Up-to-date: /home/tsi/ros2_study/install/my_first_packgae_msgs/include/my_first_packgae_msgs/my_first_packgae_msgs/msg
[4.560s] -- Installing: /home/tsi/ros2_study/install/my_first_packgae_msgs/include/my_first_packgae_msgs/my_first_packgae_msgs/msg/rosidl_typesupport_fastrtps_cpp__visibility_control.h
[4.560s] -- Up-to-date: /home/tsi/ros2_study/install/my_first_packgae_msgs/include/my_first_packgae_msgs/my_first_packgae_msgs/msg/detail
[4.560s] -- Installing: /home/tsi/ros2_study/install/my_first_packgae_msgs/include/my_first_packgae_msgs/my_first_packgae_msgs/msg/detail/cmd_and_pose_vel__rosidl_typesupport_fastrtps_cpp.hpp
[4.560s] -- Installing: /home/tsi/ros2_study/install/my_first_packgae_msgs/include/my_first_packgae_msgs/my_first_packgae_msgs/msg/detail/dds_fastrtps
[4.560s] -- Installing: /home/tsi/ros2_study/install/my_first_packgae_msgs/lib/libmy_first_packgae_msgs__rosidl_typesupport_fastrtps_cpp.so
[4.560s] -- Set runtime path of "/home/tsi/ros2_study/install/my_first_packgae_msgs/lib/libmy_first_packgae_msgs__rosidl_typesupport_fastrtps_cpp.so" to ""
[4.560s] -- Up-to-date: /home/tsi/ros2_study/install/my_first_packgae_msgs/include/my_first_packgae_msgs/my_first_packgae_msgs
[4.561s] -- Up-to-date: /home/tsi/ros2_study/install/my_first_packgae_msgs/include/my_first_packgae_msgs/my_first_packgae_msgs/msg
[4.561s] -- Up-to-date: /home/tsi/ros2_study/install/my_first_packgae_msgs/include/my_first_packgae_msgs/my_first_packgae_msgs/msg/detail
[4.561s] -- Installing: /home/tsi/ros2_study/install/my_first_packgae_msgs/include/my_first_packgae_msgs/my_first_packgae_msgs/msg/detail/cmd_and_pose_vel__rosidl_typesupport_introspection_cpp.hpp
[4.561s] -- Installing: /home/tsi/ros2_study/install/my_first_packgae_msgs/include/my_first_packgae_msgs/my_first_packgae_msgs/msg/detail/cmd_and_pose_vel__type_support.cpp
[4.561s] -- Installing: /home/tsi/ros2_study/install/my_first_packgae_msgs/lib/libmy_first_packgae_msgs__rosidl_typesupport_introspection_cpp.so
[4.561s] -- Set runtime path of "/home/tsi/ros2_study/install/my_first_packgae_msgs/lib/libmy_first_packgae_msgs__rosidl_typesupport_introspection_cpp.so" to ""
[4.561s] -- Installing: /home/tsi/ros2_study/install/my_first_packgae_msgs/lib/libmy_first_packgae_msgs__rosidl_typesupport_cpp.so
[4.562s] -- Set runtime path of "/home/tsi/ros2_study/install/my_first_packgae_msgs/lib/libmy_first_packgae_msgs__rosidl_typesupport_cpp.so" to ""
[4.562s] -- Installing: /home/tsi/ros2_study/install/my_first_packgae_msgs/share/my_first_packgae_msgs/environment/pythonpath.sh
[4.562s] -- Installing: /home/tsi/ros2_study/install/my_first_packgae_msgs/share/my_first_packgae_msgs/environment/pythonpath.dsv
[4.562s] -- Installing: /home/tsi/ros2_study/install/my_first_packgae_msgs/local/lib/python3.10/dist-packages/my_first_packgae_msgs-0.0.0-py3.10.egg-info
[4.562s] -- Installing: /home/tsi/ros2_study/install/my_first_packgae_msgs/local/lib/python3.10/dist-packages/my_first_packgae_msgs-0.0.0-py3.10.egg-info/PKG-INFO
[4.562s] -- Installing: /home/tsi/ros2_study/install/my_first_packgae_msgs/local/lib/python3.10/dist-packages/my_first_packgae_msgs-0.0.0-py3.10.egg-info/top_level.txt
[4.562s] -- Installing: /home/tsi/ros2_study/install/my_first_packgae_msgs/local/lib/python3.10/dist-packages/my_first_packgae_msgs-0.0.0-py3.10.egg-info/SOURCES.txt
[4.563s] -- Installing: /home/tsi/ros2_study/install/my_first_packgae_msgs/local/lib/python3.10/dist-packages/my_first_packgae_msgs-0.0.0-py3.10.egg-info/dependency_links.txt
[4.563s] -- Installing: /home/tsi/ros2_study/install/my_first_packgae_msgs/local/lib/python3.10/dist-packages/my_first_packgae_msgs
[4.563s] -- Installing: /home/tsi/ros2_study/install/my_first_packgae_msgs/local/lib/python3.10/dist-packages/my_first_packgae_msgs/my_first_packgae_msgs_s__rosidl_typesupport_c.cpython-310-x86_64-linux-gnu.so
[4.563s] -- Installing: /home/tsi/ros2_study/install/my_first_packgae_msgs/local/lib/python3.10/dist-packages/my_first_packgae_msgs/my_first_packgae_msgs_s__rosidl_typesupport_introspection_c.cpython-310-x86_64-linux-gnu.so
[4.563s] -- Installing: /home/tsi/ros2_study/install/my_first_packgae_msgs/local/lib/python3.10/dist-packages/my_first_packgae_msgs/msg
[4.563s] -- Installing: /home/tsi/ros2_study/install/my_first_packgae_msgs/local/lib/python3.10/dist-packages/my_first_packgae_msgs/msg/_cmd_and_pose_vel_s.c
[4.563s] -- Installing: /home/tsi/ros2_study/install/my_first_packgae_msgs/local/lib/python3.10/dist-packages/my_first_packgae_msgs/msg/__init__.py
[4.563s] -- Installing: /home/tsi/ros2_study/install/my_first_packgae_msgs/local/lib/python3.10/dist-packages/my_first_packgae_msgs/msg/_cmd_and_pose_vel.py
[4.563s] -- Installing: /home/tsi/ros2_study/install/my_first_packgae_msgs/local/lib/python3.10/dist-packages/my_first_packgae_msgs/_my_first_packgae_msgs_s.ep.rosidl_typesupport_c.c
[4.563s] -- Installing: /home/tsi/ros2_study/install/my_first_packgae_msgs/local/lib/python3.10/dist-packages/my_first_packgae_msgs/_my_first_packgae_msgs_s.ep.rosidl_typesupport_introspection_c.c
[4.563s] -- Installing: /home/tsi/ros2_study/install/my_first_packgae_msgs/local/lib/python3.10/dist-packages/my_first_packgae_msgs/__init__.py
[4.564s] -- Installing: /home/tsi/ros2_study/install/my_first_packgae_msgs/local/lib/python3.10/dist-packages/my_first_packgae_msgs/my_first_packgae_msgs_s__rosidl_typesupport_fastrtps_c.cpython-310-x86_64-linux-gnu.so
[4.564s] -- Installing: /home/tsi/ros2_study/install/my_first_packgae_msgs/local/lib/python3.10/dist-packages/my_first_packgae_msgs/_my_first_packgae_msgs_s.ep.rosidl_typesupport_fastrtps_c.c
[4.564s] -- Installing: /home/tsi/ros2_study/install/my_first_packgae_msgs/local/lib/python3.10/dist-packages/my_first_packgae_msgs/libmy_first_packgae_msgs__rosidl_generator_py.so
[4.607s] Listing '/home/tsi/ros2_study/install/my_first_packgae_msgs/local/lib/python3.10/dist-packages/my_first_packgae_msgs'...
[4.607s] Compiling '/home/tsi/ros2_study/install/my_first_packgae_msgs/local/lib/python3.10/dist-packages/my_first_packgae_msgs/__init__.py'...
[4.608s] Listing '/home/tsi/ros2_study/install/my_first_packgae_msgs/local/lib/python3.10/dist-packages/my_first_packgae_msgs/msg'...
[4.608s] Compiling '/home/tsi/ros2_study/install/my_first_packgae_msgs/local/lib/python3.10/dist-packages/my_first_packgae_msgs/msg/__init__.py'...
[4.608s] Compiling '/home/tsi/ros2_study/install/my_first_packgae_msgs/local/lib/python3.10/dist-packages/my_first_packgae_msgs/msg/_cmd_and_pose_vel.py'...
[4.612s] -- Installing: /home/tsi/ros2_study/install/my_first_packgae_msgs/local/lib/python3.10/dist-packages/my_first_packgae_msgs/my_first_packgae_msgs_s__rosidl_typesupport_fastrtps_c.cpython-310-x86_64-linux-gnu.so
[4.613s] -- Set runtime path of "/home/tsi/ros2_study/install/my_first_packgae_msgs/local/lib/python3.10/dist-packages/my_first_packgae_msgs/my_first_packgae_msgs_s__rosidl_typesupport_fastrtps_c.cpython-310-x86_64-linux-gnu.so" to ""
[4.613s] -- Installing: /home/tsi/ros2_study/install/my_first_packgae_msgs/local/lib/python3.10/dist-packages/my_first_packgae_msgs/my_first_packgae_msgs_s__rosidl_typesupport_introspection_c.cpython-310-x86_64-linux-gnu.so
[4.614s] -- Set runtime path of "/home/tsi/ros2_study/install/my_first_packgae_msgs/local/lib/python3.10/dist-packages/my_first_packgae_msgs/my_first_packgae_msgs_s__rosidl_typesupport_introspection_c.cpython-310-x86_64-linux-gnu.so" to ""
[4.615s] -- Installing: /home/tsi/ros2_study/install/my_first_packgae_msgs/local/lib/python3.10/dist-packages/my_first_packgae_msgs/my_first_packgae_msgs_s__rosidl_typesupport_c.cpython-310-x86_64-linux-gnu.so
[4.615s] -- Set runtime path of "/home/tsi/ros2_study/install/my_first_packgae_msgs/local/lib/python3.10/dist-packages/my_first_packgae_msgs/my_first_packgae_msgs_s__rosidl_typesupport_c.cpython-310-x86_64-linux-gnu.so" to ""
[4.616s] -- Installing: /home/tsi/ros2_study/install/my_first_packgae_msgs/lib/libmy_first_packgae_msgs__rosidl_generator_py.so
[4.616s] -- Set runtime path of "/home/tsi/ros2_study/install/my_first_packgae_msgs/lib/libmy_first_packgae_msgs__rosidl_generator_py.so" to ""
[4.617s] -- Installing: /home/tsi/ros2_study/install/my_first_packgae_msgs/share/my_first_packgae_msgs/msg/CmdAndPoseVel.idl
[4.617s] -- Installing: /home/tsi/ros2_study/install/my_first_packgae_msgs/share/my_first_packgae_msgs/msg/CmdAndPoseVel.msg
[4.617s] -- Installing: /home/tsi/ros2_study/install/my_first_packgae_msgs/share/ament_index/resource_index/package_run_dependencies/my_first_packgae_msgs
[4.618s] -- Installing: /home/tsi/ros2_study/install/my_first_packgae_msgs/share/ament_index/resource_index/parent_prefix_path/my_first_packgae_msgs
[4.618s] -- Installing: /home/tsi/ros2_study/install/my_first_packgae_msgs/share/my_first_packgae_msgs/environment/ament_prefix_path.sh
[4.618s] -- Installing: /home/tsi/ros2_study/install/my_first_packgae_msgs/share/my_first_packgae_msgs/environment/ament_prefix_path.dsv
[4.619s] -- Installing: /home/tsi/ros2_study/install/my_first_packgae_msgs/share/my_first_packgae_msgs/environment/path.sh
[4.619s] -- Installing: /home/tsi/ros2_study/install/my_first_packgae_msgs/share/my_first_packgae_msgs/environment/path.dsv
[4.619s] -- Installing: /home/tsi/ros2_study/install/my_first_packgae_msgs/share/my_first_packgae_msgs/local_setup.bash
[4.619s] -- Installing: /home/tsi/ros2_study/install/my_first_packgae_msgs/share/my_first_packgae_msgs/local_setup.sh
[4.620s] -- Installing: /home/tsi/ros2_study/install/my_first_packgae_msgs/share/my_first_packgae_msgs/local_setup.zsh
[4.620s] -- Installing: /home/tsi/ros2_study/install/my_first_packgae_msgs/share/my_first_packgae_msgs/local_setup.dsv
[4.620s] -- Installing: /home/tsi/ros2_study/install/my_first_packgae_msgs/share/my_first_packgae_msgs/package.dsv
[4.621s] -- Installing: /home/tsi/ros2_study/install/my_first_packgae_msgs/share/ament_index/resource_index/packages/my_first_packgae_msgs
[4.621s] -- Installing: /home/tsi/ros2_study/install/my_first_packgae_msgs/share/my_first_packgae_msgs/cmake/export_my_first_packgae_msgs__rosidl_generator_cExport.cmake
[4.621s] -- Installing: /home/tsi/ros2_study/install/my_first_packgae_msgs/share/my_first_packgae_msgs/cmake/export_my_first_packgae_msgs__rosidl_generator_cExport-noconfig.cmake
[4.622s] -- Installing: /home/tsi/ros2_study/install/my_first_packgae_msgs/share/my_first_packgae_msgs/cmake/export_my_first_packgae_msgs__rosidl_typesupport_fastrtps_cExport.cmake
[4.622s] -- Installing: /home/tsi/ros2_study/install/my_first_packgae_msgs/share/my_first_packgae_msgs/cmake/export_my_first_packgae_msgs__rosidl_typesupport_fastrtps_cExport-noconfig.cmake
[4.622s] -- Installing: /home/tsi/ros2_study/install/my_first_packgae_msgs/share/my_first_packgae_msgs/cmake/my_first_packgae_msgs__rosidl_typesupport_introspection_cExport.cmake
[4.623s] -- Installing: /home/tsi/ros2_study/install/my_first_packgae_msgs/share/my_first_packgae_msgs/cmake/my_first_packgae_msgs__rosidl_typesupport_introspection_cExport-noconfig.cmake
[4.623s] -- Installing: /home/tsi/ros2_study/install/my_first_packgae_msgs/share/my_first_packgae_msgs/cmake/my_first_packgae_msgs__rosidl_typesupport_cExport.cmake
[4.623s] -- Installing: /home/tsi/ros2_study/install/my_first_packgae_msgs/share/my_first_packgae_msgs/cmake/my_first_packgae_msgs__rosidl_typesupport_cExport-noconfig.cmake
[4.623s] -- Installing: /home/tsi/ros2_study/install/my_first_packgae_msgs/share/my_first_packgae_msgs/cmake/export_my_first_packgae_msgs__rosidl_generator_cppExport.cmake
[4.623s] -- Installing: /home/tsi/ros2_study/install/my_first_packgae_msgs/share/my_first_packgae_msgs/cmake/export_my_first_packgae_msgs__rosidl_typesupport_fastrtps_cppExport.cmake
[4.624s] -- Installing: /home/tsi/ros2_study/install/my_first_packgae_msgs/share/my_first_packgae_msgs/cmake/export_my_first_packgae_msgs__rosidl_typesupport_fastrtps_cppExport-noconfig.cmake
[4.624s] -- Installing: /home/tsi/ros2_study/install/my_first_packgae_msgs/share/my_first_packgae_msgs/cmake/my_first_packgae_msgs__rosidl_typesupport_introspection_cppExport.cmake
[4.624s] -- Installing: /home/tsi/ros2_study/install/my_first_packgae_msgs/share/my_first_packgae_msgs/cmake/my_first_packgae_msgs__rosidl_typesupport_introspection_cppExport-noconfig.cmake
[4.624s] -- Installing: /home/tsi/ros2_study/install/my_first_packgae_msgs/share/my_first_packgae_msgs/cmake/my_first_packgae_msgs__rosidl_typesupport_cppExport.cmake
[4.624s] -- Installing: /home/tsi/ros2_study/install/my_first_packgae_msgs/share/my_first_packgae_msgs/cmake/my_first_packgae_msgs__rosidl_typesupport_cppExport-noconfig.cmake
[4.625s] -- Installing: /home/tsi/ros2_study/install/my_first_packgae_msgs/share/my_first_packgae_msgs/cmake/export_my_first_packgae_msgs__rosidl_generator_pyExport.cmake
[4.625s] -- Installing: /home/tsi/ros2_study/install/my_first_packgae_msgs/share/my_first_packgae_msgs/cmake/export_my_first_packgae_msgs__rosidl_generator_pyExport-noconfig.cmake
[4.625s] -- Installing: /home/tsi/ros2_study/install/my_first_packgae_msgs/share/my_first_packgae_msgs/cmake/rosidl_cmake-extras.cmake
[4.625s] -- Installing: /home/tsi/ros2_study/install/my_first_packgae_msgs/share/my_first_packgae_msgs/cmake/ament_cmake_export_include_directories-extras.cmake
[4.625s] -- Installing: /home/tsi/ros2_study/install/my_first_packgae_msgs/share/my_first_packgae_msgs/cmake/ament_cmake_export_libraries-extras.cmake
[4.626s] -- Installing: /home/tsi/ros2_study/install/my_first_packgae_msgs/share/my_first_packgae_msgs/cmake/ament_cmake_export_targets-extras.cmake
[4.626s] -- Installing: /home/tsi/ros2_study/install/my_first_packgae_msgs/share/my_first_packgae_msgs/cmake/rosidl_cmake_export_typesupport_targets-extras.cmake
[4.626s] -- Installing: /home/tsi/ros2_study/install/my_first_packgae_msgs/share/my_first_packgae_msgs/cmake/ament_cmake_export_dependencies-extras.cmake
[4.626s] -- Installing: /home/tsi/ros2_study/install/my_first_packgae_msgs/share/my_first_packgae_msgs/cmake/rosidl_cmake_export_typesupport_libraries-extras.cmake
[4.626s] -- Installing: /home/tsi/ros2_study/install/my_first_packgae_msgs/share/my_first_packgae_msgs/cmake/my_first_packgae_msgsConfig.cmake
[4.627s] -- Installing: /home/tsi/ros2_study/install/my_first_packgae_msgs/share/my_first_packgae_msgs/cmake/my_first_packgae_msgsConfig-version.cmake
[4.627s] -- Installing: /home/tsi/ros2_study/install/my_first_packgae_msgs/share/my_first_packgae_msgs/package.xml
[4.632s] Invoked command in '/home/tsi/ros2_study/build/my_first_packgae_msgs' returned '0': CMAKE_PREFIX_PATH=${CMAKE_PREFIX_PATH}:/opt/ros/humble:/home/tsi/ros2_study/install/my_first_package /usr/bin/cmake --install /home/tsi/ros2_study/build/my_first_packgae_msgs
