[2.012s] Invoking command in '/home/tsi/ros2_study/src/my_first_package': PYTHONPATH=/home/tsi/ros2_study/build/my_first_package/prefix_override:/usr/lib/python3/dist-packages/colcon_core/task/python/colcon_distutils_commands:/home/tsi/ros2_study/install/my_first_package/lib/python3.10/site-packages:${PYTHONPATH} /usr/bin/python3 -W ignore:setup.py install is deprecated -W ignore:easy_install command is deprecated setup.py egg_info --egg-base ../../build/my_first_package build --build-base /home/tsi/ros2_study/build/my_first_package/build install --record /home/tsi/ros2_study/build/my_first_package/install.log --single-version-externally-managed install_data
[2.255s] running egg_info
[2.256s] writing ../../build/my_first_package/my_first_package.egg-info/PKG-INFO
[2.256s] writing dependency_links to ../../build/my_first_package/my_first_package.egg-info/dependency_links.txt
[2.257s] writing entry points to ../../build/my_first_package/my_first_package.egg-info/entry_points.txt
[2.257s] writing requirements to ../../build/my_first_package/my_first_package.egg-info/requires.txt
[2.257s] writing top-level names to ../../build/my_first_package/my_first_package.egg-info/top_level.txt
[2.258s] reading manifest file '../../build/my_first_package/my_first_package.egg-info/SOURCES.txt'
[2.276s] writing manifest file '../../build/my_first_package/my_first_package.egg-info/SOURCES.txt'
[2.277s] running build
[2.277s] running build_py
[2.277s] copying my_first_package/dist_turtle_action_server.py -> /home/tsi/ros2_study/build/my_first_package/build/lib/my_first_package
[2.277s] running install
[2.278s] running install_lib
[2.279s] copying /home/tsi/ros2_study/build/my_first_package/build/lib/my_first_package/dist_turtle_action_server.py -> /home/tsi/ros2_study/install/my_first_package/lib/python3.10/site-packages/my_first_package
[2.279s] byte-compiling /home/tsi/ros2_study/install/my_first_package/lib/python3.10/site-packages/my_first_package/dist_turtle_action_server.py to dist_turtle_action_server.cpython-310.pyc
[2.280s] running install_data
[2.280s] running install_egg_info
[2.282s] removing '/home/tsi/ros2_study/install/my_first_package/lib/python3.10/site-packages/my_first_package-0.0.0-py3.10.egg-info' (and everything under it)
[2.283s] Copying ../../build/my_first_package/my_first_package.egg-info to /home/tsi/ros2_study/install/my_first_package/lib/python3.10/site-packages/my_first_package-0.0.0-py3.10.egg-info
[2.299s] running install_scripts
[2.318s] Installing dist_turtle_action_server script to /home/tsi/ros2_study/install/my_first_package/lib/my_first_package
[2.318s] Installing my_first_node script to /home/tsi/ros2_study/install/my_first_package/lib/my_first_package
[2.319s] Installing my_multi_thread script to /home/tsi/ros2_study/install/my_first_package/lib/my_first_package
[2.319s] Installing my_publisher script to /home/tsi/ros2_study/install/my_first_package/lib/my_first_package
[2.319s] Installing my_service_server script to /home/tsi/ros2_study/install/my_first_package/lib/my_first_package
[2.319s] Installing my_subscriber script to /home/tsi/ros2_study/install/my_first_package/lib/my_first_package
[2.319s] Installing turtle_cmd_and_pose script to /home/tsi/ros2_study/install/my_first_package/lib/my_first_package
[2.320s] writing list of installed files to '/home/tsi/ros2_study/build/my_first_package/install.log'
[2.348s] Invoked command in '/home/tsi/ros2_study/src/my_first_package' returned '0': PYTHONPATH=/home/tsi/ros2_study/build/my_first_package/prefix_override:/usr/lib/python3/dist-packages/colcon_core/task/python/colcon_distutils_commands:/home/tsi/ros2_study/install/my_first_package/lib/python3.10/site-packages:${PYTHONPATH} /usr/bin/python3 -W ignore:setup.py install is deprecated -W ignore:easy_install command is deprecated setup.py egg_info --egg-base ../../build/my_first_package build --build-base /home/tsi/ros2_study/build/my_first_package/build install --record /home/tsi/ros2_study/build/my_first_package/install.log --single-version-externally-managed install_data
