[0.105s] DEBUG:colcon:Command line arguments: ['/usr/bin/colcon', 'build']
[0.105s] DEBUG:colcon:Parsed command line arguments: Namespace(log_base=None, log_level=None, verb_name='build', build_base='build', install_base='install', merge_install=False, symlink_install=False, test_result_base=None, continue_on_error=False, executor='parallel', parallel_workers=12, event_handlers=None, ignore_user_meta=False, metas=['./colcon.meta'], base_paths=['.'], packages_ignore=None, packages_ignore_regex=None, paths=None, packages_up_to=None, packages_up_to_regex=None, packages_above=None, packages_above_and_dependencies=None, packages_above_depth=None, packages_select_by_dep=None, packages_skip_by_dep=None, packages_skip_up_to=None, packages_select_build_failed=False, packages_skip_build_finished=False, packages_select_test_failures=False, packages_skip_test_passed=False, packages_select=None, packages_skip=None, packages_select_regex=None, packages_skip_regex=None, packages_start=None, packages_end=None, allow_overriding=[], cmake_args=None, cmake_target=None, cmake_target_skip_unavailable=False, cmake_clean_cache=False, cmake_clean_first=False, cmake_force_configure=False, ament_cmake_args=None, catkin_cmake_args=None, catkin_skip_building_tests=False, mixin_files=None, mixin=None, verb_parser=<colcon_mixin.mixin.mixin_argument.MixinArgumentDecorator object at 0x73b2b1988070>, verb_extension=<colcon_core.verb.build.BuildVerb object at 0x73b2b1957280>, main=<bound method BuildVerb.main of <colcon_core.verb.build.BuildVerb object at 0x73b2b1957280>>, mixin_verb=('build',))
[0.275s] Level 1:colcon.colcon_core.package_discovery:discover_packages(colcon_meta) check parameters
[0.275s] Level 1:colcon.colcon_core.package_discovery:discover_packages(recursive) check parameters
[0.275s] Level 1:colcon.colcon_core.package_discovery:discover_packages(ignore) check parameters
[0.275s] Level 1:colcon.colcon_core.package_discovery:discover_packages(path) check parameters
[0.275s] Level 1:colcon.colcon_core.package_discovery:discover_packages(colcon_meta) discover
[0.275s] Level 1:colcon.colcon_core.package_discovery:discover_packages(recursive) discover
[0.275s] INFO:colcon.colcon_core.package_discovery:Crawling recursively for packages in '/home/tsi/ros2_study'
[0.275s] Level 1:colcon.colcon_core.package_identification:_identify(.) by extensions ['ignore', 'ignore_ament_install']
[0.275s] Level 1:colcon.colcon_core.package_identification:_identify(.) by extension 'ignore'
[0.275s] Level 1:colcon.colcon_core.package_identification:_identify(.) by extension 'ignore_ament_install'
[0.275s] Level 1:colcon.colcon_core.package_identification:_identify(.) by extensions ['colcon_pkg']
[0.275s] Level 1:colcon.colcon_core.package_identification:_identify(.) by extension 'colcon_pkg'
[0.276s] Level 1:colcon.colcon_core.package_identification:_identify(.) by extensions ['colcon_meta']
[0.276s] Level 1:colcon.colcon_core.package_identification:_identify(.) by extension 'colcon_meta'
[0.276s] Level 1:colcon.colcon_core.package_identification:_identify(.) by extensions ['ros']
[0.276s] Level 1:colcon.colcon_core.package_identification:_identify(.) by extension 'ros'
[0.287s] Level 1:colcon.colcon_core.package_identification:_identify(.) by extensions ['cmake', 'python']
[0.287s] Level 1:colcon.colcon_core.package_identification:_identify(.) by extension 'cmake'
[0.287s] Level 1:colcon.colcon_core.package_identification:_identify(.) by extension 'python'
[0.287s] Level 1:colcon.colcon_core.package_identification:_identify(.) by extensions ['python_setup_py']
[0.287s] Level 1:colcon.colcon_core.package_identification:_identify(.) by extension 'python_setup_py'
[0.287s] Level 1:colcon.colcon_core.package_identification:_identify(build) by extensions ['ignore', 'ignore_ament_install']
[0.287s] Level 1:colcon.colcon_core.package_identification:_identify(build) by extension 'ignore'
[0.287s] Level 1:colcon.colcon_core.package_identification:_identify(build) ignored
[0.287s] Level 1:colcon.colcon_core.package_identification:_identify(install) by extensions ['ignore', 'ignore_ament_install']
[0.287s] Level 1:colcon.colcon_core.package_identification:_identify(install) by extension 'ignore'
[0.288s] Level 1:colcon.colcon_core.package_identification:_identify(install) ignored
[0.288s] Level 1:colcon.colcon_core.package_identification:_identify(log) by extensions ['ignore', 'ignore_ament_install']
[0.288s] Level 1:colcon.colcon_core.package_identification:_identify(log) by extension 'ignore'
[0.288s] Level 1:colcon.colcon_core.package_identification:_identify(log) ignored
[0.288s] Level 1:colcon.colcon_core.package_identification:_identify(src) by extensions ['ignore', 'ignore_ament_install']
[0.288s] Level 1:colcon.colcon_core.package_identification:_identify(src) by extension 'ignore'
[0.288s] Level 1:colcon.colcon_core.package_identification:_identify(src) by extension 'ignore_ament_install'
[0.288s] Level 1:colcon.colcon_core.package_identification:_identify(src) by extensions ['colcon_pkg']
[0.288s] Level 1:colcon.colcon_core.package_identification:_identify(src) by extension 'colcon_pkg'
[0.288s] Level 1:colcon.colcon_core.package_identification:_identify(src) by extensions ['colcon_meta']
[0.288s] Level 1:colcon.colcon_core.package_identification:_identify(src) by extension 'colcon_meta'
[0.288s] Level 1:colcon.colcon_core.package_identification:_identify(src) by extensions ['ros']
[0.288s] Level 1:colcon.colcon_core.package_identification:_identify(src) by extension 'ros'
[0.288s] Level 1:colcon.colcon_core.package_identification:_identify(src) by extensions ['cmake', 'python']
[0.288s] Level 1:colcon.colcon_core.package_identification:_identify(src) by extension 'cmake'
[0.288s] Level 1:colcon.colcon_core.package_identification:_identify(src) by extension 'python'
[0.288s] Level 1:colcon.colcon_core.package_identification:_identify(src) by extensions ['python_setup_py']
[0.288s] Level 1:colcon.colcon_core.package_identification:_identify(src) by extension 'python_setup_py'
[0.288s] Level 1:colcon.colcon_core.package_identification:_identify(src/my_first_package) by extensions ['ignore', 'ignore_ament_install']
[0.288s] Level 1:colcon.colcon_core.package_identification:_identify(src/my_first_package) by extension 'ignore'
[0.288s] Level 1:colcon.colcon_core.package_identification:_identify(src/my_first_package) by extension 'ignore_ament_install'
[0.289s] Level 1:colcon.colcon_core.package_identification:_identify(src/my_first_package) by extensions ['colcon_pkg']
[0.289s] Level 1:colcon.colcon_core.package_identification:_identify(src/my_first_package) by extension 'colcon_pkg'
[0.289s] Level 1:colcon.colcon_core.package_identification:_identify(src/my_first_package) by extensions ['colcon_meta']
[0.289s] Level 1:colcon.colcon_core.package_identification:_identify(src/my_first_package) by extension 'colcon_meta'
[0.289s] Level 1:colcon.colcon_core.package_identification:_identify(src/my_first_package) by extensions ['ros']
[0.289s] Level 1:colcon.colcon_core.package_identification:_identify(src/my_first_package) by extension 'ros'
[0.302s] DEBUG:colcon.colcon_core.package_identification:Package 'src/my_first_package' with type 'ros.ament_python' and name 'my_first_package'
[0.303s] Level 1:colcon.colcon_core.package_identification:_identify(src/my_first_packgae_msgs) by extensions ['ignore', 'ignore_ament_install']
[0.303s] Level 1:colcon.colcon_core.package_identification:_identify(src/my_first_packgae_msgs) by extension 'ignore'
[0.303s] Level 1:colcon.colcon_core.package_identification:_identify(src/my_first_packgae_msgs) by extension 'ignore_ament_install'
[0.303s] Level 1:colcon.colcon_core.package_identification:_identify(src/my_first_packgae_msgs) by extensions ['colcon_pkg']
[0.303s] Level 1:colcon.colcon_core.package_identification:_identify(src/my_first_packgae_msgs) by extension 'colcon_pkg'
[0.303s] Level 1:colcon.colcon_core.package_identification:_identify(src/my_first_packgae_msgs) by extensions ['colcon_meta']
[0.303s] Level 1:colcon.colcon_core.package_identification:_identify(src/my_first_packgae_msgs) by extension 'colcon_meta'
[0.303s] Level 1:colcon.colcon_core.package_identification:_identify(src/my_first_packgae_msgs) by extensions ['ros']
[0.303s] Level 1:colcon.colcon_core.package_identification:_identify(src/my_first_packgae_msgs) by extension 'ros'
[0.304s] DEBUG:colcon.colcon_core.package_identification:Package 'src/my_first_packgae_msgs' with type 'ros.ament_cmake' and name 'my_first_packgae_msgs'
[0.304s] Level 1:colcon.colcon_core.package_discovery:discover_packages(recursive) using defaults
[0.304s] Level 1:colcon.colcon_core.package_discovery:discover_packages(ignore) discover
[0.304s] Level 1:colcon.colcon_core.package_discovery:discover_packages(ignore) using defaults
[0.304s] Level 1:colcon.colcon_core.package_discovery:discover_packages(path) discover
[0.304s] Level 1:colcon.colcon_core.package_discovery:discover_packages(path) using defaults
[0.322s] Level 1:colcon.colcon_core.package_discovery:discover_packages(prefix_path) check parameters
[0.322s] Level 1:colcon.colcon_core.package_discovery:discover_packages(prefix_path) discover
[0.323s] DEBUG:colcon.colcon_installed_package_information.package_discovery:Found 2 installed packages in /home/tsi/ros2_study/install
[0.325s] DEBUG:colcon.colcon_installed_package_information.package_discovery:Found 363 installed packages in /opt/ros/humble
[0.326s] Level 1:colcon.colcon_core.package_discovery:discover_packages(prefix_path) using defaults
[0.367s] Level 5:colcon.colcon_core.verb:set package 'my_first_package' build argument 'cmake_args' from command line to 'None'
[0.367s] Level 5:colcon.colcon_core.verb:set package 'my_first_package' build argument 'cmake_target' from command line to 'None'
[0.367s] Level 5:colcon.colcon_core.verb:set package 'my_first_package' build argument 'cmake_target_skip_unavailable' from command line to 'False'
[0.367s] Level 5:colcon.colcon_core.verb:set package 'my_first_package' build argument 'cmake_clean_cache' from command line to 'False'
[0.367s] Level 5:colcon.colcon_core.verb:set package 'my_first_package' build argument 'cmake_clean_first' from command line to 'False'
[0.367s] Level 5:colcon.colcon_core.verb:set package 'my_first_package' build argument 'cmake_force_configure' from command line to 'False'
[0.367s] Level 5:colcon.colcon_core.verb:set package 'my_first_package' build argument 'ament_cmake_args' from command line to 'None'
[0.368s] Level 5:colcon.colcon_core.verb:set package 'my_first_package' build argument 'catkin_cmake_args' from command line to 'None'
[0.368s] Level 5:colcon.colcon_core.verb:set package 'my_first_package' build argument 'catkin_skip_building_tests' from command line to 'False'
[0.368s] DEBUG:colcon.colcon_core.verb:Building package 'my_first_package' with the following arguments: {'ament_cmake_args': None, 'build_base': '/home/tsi/ros2_study/build/my_first_package', 'catkin_cmake_args': None, 'catkin_skip_building_tests': False, 'cmake_args': None, 'cmake_clean_cache': False, 'cmake_clean_first': False, 'cmake_force_configure': False, 'cmake_target': None, 'cmake_target_skip_unavailable': False, 'install_base': '/home/tsi/ros2_study/install/my_first_package', 'merge_install': False, 'path': '/home/tsi/ros2_study/src/my_first_package', 'symlink_install': False, 'test_result_base': None}
[0.368s] Level 5:colcon.colcon_core.verb:set package 'my_first_packgae_msgs' build argument 'cmake_args' from command line to 'None'
[0.368s] Level 5:colcon.colcon_core.verb:set package 'my_first_packgae_msgs' build argument 'cmake_target' from command line to 'None'
[0.368s] Level 5:colcon.colcon_core.verb:set package 'my_first_packgae_msgs' build argument 'cmake_target_skip_unavailable' from command line to 'False'
[0.368s] Level 5:colcon.colcon_core.verb:set package 'my_first_packgae_msgs' build argument 'cmake_clean_cache' from command line to 'False'
[0.368s] Level 5:colcon.colcon_core.verb:set package 'my_first_packgae_msgs' build argument 'cmake_clean_first' from command line to 'False'
[0.368s] Level 5:colcon.colcon_core.verb:set package 'my_first_packgae_msgs' build argument 'cmake_force_configure' from command line to 'False'
[0.368s] Level 5:colcon.colcon_core.verb:set package 'my_first_packgae_msgs' build argument 'ament_cmake_args' from command line to 'None'
[0.368s] Level 5:colcon.colcon_core.verb:set package 'my_first_packgae_msgs' build argument 'catkin_cmake_args' from command line to 'None'
[0.368s] Level 5:colcon.colcon_core.verb:set package 'my_first_packgae_msgs' build argument 'catkin_skip_building_tests' from command line to 'False'
[0.368s] DEBUG:colcon.colcon_core.verb:Building package 'my_first_packgae_msgs' with the following arguments: {'ament_cmake_args': None, 'build_base': '/home/tsi/ros2_study/build/my_first_packgae_msgs', 'catkin_cmake_args': None, 'catkin_skip_building_tests': False, 'cmake_args': None, 'cmake_clean_cache': False, 'cmake_clean_first': False, 'cmake_force_configure': False, 'cmake_target': None, 'cmake_target_skip_unavailable': False, 'install_base': '/home/tsi/ros2_study/install/my_first_packgae_msgs', 'merge_install': False, 'path': '/home/tsi/ros2_study/src/my_first_packgae_msgs', 'symlink_install': False, 'test_result_base': None}
[0.368s] INFO:colcon.colcon_core.executor:Executing jobs using 'parallel' executor
[0.369s] DEBUG:colcon.colcon_parallel_executor.executor.parallel:run_until_complete
[0.370s] INFO:colcon.colcon_ros.task.ament_python.build:Building ROS package in '/home/tsi/ros2_study/src/my_first_package' with build type 'ament_python'
[0.370s] Level 1:colcon.colcon_core.shell:create_environment_hook('my_first_package', 'ament_prefix_path')
[0.372s] INFO:colcon.colcon_core.plugin_system:Skipping extension 'colcon_core.shell.bat': Not used on non-Windows systems
[0.372s] INFO:colcon.colcon_core.shell:Creating environment hook '/home/tsi/ros2_study/install/my_first_package/share/my_first_package/hook/ament_prefix_path.ps1'
[0.373s] INFO:colcon.colcon_core.shell:Creating environment descriptor '/home/tsi/ros2_study/install/my_first_package/share/my_first_package/hook/ament_prefix_path.dsv'
[0.373s] INFO:colcon.colcon_core.shell:Creating environment hook '/home/tsi/ros2_study/install/my_first_package/share/my_first_package/hook/ament_prefix_path.sh'
[0.374s] INFO:colcon.colcon_core.shell:Skip shell extension 'powershell' for command environment: Not usable outside of PowerShell
[0.374s] DEBUG:colcon.colcon_core.shell:Skip shell extension 'dsv' for command environment
[0.377s] INFO:colcon.colcon_ros.task.ament_cmake.build:Building ROS package in '/home/tsi/ros2_study/src/my_first_packgae_msgs' with build type 'ament_cmake'
[0.378s] INFO:colcon.colcon_cmake.task.cmake.build:Building CMake package in '/home/tsi/ros2_study/src/my_first_packgae_msgs'
[0.378s] INFO:colcon.colcon_core.shell:Skip shell extension 'powershell' for command environment: Not usable outside of PowerShell
[0.378s] DEBUG:colcon.colcon_core.shell:Skip shell extension 'dsv' for command environment
[0.675s] INFO:colcon.colcon_core.task.python.build:Building Python package in '/home/tsi/ros2_study/src/my_first_package'
[0.676s] INFO:colcon.colcon_core.shell:Skip shell extension 'powershell' for command environment: Not usable outside of PowerShell
[0.676s] DEBUG:colcon.colcon_core.shell:Skip shell extension 'dsv' for command environment
[0.695s] DEBUG:colcon.colcon_core.event_handler.log_command:Invoking command in '/home/tsi/ros2_study/build/my_first_packgae_msgs': CMAKE_PREFIX_PATH=${CMAKE_PREFIX_PATH}:/home/tsi/ros2_study/install/my_first_package:/opt/ros/humble /usr/bin/cmake --build /home/tsi/ros2_study/build/my_first_packgae_msgs -- -j12 -l12
[1.100s] DEBUG:colcon.colcon_core.event_handler.log_command:Invoking command in '/home/tsi/ros2_study/src/my_first_package': PYTHONPATH=/home/tsi/ros2_study/build/my_first_package/prefix_override:/usr/lib/python3/dist-packages/colcon_core/task/python/colcon_distutils_commands:/home/tsi/ros2_study/install/my_first_package/lib/python3.10/site-packages:${PYTHONPATH} /usr/bin/python3 -W ignore:setup.py install is deprecated -W ignore:easy_install command is deprecated setup.py egg_info --egg-base ../../build/my_first_package build --build-base /home/tsi/ros2_study/build/my_first_package/build install --record /home/tsi/ros2_study/build/my_first_package/install.log --single-version-externally-managed install_data
[1.157s] DEBUG:colcon.colcon_core.event_handler.log_command:Invoked command in '/home/tsi/ros2_study/build/my_first_packgae_msgs' returned '0': CMAKE_PREFIX_PATH=${CMAKE_PREFIX_PATH}:/home/tsi/ros2_study/install/my_first_package:/opt/ros/humble /usr/bin/cmake --build /home/tsi/ros2_study/build/my_first_packgae_msgs -- -j12 -l12
[1.175s] DEBUG:colcon.colcon_core.event_handler.log_command:Invoking command in '/home/tsi/ros2_study/build/my_first_packgae_msgs': CMAKE_PREFIX_PATH=${CMAKE_PREFIX_PATH}:/home/tsi/ros2_study/install/my_first_package:/opt/ros/humble /usr/bin/cmake --install /home/tsi/ros2_study/build/my_first_packgae_msgs
[1.252s] Level 1:colcon.colcon_core.environment:create_environment_scripts_only(my_first_packgae_msgs)
[1.253s] DEBUG:colcon.colcon_core.event_handler.log_command:Invoked command in '/home/tsi/ros2_study/build/my_first_packgae_msgs' returned '0': CMAKE_PREFIX_PATH=${CMAKE_PREFIX_PATH}:/home/tsi/ros2_study/install/my_first_package:/opt/ros/humble /usr/bin/cmake --install /home/tsi/ros2_study/build/my_first_packgae_msgs
[1.256s] Level 1:colcon.colcon_core.environment:checking '/home/tsi/ros2_study/install/my_first_packgae_msgs' for CMake module files
[1.257s] Level 1:colcon.colcon_core.environment:checking '/home/tsi/ros2_study/install/my_first_packgae_msgs' for CMake config files
[1.258s] Level 1:colcon.colcon_core.shell:create_environment_hook('my_first_packgae_msgs', 'cmake_prefix_path')
[1.258s] INFO:colcon.colcon_core.shell:Creating environment hook '/home/tsi/ros2_study/install/my_first_packgae_msgs/share/my_first_packgae_msgs/hook/cmake_prefix_path.ps1'
[1.259s] INFO:colcon.colcon_core.shell:Creating environment descriptor '/home/tsi/ros2_study/install/my_first_packgae_msgs/share/my_first_packgae_msgs/hook/cmake_prefix_path.dsv'
[1.259s] INFO:colcon.colcon_core.shell:Creating environment hook '/home/tsi/ros2_study/install/my_first_packgae_msgs/share/my_first_packgae_msgs/hook/cmake_prefix_path.sh'
[1.260s] Level 1:colcon.colcon_core.environment:checking '/home/tsi/ros2_study/install/my_first_packgae_msgs/lib'
[1.261s] Level 1:colcon.colcon_core.shell:create_environment_hook('my_first_packgae_msgs', 'ld_library_path_lib')
[1.261s] INFO:colcon.colcon_core.shell:Creating environment hook '/home/tsi/ros2_study/install/my_first_packgae_msgs/share/my_first_packgae_msgs/hook/ld_library_path_lib.ps1'
[1.261s] INFO:colcon.colcon_core.shell:Creating environment descriptor '/home/tsi/ros2_study/install/my_first_packgae_msgs/share/my_first_packgae_msgs/hook/ld_library_path_lib.dsv'
[1.262s] INFO:colcon.colcon_core.shell:Creating environment hook '/home/tsi/ros2_study/install/my_first_packgae_msgs/share/my_first_packgae_msgs/hook/ld_library_path_lib.sh'
[1.262s] Level 1:colcon.colcon_core.environment:checking '/home/tsi/ros2_study/install/my_first_packgae_msgs/bin'
[1.263s] Level 1:colcon.colcon_core.environment:checking '/home/tsi/ros2_study/install/my_first_packgae_msgs/lib/pkgconfig/my_first_packgae_msgs.pc'
[1.263s] Level 1:colcon.colcon_core.environment:checking '/home/tsi/ros2_study/install/my_first_packgae_msgs/lib/python3.10/site-packages'
[1.263s] Level 1:colcon.colcon_core.environment:checking '/home/tsi/ros2_study/install/my_first_packgae_msgs/bin'
[1.264s] INFO:colcon.colcon_core.shell:Creating package script '/home/tsi/ros2_study/install/my_first_packgae_msgs/share/my_first_packgae_msgs/package.ps1'
[1.265s] INFO:colcon.colcon_core.shell:Creating package descriptor '/home/tsi/ros2_study/install/my_first_packgae_msgs/share/my_first_packgae_msgs/package.dsv'
[1.266s] INFO:colcon.colcon_core.shell:Creating package script '/home/tsi/ros2_study/install/my_first_packgae_msgs/share/my_first_packgae_msgs/package.sh'
[1.267s] INFO:colcon.colcon_core.shell:Creating package script '/home/tsi/ros2_study/install/my_first_packgae_msgs/share/my_first_packgae_msgs/package.bash'
[1.268s] INFO:colcon.colcon_core.shell:Creating package script '/home/tsi/ros2_study/install/my_first_packgae_msgs/share/my_first_packgae_msgs/package.zsh'
[1.269s] Level 1:colcon.colcon_core.environment:create_file_with_runtime_dependencies(/home/tsi/ros2_study/install/my_first_packgae_msgs/share/colcon-core/packages/my_first_packgae_msgs)
[1.270s] Level 1:colcon.colcon_core.environment:create_environment_scripts_only(my_first_packgae_msgs)
[1.270s] Level 1:colcon.colcon_core.environment:checking '/home/tsi/ros2_study/install/my_first_packgae_msgs' for CMake module files
[1.271s] Level 1:colcon.colcon_core.environment:checking '/home/tsi/ros2_study/install/my_first_packgae_msgs' for CMake config files
[1.272s] Level 1:colcon.colcon_core.shell:create_environment_hook('my_first_packgae_msgs', 'cmake_prefix_path')
[1.272s] INFO:colcon.colcon_core.shell:Creating environment hook '/home/tsi/ros2_study/install/my_first_packgae_msgs/share/my_first_packgae_msgs/hook/cmake_prefix_path.ps1'
[1.273s] INFO:colcon.colcon_core.shell:Creating environment descriptor '/home/tsi/ros2_study/install/my_first_packgae_msgs/share/my_first_packgae_msgs/hook/cmake_prefix_path.dsv'
[1.273s] INFO:colcon.colcon_core.shell:Creating environment hook '/home/tsi/ros2_study/install/my_first_packgae_msgs/share/my_first_packgae_msgs/hook/cmake_prefix_path.sh'
[1.274s] Level 1:colcon.colcon_core.environment:checking '/home/tsi/ros2_study/install/my_first_packgae_msgs/lib'
[1.274s] Level 1:colcon.colcon_core.shell:create_environment_hook('my_first_packgae_msgs', 'ld_library_path_lib')
[1.275s] INFO:colcon.colcon_core.shell:Creating environment hook '/home/tsi/ros2_study/install/my_first_packgae_msgs/share/my_first_packgae_msgs/hook/ld_library_path_lib.ps1'
[1.275s] INFO:colcon.colcon_core.shell:Creating environment descriptor '/home/tsi/ros2_study/install/my_first_packgae_msgs/share/my_first_packgae_msgs/hook/ld_library_path_lib.dsv'
[1.276s] INFO:colcon.colcon_core.shell:Creating environment hook '/home/tsi/ros2_study/install/my_first_packgae_msgs/share/my_first_packgae_msgs/hook/ld_library_path_lib.sh'
[1.277s] Level 1:colcon.colcon_core.environment:checking '/home/tsi/ros2_study/install/my_first_packgae_msgs/bin'
[1.277s] Level 1:colcon.colcon_core.environment:checking '/home/tsi/ros2_study/install/my_first_packgae_msgs/lib/pkgconfig/my_first_packgae_msgs.pc'
[1.277s] Level 1:colcon.colcon_core.environment:checking '/home/tsi/ros2_study/install/my_first_packgae_msgs/lib/python3.10/site-packages'
[1.277s] Level 1:colcon.colcon_core.environment:checking '/home/tsi/ros2_study/install/my_first_packgae_msgs/bin'
[1.278s] INFO:colcon.colcon_core.shell:Creating package script '/home/tsi/ros2_study/install/my_first_packgae_msgs/share/my_first_packgae_msgs/package.ps1'
[1.279s] INFO:colcon.colcon_core.shell:Creating package descriptor '/home/tsi/ros2_study/install/my_first_packgae_msgs/share/my_first_packgae_msgs/package.dsv'
[1.279s] INFO:colcon.colcon_core.shell:Creating package script '/home/tsi/ros2_study/install/my_first_packgae_msgs/share/my_first_packgae_msgs/package.sh'
[1.280s] INFO:colcon.colcon_core.shell:Creating package script '/home/tsi/ros2_study/install/my_first_packgae_msgs/share/my_first_packgae_msgs/package.bash'
[1.281s] INFO:colcon.colcon_core.shell:Creating package script '/home/tsi/ros2_study/install/my_first_packgae_msgs/share/my_first_packgae_msgs/package.zsh'
[1.281s] Level 1:colcon.colcon_core.environment:create_file_with_runtime_dependencies(/home/tsi/ros2_study/install/my_first_packgae_msgs/share/colcon-core/packages/my_first_packgae_msgs)
[1.449s] Level 1:colcon.colcon_core.environment:checking '/home/tsi/ros2_study/install/my_first_package' for CMake module files
[1.450s] DEBUG:colcon.colcon_core.event_handler.log_command:Invoked command in '/home/tsi/ros2_study/src/my_first_package' returned '0': PYTHONPATH=/home/tsi/ros2_study/build/my_first_package/prefix_override:/usr/lib/python3/dist-packages/colcon_core/task/python/colcon_distutils_commands:/home/tsi/ros2_study/install/my_first_package/lib/python3.10/site-packages:${PYTHONPATH} /usr/bin/python3 -W ignore:setup.py install is deprecated -W ignore:easy_install command is deprecated setup.py egg_info --egg-base ../../build/my_first_package build --build-base /home/tsi/ros2_study/build/my_first_package/build install --record /home/tsi/ros2_study/build/my_first_package/install.log --single-version-externally-managed install_data
[1.451s] Level 1:colcon.colcon_core.environment:checking '/home/tsi/ros2_study/install/my_first_package' for CMake config files
[1.451s] Level 1:colcon.colcon_core.environment:checking '/home/tsi/ros2_study/install/my_first_package/lib'
[1.452s] Level 1:colcon.colcon_core.environment:checking '/home/tsi/ros2_study/install/my_first_package/bin'
[1.452s] Level 1:colcon.colcon_core.environment:checking '/home/tsi/ros2_study/install/my_first_package/lib/pkgconfig/my_first_package.pc'
[1.452s] Level 1:colcon.colcon_core.environment:checking '/home/tsi/ros2_study/install/my_first_package/lib/python3.10/site-packages'
[1.452s] Level 1:colcon.colcon_core.shell:create_environment_hook('my_first_package', 'pythonpath')
[1.453s] INFO:colcon.colcon_core.shell:Creating environment hook '/home/tsi/ros2_study/install/my_first_package/share/my_first_package/hook/pythonpath.ps1'
[1.453s] INFO:colcon.colcon_core.shell:Creating environment descriptor '/home/tsi/ros2_study/install/my_first_package/share/my_first_package/hook/pythonpath.dsv'
[1.454s] INFO:colcon.colcon_core.shell:Creating environment hook '/home/tsi/ros2_study/install/my_first_package/share/my_first_package/hook/pythonpath.sh'
[1.454s] Level 1:colcon.colcon_core.environment:checking '/home/tsi/ros2_study/install/my_first_package/bin'
[1.455s] Level 1:colcon.colcon_core.environment:create_environment_scripts_only(my_first_package)
[1.455s] INFO:colcon.colcon_core.shell:Creating package script '/home/tsi/ros2_study/install/my_first_package/share/my_first_package/package.ps1'
[1.456s] INFO:colcon.colcon_core.shell:Creating package descriptor '/home/tsi/ros2_study/install/my_first_package/share/my_first_package/package.dsv'
[1.456s] INFO:colcon.colcon_core.shell:Creating package script '/home/tsi/ros2_study/install/my_first_package/share/my_first_package/package.sh'
[1.457s] INFO:colcon.colcon_core.shell:Creating package script '/home/tsi/ros2_study/install/my_first_package/share/my_first_package/package.bash'
[1.457s] INFO:colcon.colcon_core.shell:Creating package script '/home/tsi/ros2_study/install/my_first_package/share/my_first_package/package.zsh'
[1.458s] Level 1:colcon.colcon_core.environment:create_file_with_runtime_dependencies(/home/tsi/ros2_study/install/my_first_package/share/colcon-core/packages/my_first_package)
[1.458s] DEBUG:colcon.colcon_parallel_executor.executor.parallel:closing loop
[1.459s] DEBUG:colcon.colcon_parallel_executor.executor.parallel:loop closed
[1.459s] DEBUG:colcon.colcon_parallel_executor.executor.parallel:run_until_complete finished with '0'
[1.459s] DEBUG:colcon.colcon_core.event_reactor:joining thread
[1.464s] INFO:colcon.colcon_core.plugin_system:Skipping extension 'colcon_notification.desktop_notification.terminal_notifier': Not used on non-Darwin systems
[1.464s] INFO:colcon.colcon_core.plugin_system:Skipping extension 'colcon_notification.desktop_notification.win32': Not used on non-Windows systems
[1.464s] INFO:colcon.colcon_notification.desktop_notification:Sending desktop notification using 'notify2'
[1.478s] DEBUG:colcon.colcon_core.event_reactor:joined thread
[1.478s] INFO:colcon.colcon_core.shell:Creating prefix script '/home/tsi/ros2_study/install/local_setup.ps1'
[1.480s] INFO:colcon.colcon_core.shell:Creating prefix util module '/home/tsi/ros2_study/install/_local_setup_util_ps1.py'
[1.481s] INFO:colcon.colcon_core.shell:Creating prefix chain script '/home/tsi/ros2_study/install/setup.ps1'
[1.482s] INFO:colcon.colcon_core.shell:Creating prefix script '/home/tsi/ros2_study/install/local_setup.sh'
[1.482s] INFO:colcon.colcon_core.shell:Creating prefix util module '/home/tsi/ros2_study/install/_local_setup_util_sh.py'
[1.483s] INFO:colcon.colcon_core.shell:Creating prefix chain script '/home/tsi/ros2_study/install/setup.sh'
[1.484s] INFO:colcon.colcon_core.shell:Creating prefix script '/home/tsi/ros2_study/install/local_setup.bash'
[1.485s] INFO:colcon.colcon_core.shell:Creating prefix chain script '/home/tsi/ros2_study/install/setup.bash'
[1.485s] INFO:colcon.colcon_core.shell:Creating prefix script '/home/tsi/ros2_study/install/local_setup.zsh'
[1.486s] INFO:colcon.colcon_core.shell:Creating prefix chain script '/home/tsi/ros2_study/install/setup.zsh'
