[0.682s] Invoking command in '/home/tsi/ros2_study/src/my_first_package': PYTHONPATH=/home/tsi/ros2_study/build/my_first_package/prefix_override:/usr/lib/python3/dist-packages/colcon_core/task/python/colcon_distutils_commands:/home/tsi/ros2_study/install/my_first_package/lib/python3.10/site-packages:${PYTHONPATH} /usr/bin/python3 -W ignore:setup.py install is deprecated -W ignore:easy_install command is deprecated setup.py egg_info --egg-base ../../build/my_first_package build --build-base /home/tsi/ros2_study/build/my_first_package/build install --record /home/tsi/ros2_study/build/my_first_package/install.log --single-version-externally-managed install_data
[0.914s] running egg_info
[0.914s] creating ../../build/my_first_package/my_first_package.egg-info
[0.914s] writing ../../build/my_first_package/my_first_package.egg-info/PKG-INFO
[0.915s] writing dependency_links to ../../build/my_first_package/my_first_package.egg-info/dependency_links.txt
[0.915s] writing entry points to ../../build/my_first_package/my_first_package.egg-info/entry_points.txt
[0.915s] writing requirements to ../../build/my_first_package/my_first_package.egg-info/requires.txt
[0.915s] writing top-level names to ../../build/my_first_package/my_first_package.egg-info/top_level.txt
[0.915s] writing manifest file '../../build/my_first_package/my_first_package.egg-info/SOURCES.txt'
[0.916s] reading manifest file '../../build/my_first_package/my_first_package.egg-info/SOURCES.txt'
[0.917s] writing manifest file '../../build/my_first_package/my_first_package.egg-info/SOURCES.txt'
[0.917s] running build
[0.917s] running build_py
[0.918s] creating /home/tsi/ros2_study/build/my_first_package/build
[0.918s] creating /home/tsi/ros2_study/build/my_first_package/build/lib
[0.918s] creating /home/tsi/ros2_study/build/my_first_package/build/lib/my_first_package
[0.918s] copying my_first_package/my_subscriber.py -> /home/tsi/ros2_study/build/my_first_package/build/lib/my_first_package
[0.918s] copying my_first_package/__init__.py -> /home/tsi/ros2_study/build/my_first_package/build/lib/my_first_package
[0.918s] copying my_first_package/my_publisher.py -> /home/tsi/ros2_study/build/my_first_package/build/lib/my_first_package
[0.918s] copying my_first_package/my_first_node.py -> /home/tsi/ros2_study/build/my_first_package/build/lib/my_first_package
[0.918s] copying my_first_package/turtle_cmd_and_pose.py -> /home/tsi/ros2_study/build/my_first_package/build/lib/my_first_package
[0.919s] running install
[0.919s] running install_lib
[0.919s] creating /home/tsi/ros2_study/install/my_first_package/lib/python3.10/site-packages/my_first_package
[0.919s] copying /home/tsi/ros2_study/build/my_first_package/build/lib/my_first_package/my_subscriber.py -> /home/tsi/ros2_study/install/my_first_package/lib/python3.10/site-packages/my_first_package
[0.919s] copying /home/tsi/ros2_study/build/my_first_package/build/lib/my_first_package/__init__.py -> /home/tsi/ros2_study/install/my_first_package/lib/python3.10/site-packages/my_first_package
[0.919s] copying /home/tsi/ros2_study/build/my_first_package/build/lib/my_first_package/my_publisher.py -> /home/tsi/ros2_study/install/my_first_package/lib/python3.10/site-packages/my_first_package
[0.920s] copying /home/tsi/ros2_study/build/my_first_package/build/lib/my_first_package/my_first_node.py -> /home/tsi/ros2_study/install/my_first_package/lib/python3.10/site-packages/my_first_package
[0.920s] copying /home/tsi/ros2_study/build/my_first_package/build/lib/my_first_package/turtle_cmd_and_pose.py -> /home/tsi/ros2_study/install/my_first_package/lib/python3.10/site-packages/my_first_package
[0.920s] byte-compiling /home/tsi/ros2_study/install/my_first_package/lib/python3.10/site-packages/my_first_package/my_subscriber.py to my_subscriber.cpython-310.pyc
[0.920s] byte-compiling /home/tsi/ros2_study/install/my_first_package/lib/python3.10/site-packages/my_first_package/__init__.py to __init__.cpython-310.pyc
[0.920s] byte-compiling /home/tsi/ros2_study/install/my_first_package/lib/python3.10/site-packages/my_first_package/my_publisher.py to my_publisher.cpython-310.pyc
[0.921s] byte-compiling /home/tsi/ros2_study/install/my_first_package/lib/python3.10/site-packages/my_first_package/my_first_node.py to my_first_node.cpython-310.pyc
[0.921s] byte-compiling /home/tsi/ros2_study/install/my_first_package/lib/python3.10/site-packages/my_first_package/turtle_cmd_and_pose.py to turtle_cmd_and_pose.cpython-310.pyc
[0.921s] running install_data
[0.921s] creating /home/tsi/ros2_study/install/my_first_package/share/ament_index
[0.921s] creating /home/tsi/ros2_study/install/my_first_package/share/ament_index/resource_index
[0.922s] creating /home/tsi/ros2_study/install/my_first_package/share/ament_index/resource_index/packages
[0.922s] copying resource/my_first_package -> /home/tsi/ros2_study/install/my_first_package/share/ament_index/resource_index/packages
[0.922s] copying package.xml -> /home/tsi/ros2_study/install/my_first_package/share/my_first_package
[0.922s] running install_egg_info
[0.923s] Copying ../../build/my_first_package/my_first_package.egg-info to /home/tsi/ros2_study/install/my_first_package/lib/python3.10/site-packages/my_first_package-0.0.0-py3.10.egg-info
[0.924s] running install_scripts
[0.945s] Installing my_first_node script to /home/tsi/ros2_study/install/my_first_package/lib/my_first_package
[0.945s] Installing my_publisher script to /home/tsi/ros2_study/install/my_first_package/lib/my_first_package
[0.945s] Installing my_subscriber script to /home/tsi/ros2_study/install/my_first_package/lib/my_first_package
[0.945s] Installing turtle_cmd_and_pose script to /home/tsi/ros2_study/install/my_first_package/lib/my_first_package
[0.945s] writing list of installed files to '/home/tsi/ros2_study/build/my_first_package/install.log'
[0.974s] Invoked command in '/home/tsi/ros2_study/src/my_first_package' returned '0': PYTHONPATH=/home/tsi/ros2_study/build/my_first_package/prefix_override:/usr/lib/python3/dist-packages/colcon_core/task/python/colcon_distutils_commands:/home/tsi/ros2_study/install/my_first_package/lib/python3.10/site-packages:${PYTHONPATH} /usr/bin/python3 -W ignore:setup.py install is deprecated -W ignore:easy_install command is deprecated setup.py egg_info --egg-base ../../build/my_first_package build --build-base /home/tsi/ros2_study/build/my_first_package/build install --record /home/tsi/ros2_study/build/my_first_package/install.log --single-version-externally-managed install_data
